27/02/2009 15:12:50 Slazher tira oro. Cercanos: Slazher,
05/03/2009 16:06:22 05/03/2009 Fx paso a nivel 41 gano HP: 4
06/08/2009 11:01:16 p.m. 06/08/2009 Hardoz paso a nivel 2 gano HP: 10
06/08/2009 11:01:23 p.m. 06/08/2009 Hardoz paso a nivel 3 gano HP: 7
06/08/2009 11:01:23 p.m. 06/08/2009 Hardoz paso a nivel 4 gano HP: 9
06/08/2009 11:01:23 p.m. 06/08/2009 Hardoz paso a nivel 5 gano HP: 11
06/08/2009 11:01:23 p.m. 06/08/2009 Hardoz paso a nivel 6 gano HP: 10
06/08/2009 11:01:23 p.m. 06/08/2009 Hardoz paso a nivel 7 gano HP: 10
06/08/2009 11:01:23 p.m. 06/08/2009 Hardoz paso a nivel 8 gano HP: 11
06/08/2009 11:01:23 p.m. 06/08/2009 Hardoz paso a nivel 9 gano HP: 8
06/08/2009 11:01:23 p.m. 06/08/2009 Hardoz paso a nivel 10 gano HP: 9
06/08/2009 11:01:23 p.m. 06/08/2009 Hardoz paso a nivel 11 gano HP: 11
06/08/2009 11:01:23 p.m. 06/08/2009 Hardoz paso a nivel 12 gano HP: 10
06/08/2009 11:01:23 p.m. 06/08/2009 Hardoz paso a nivel 13 gano HP: 11
06/08/2009 11:01:23 p.m. 06/08/2009 Hardoz paso a nivel 14 gano HP: 8
06/08/2009 11:01:23 p.m. 06/08/2009 Hardoz paso a nivel 15 gano HP: 8
06/08/2009 11:01:23 p.m. 06/08/2009 Hardoz paso a nivel 16 gano HP: 11
06/08/2009 11:01:23 p.m. 06/08/2009 Hardoz paso a nivel 17 gano HP: 11
06/08/2009 11:01:23 p.m. 06/08/2009 Hardoz paso a nivel 18 gano HP: 9
06/08/2009 11:01:23 p.m. 06/08/2009 Hardoz paso a nivel 19 gano HP: 7
06/08/2009 11:01:23 p.m. 06/08/2009 Hardoz paso a nivel 20 gano HP: 7
06/08/2009 11:01:23 p.m. 06/08/2009 Hardoz paso a nivel 21 gano HP: 8
06/08/2009 11:01:23 p.m. 06/08/2009 Hardoz paso a nivel 22 gano HP: 7
28/05/2010 22:15:15 28/05/2010 SAMKE paso a nivel 2 gano HP: 5
28/05/2010 22:15:19 28/05/2010 SAMKE paso a nivel 3 gano HP: 7
28/05/2010 22:15:19 28/05/2010 SAMKE paso a nivel 4 gano HP: 7
28/05/2010 22:15:19 28/05/2010 SAMKE paso a nivel 5 gano HP: 6
28/05/2010 22:15:19 28/05/2010 SAMKE paso a nivel 6 gano HP: 5
28/05/2010 22:15:19 28/05/2010 SAMKE paso a nivel 7 gano HP: 7
28/05/2010 22:15:19 28/05/2010 SAMKE paso a nivel 8 gano HP: 4
28/05/2010 22:15:19 28/05/2010 SAMKE paso a nivel 9 gano HP: 4
28/05/2010 22:15:19 28/05/2010 SAMKE paso a nivel 10 gano HP: 6
28/05/2010 22:15:19 28/05/2010 SAMKE paso a nivel 11 gano HP: 4
28/05/2010 22:15:19 28/05/2010 SAMKE paso a nivel 12 gano HP: 5
28/05/2010 22:15:19 28/05/2010 SAMKE paso a nivel 13 gano HP: 4
28/05/2010 22:15:19 28/05/2010 SAMKE paso a nivel 14 gano HP: 5
28/05/2010 22:15:23 28/05/2010 SAMKE paso a nivel 15 gano HP: 6
28/05/2010 22:15:26 28/05/2010 SAMKE paso a nivel 16 gano HP: 7
28/05/2010 22:15:26 28/05/2010 SAMKE paso a nivel 17 gano HP: 8
28/05/2010 22:15:29 28/05/2010 SAMKE paso a nivel 18 gano HP: 4
28/05/2010 22:15:33 28/05/2010 SAMKE paso a nivel 19 gano HP: 6
28/05/2010 22:15:33 28/05/2010 SAMKE paso a nivel 20 gano HP: 5
28/05/2010 22:15:33 28/05/2010 SAMKE paso a nivel 21 gano HP: 6
28/05/2010 22:15:33 28/05/2010 SAMKE paso a nivel 22 gano HP: 4
28/05/2010 22:15:33 28/05/2010 SAMKE paso a nivel 23 gano HP: 5
28/05/2010 22:15:33 28/05/2010 SAMKE paso a nivel 24 gano HP: 5
28/05/2010 22:15:33 28/05/2010 SAMKE paso a nivel 25 gano HP: 7
28/05/2010 22:15:33 28/05/2010 SAMKE paso a nivel 26 gano HP: 7
28/05/2010 22:15:33 28/05/2010 SAMKE paso a nivel 27 gano HP: 7
28/05/2010 22:15:33 28/05/2010 SAMKE paso a nivel 28 gano HP: 7
28/05/2010 22:15:33 28/05/2010 SAMKE paso a nivel 29 gano HP: 4
28/05/2010 22:15:33 28/05/2010 SAMKE paso a nivel 30 gano HP: 5
28/05/2010 22:15:33 28/05/2010 SAMKE paso a nivel 31 gano HP: 5
28/05/2010 22:15:33 28/05/2010 SAMKE paso a nivel 32 gano HP: 8
28/05/2010 22:15:36 28/05/2010 SAMKE paso a nivel 33 gano HP: 4
29/05/2010 14:19:05 29/05/2010 SAMKE paso a nivel 34 gano HP: 7
29/05/2010 14:19:12 29/05/2010 SAMKE paso a nivel 35 gano HP: 5
29/05/2010 14:19:16 29/05/2010 SAMKE paso a nivel 36 gano HP: 5
29/05/2010 14:19:16 29/05/2010 SAMKE paso a nivel 37 gano HP: 8
29/05/2010 14:19:19 29/05/2010 SAMKE paso a nivel 38 gano HP: 4
29/05/2010 14:19:19 29/05/2010 SAMKE paso a nivel 39 gano HP: 6
29/05/2010 14:19:23 29/05/2010 SAMKE paso a nivel 40 gano HP: 6
29/05/2010 14:19:23 29/05/2010 SAMKE paso a nivel 41 gano HP: 4
30/05/2010 21:54:22 30/05/2010 SAMKE paso a nivel 42 gano HP: 4
30/05/2010 21:54:53 30/05/2010 SAMKE paso a nivel 43 gano HP: 6
30/05/2010 21:54:58 30/05/2010 SAMKE paso a nivel 44 gano HP: 7
30/05/2010 21:55:14 30/05/2010 SAMKE paso a nivel 45 gano HP: 7
01/06/2010 22:48:00 01/06/2010 MONTUS paso a nivel 2 gano HP: 7
01/06/2010 23:01:44 01/06/2010 MONTUS paso a nivel 3 gano HP: 9
01/06/2010 23:01:44 01/06/2010 MONTUS paso a nivel 4 gano HP: 6
01/06/2010 23:01:44 01/06/2010 MONTUS paso a nivel 5 gano HP: 9
01/06/2010 23:01:44 01/06/2010 MONTUS paso a nivel 6 gano HP: 7
01/06/2010 23:01:44 01/06/2010 MONTUS paso a nivel 7 gano HP: 8
01/06/2010 23:01:44 01/06/2010 MONTUS paso a nivel 8 gano HP: 10
01/06/2010 23:01:44 01/06/2010 MONTUS paso a nivel 9 gano HP: 8
01/06/2010 23:01:44 01/06/2010 MONTUS paso a nivel 10 gano HP: 8
01/06/2010 23:01:44 01/06/2010 MONTUS paso a nivel 11 gano HP: 8
01/06/2010 23:01:44 01/06/2010 MONTUS paso a nivel 12 gano HP: 10
01/06/2010 23:01:44 01/06/2010 MONTUS paso a nivel 13 gano HP: 10
01/06/2010 23:01:44 01/06/2010 MONTUS paso a nivel 14 gano HP: 7
01/06/2010 23:01:44 01/06/2010 MONTUS paso a nivel 15 gano HP: 10
01/06/2010 23:01:44 01/06/2010 MONTUS paso a nivel 16 gano HP: 6
01/06/2010 23:01:44 01/06/2010 MONTUS paso a nivel 17 gano HP: 7
01/06/2010 23:01:44 01/06/2010 MONTUS paso a nivel 18 gano HP: 7
01/06/2010 23:01:44 01/06/2010 MONTUS paso a nivel 19 gano HP: 8
01/06/2010 23:01:44 01/06/2010 MONTUS paso a nivel 20 gano HP: 9
01/06/2010 23:01:44 01/06/2010 MONTUS paso a nivel 21 gano HP: 9
01/06/2010 23:01:44 01/06/2010 MONTUS paso a nivel 22 gano HP: 7
01/06/2010 23:01:44 01/06/2010 MONTUS paso a nivel 23 gano HP: 7
01/06/2010 23:01:44 01/06/2010 MONTUS paso a nivel 24 gano HP: 8
01/06/2010 23:01:44 01/06/2010 MONTUS paso a nivel 25 gano HP: 10
01/06/2010 23:01:44 01/06/2010 MONTUS paso a nivel 26 gano HP: 8
01/06/2010 23:01:44 01/06/2010 MONTUS paso a nivel 27 gano HP: 6
01/06/2010 23:01:44 01/06/2010 MONTUS paso a nivel 28 gano HP: 7
01/06/2010 23:01:44 01/06/2010 MONTUS paso a nivel 29 gano HP: 6
01/06/2010 23:01:44 01/06/2010 MONTUS paso a nivel 30 gano HP: 6
01/06/2010 23:01:44 01/06/2010 MONTUS paso a nivel 31 gano HP: 8
01/06/2010 23:01:44 01/06/2010 MONTUS paso a nivel 32 gano HP: 9
04/06/2010 1:51:10 04/06/2010 SAMKE paso a nivel 2 gano HP: 7
04/06/2010 1:51:13 04/06/2010 SAMKE paso a nivel 3 gano HP: 10
04/06/2010 1:51:13 04/06/2010 SAMKE paso a nivel 4 gano HP: 10
04/06/2010 1:51:13 04/06/2010 SAMKE paso a nivel 5 gano HP: 7
04/06/2010 1:51:13 04/06/2010 SAMKE paso a nivel 6 gano HP: 6
04/06/2010 1:51:13 04/06/2010 SAMKE paso a nivel 7 gano HP: 8
04/06/2010 1:51:13 04/06/2010 SAMKE paso a nivel 8 gano HP: 7
04/06/2010 1:51:13 04/06/2010 SAMKE paso a nivel 9 gano HP: 8
04/06/2010 1:51:13 04/06/2010 SAMKE paso a nivel 10 gano HP: 9
04/06/2010 1:51:13 04/06/2010 SAMKE paso a nivel 11 gano HP: 8
04/06/2010 1:51:13 04/06/2010 SAMKE paso a nivel 12 gano HP: 10
04/06/2010 1:51:13 04/06/2010 SAMKE paso a nivel 13 gano HP: 6
04/06/2010 1:51:13 04/06/2010 SAMKE paso a nivel 14 gano HP: 6
04/06/2010 1:51:13 04/06/2010 SAMKE paso a nivel 15 gano HP: 8
04/06/2010 1:51:13 04/06/2010 SAMKE paso a nivel 16 gano HP: 8
04/06/2010 1:51:13 04/06/2010 SAMKE paso a nivel 17 gano HP: 8
04/06/2010 1:51:13 04/06/2010 SAMKE paso a nivel 18 gano HP: 6
04/06/2010 1:51:13 04/06/2010 SAMKE paso a nivel 19 gano HP: 9
04/06/2010 1:51:13 04/06/2010 SAMKE paso a nivel 20 gano HP: 7
04/06/2010 1:51:13 04/06/2010 SAMKE paso a nivel 21 gano HP: 8
04/06/2010 1:51:13 04/06/2010 SAMKE paso a nivel 22 gano HP: 7
04/06/2010 1:51:16 04/06/2010 SAMKE paso a nivel 23 gano HP: 6
04/06/2010 1:51:16 04/06/2010 SAMKE paso a nivel 24 gano HP: 7
04/06/2010 1:51:16 04/06/2010 SAMKE paso a nivel 25 gano HP: 6
04/06/2010 1:51:16 04/06/2010 SAMKE paso a nivel 26 gano HP: 9
04/06/2010 1:51:16 04/06/2010 SAMKE paso a nivel 27 gano HP: 8
04/06/2010 1:51:16 04/06/2010 SAMKE paso a nivel 28 gano HP: 9
04/06/2010 1:51:16 04/06/2010 SAMKE paso a nivel 29 gano HP: 8
04/06/2010 1:51:16 04/06/2010 SAMKE paso a nivel 30 gano HP: 8
04/06/2010 1:51:16 04/06/2010 SAMKE paso a nivel 31 gano HP: 6
04/06/2010 1:51:16 04/06/2010 SAMKE paso a nivel 32 gano HP: 7
04/06/2010 1:51:16 04/06/2010 SAMKE paso a nivel 33 gano HP: 8
06/06/2010 20:40:00 06/06/2010 SAMKE paso a nivel 34 gano HP: 10
06/06/2010 20:40:06 06/06/2010 SAMKE paso a nivel 35 gano HP: 7
06/06/2010 20:40:06 06/06/2010 SAMKE paso a nivel 36 gano HP: 9
06/06/2010 20:40:06 06/06/2010 SAMKE paso a nivel 37 gano HP: 8
12/06/2010 10:48:30 SAMKE tira oro. Cercanos: SAMKE,
13/06/2010 17:21:11 13/06/2010 TESTER paso a nivel 2 gano HP: 7
13/06/2010 17:21:18 13/06/2010 TESTER paso a nivel 3 gano HP: 9
13/06/2010 17:21:26 13/06/2010 TESTER paso a nivel 4 gano HP: 6
13/06/2010 17:21:29 13/06/2010 TESTER paso a nivel 5 gano HP: 8
13/06/2010 17:21:29 13/06/2010 TESTER paso a nivel 6 gano HP: 10
13/06/2010 17:21:29 13/06/2010 TESTER paso a nivel 7 gano HP: 8
13/06/2010 17:21:29 13/06/2010 TESTER paso a nivel 8 gano HP: 9
13/06/2010 17:21:34 13/06/2010 TESTER paso a nivel 9 gano HP: 6
13/06/2010 17:21:37 13/06/2010 TESTER paso a nivel 10 gano HP: 6
13/06/2010 17:21:37 13/06/2010 TESTER paso a nivel 11 gano HP: 9
13/06/2010 17:21:37 13/06/2010 TESTER paso a nivel 12 gano HP: 7
13/06/2010 17:21:37 13/06/2010 TESTER paso a nivel 13 gano HP: 9
13/06/2010 17:21:37 13/06/2010 TESTER paso a nivel 14 gano HP: 7
13/06/2010 17:21:37 13/06/2010 TESTER paso a nivel 15 gano HP: 8
13/06/2010 17:21:37 13/06/2010 TESTER paso a nivel 16 gano HP: 9
13/06/2010 17:21:37 13/06/2010 TESTER paso a nivel 17 gano HP: 10
13/06/2010 17:21:37 13/06/2010 TESTER paso a nivel 18 gano HP: 9
13/06/2010 17:21:37 13/06/2010 TESTER paso a nivel 19 gano HP: 7
13/06/2010 17:21:37 13/06/2010 TESTER paso a nivel 20 gano HP: 7
13/06/2010 17:21:37 13/06/2010 TESTER paso a nivel 21 gano HP: 7
13/06/2010 17:21:37 13/06/2010 TESTER paso a nivel 22 gano HP: 7
13/06/2010 17:22:42 13/06/2010 TESTER paso a nivel 23 gano HP: 7
13/06/2010 17:22:49 13/06/2010 TESTER paso a nivel 24 gano HP: 10
13/06/2010 17:23:07 13/06/2010 TESTER paso a nivel 25 gano HP: 10
12/07/2012 09:44:50 p.m. 12/07/2012 DIOS paso a nivel 2 gano HP: 8
12/07/2012 09:44:55 p.m. 12/07/2012 DIOS paso a nivel 3 gano HP: 6
12/07/2012 09:45:28 p.m. 12/07/2012 DIOS paso a nivel 4 gano HP: 7
12/07/2012 09:46:31 p.m. 12/07/2012 DIOS paso a nivel 5 gano HP: 8
12/07/2012 09:46:53 p.m. 12/07/2012 DIOS paso a nivel 6 gano HP: 5
12/07/2012 09:46:53 p.m. 12/07/2012 DIOS paso a nivel 7 gano HP: 8
12/07/2012 09:46:53 p.m. 12/07/2012 DIOS paso a nivel 8 gano HP: 9
12/07/2012 09:50:09 p.m. 12/07/2012 DIOS paso a nivel 9 gano HP: 10
12/07/2012 09:50:56 p.m. 12/07/2012 DIOS paso a nivel 10 gano HP: 8
12/07/2012 09:51:08 p.m. 12/07/2012 DIOS paso a nivel 11 gano HP: 6
12/07/2012 09:51:21 p.m. 12/07/2012 DIOS paso a nivel 12 gano HP: 7
12/07/2012 09:52:10 p.m. 12/07/2012 DIOS paso a nivel 13 gano HP: 6
12/07/2012 09:54:33 p.m. 12/07/2012 DIOS paso a nivel 14 gano HP: 8
12/07/2012 09:54:48 p.m. 12/07/2012 DIOS paso a nivel 15 gano HP: 6
12/07/2012 09:55:03 p.m. 12/07/2012 DIOS paso a nivel 16 gano HP: 7
12/07/2012 09:55:15 p.m. 12/07/2012 DIOS paso a nivel 17 gano HP: 7
12/07/2012 09:55:28 p.m. 12/07/2012 DIOS paso a nivel 18 gano HP: 8
12/07/2012 09:57:31 p.m. 12/07/2012 DIOS paso a nivel 19 gano HP: 6
14/07/2012 01:50:17 p.m. 14/07/2012 DIOS paso a nivel 20 gano HP: 6
14/07/2012 01:50:22 p.m. 14/07/2012 DIOS paso a nivel 21 gano HP: 9
14/07/2012 01:50:22 p.m. 14/07/2012 DIOS paso a nivel 22 gano HP: 6
14/07/2012 01:50:22 p.m. 14/07/2012 DIOS paso a nivel 23 gano HP: 10
14/07/2012 01:50:22 p.m. 14/07/2012 DIOS paso a nivel 24 gano HP: 6
14/07/2012 01:50:22 p.m. 14/07/2012 DIOS paso a nivel 25 gano HP: 6
14/07/2012 01:50:22 p.m. 14/07/2012 DIOS paso a nivel 26 gano HP: 6
14/07/2012 01:50:22 p.m. 14/07/2012 DIOS paso a nivel 27 gano HP: 7
14/07/2012 01:50:22 p.m. 14/07/2012 DIOS paso a nivel 28 gano HP: 9
14/07/2012 01:50:22 p.m. 14/07/2012 DIOS paso a nivel 29 gano HP: 9
14/07/2012 01:50:22 p.m. 14/07/2012 DIOS paso a nivel 30 gano HP: 6
14/07/2012 01:50:22 p.m. 14/07/2012 DIOS paso a nivel 31 gano HP: 6
14/07/2012 01:50:22 p.m. 14/07/2012 DIOS paso a nivel 32 gano HP: 7
14/07/2012 03:59:25 p.m. 14/07/2012 NACEIL paso a nivel 2 gano HP: 6
14/07/2012 03:59:30 p.m. 14/07/2012 NACEIL paso a nivel 3 gano HP: 8
14/07/2012 03:59:30 p.m. 14/07/2012 NACEIL paso a nivel 4 gano HP: 9
14/07/2012 03:59:30 p.m. 14/07/2012 NACEIL paso a nivel 5 gano HP: 8
14/07/2012 03:59:30 p.m. 14/07/2012 NACEIL paso a nivel 6 gano HP: 6
14/07/2012 03:59:30 p.m. 14/07/2012 NACEIL paso a nivel 7 gano HP: 7
14/07/2012 03:59:30 p.m. 14/07/2012 NACEIL paso a nivel 8 gano HP: 7
14/07/2012 03:59:30 p.m. 14/07/2012 NACEIL paso a nivel 9 gano HP: 7
14/07/2012 03:59:30 p.m. 14/07/2012 NACEIL paso a nivel 10 gano HP: 9
14/07/2012 03:59:30 p.m. 14/07/2012 NACEIL paso a nivel 11 gano HP: 6
14/07/2012 03:59:30 p.m. 14/07/2012 NACEIL paso a nivel 12 gano HP: 6
14/07/2012 03:59:30 p.m. 14/07/2012 NACEIL paso a nivel 13 gano HP: 7
14/07/2012 03:59:30 p.m. 14/07/2012 NACEIL paso a nivel 14 gano HP: 10
14/07/2012 03:59:30 p.m. 14/07/2012 NACEIL paso a nivel 15 gano HP: 6
14/07/2012 03:59:30 p.m. 14/07/2012 NACEIL paso a nivel 16 gano HP: 6
14/07/2012 03:59:30 p.m. 14/07/2012 NACEIL paso a nivel 17 gano HP: 8
14/07/2012 03:59:30 p.m. 14/07/2012 NACEIL paso a nivel 18 gano HP: 8
14/07/2012 03:59:30 p.m. 14/07/2012 NACEIL paso a nivel 19 gano HP: 8
14/07/2012 03:59:30 p.m. 14/07/2012 NACEIL paso a nivel 20 gano HP: 8
14/07/2012 03:59:30 p.m. 14/07/2012 NACEIL paso a nivel 21 gano HP: 10
14/07/2012 03:59:30 p.m. 14/07/2012 NACEIL paso a nivel 22 gano HP: 6
14/07/2012 03:59:30 p.m. 14/07/2012 NACEIL paso a nivel 23 gano HP: 6
14/07/2012 03:59:30 p.m. 14/07/2012 NACEIL paso a nivel 24 gano HP: 9
14/07/2012 03:59:30 p.m. 14/07/2012 NACEIL paso a nivel 25 gano HP: 7
14/07/2012 03:59:30 p.m. 14/07/2012 NACEIL paso a nivel 26 gano HP: 8
14/07/2012 03:59:30 p.m. 14/07/2012 NACEIL paso a nivel 27 gano HP: 10
14/07/2012 03:59:30 p.m. 14/07/2012 NACEIL paso a nivel 28 gano HP: 7
14/07/2012 03:59:30 p.m. 14/07/2012 NACEIL paso a nivel 29 gano HP: 8
14/07/2012 03:59:30 p.m. 14/07/2012 NACEIL paso a nivel 30 gano HP: 9
14/07/2012 03:59:30 p.m. 14/07/2012 NACEIL paso a nivel 31 gano HP: 9
14/07/2012 03:59:30 p.m. 14/07/2012 NACEIL paso a nivel 32 gano HP: 7
14/07/2012 04:02:22 p.m. 14/07/2012 MiNuScUlAS paso a nivel 2 gano HP: 9
14/07/2012 04:02:32 p.m. 14/07/2012 MiNuScUlAS paso a nivel 3 gano HP: 9
14/07/2012 04:02:32 p.m. 14/07/2012 MiNuScUlAS paso a nivel 4 gano HP: 9
14/07/2012 04:02:32 p.m. 14/07/2012 MiNuScUlAS paso a nivel 5 gano HP: 8
14/07/2012 04:02:32 p.m. 14/07/2012 MiNuScUlAS paso a nivel 6 gano HP: 6
14/07/2012 04:02:32 p.m. 14/07/2012 MiNuScUlAS paso a nivel 7 gano HP: 7
14/07/2012 04:02:32 p.m. 14/07/2012 MiNuScUlAS paso a nivel 8 gano HP: 6
14/07/2012 04:02:32 p.m. 14/07/2012 MiNuScUlAS paso a nivel 9 gano HP: 5
14/07/2012 04:02:32 p.m. 14/07/2012 MiNuScUlAS paso a nivel 10 gano HP: 8
14/07/2012 04:02:32 p.m. 14/07/2012 MiNuScUlAS paso a nivel 11 gano HP: 8
14/07/2012 04:02:32 p.m. 14/07/2012 MiNuScUlAS paso a nivel 12 gano HP: 5
14/07/2012 04:02:32 p.m. 14/07/2012 MiNuScUlAS paso a nivel 13 gano HP: 8
14/07/2012 04:02:32 p.m. 14/07/2012 MiNuScUlAS paso a nivel 14 gano HP: 8
14/07/2012 04:02:32 p.m. 14/07/2012 MiNuScUlAS paso a nivel 15 gano HP: 5
14/07/2012 04:02:32 p.m. 14/07/2012 MiNuScUlAS paso a nivel 16 gano HP: 9
14/07/2012 04:02:32 p.m. 14/07/2012 MiNuScUlAS paso a nivel 17 gano HP: 8
14/07/2012 04:02:32 p.m. 14/07/2012 MiNuScUlAS paso a nivel 18 gano HP: 9
14/07/2012 04:02:32 p.m. 14/07/2012 MiNuScUlAS paso a nivel 19 gano HP: 7
14/07/2012 04:02:32 p.m. 14/07/2012 MiNuScUlAS paso a nivel 20 gano HP: 7
14/07/2012 04:02:32 p.m. 14/07/2012 MiNuScUlAS paso a nivel 21 gano HP: 9
14/07/2012 04:02:32 p.m. 14/07/2012 MiNuScUlAS paso a nivel 22 gano HP: 5
14/07/2012 06:17:27 p.m. 14/07/2012 DIOS paso a nivel 33 gano HP: 6
14/07/2012 06:17:27 p.m. 14/07/2012 DIOS paso a nivel 34 gano HP: 10
14/07/2012 06:17:27 p.m. 14/07/2012 DIOS paso a nivel 35 gano HP: 8
14/07/2012 06:17:39 p.m. 14/07/2012 DIOS paso a nivel 36 gano HP: 9
14/07/2012 06:17:58 p.m. 14/07/2012 DIOS paso a nivel 37 gano HP: 8
14/07/2012 06:17:58 p.m. 14/07/2012 DIOS paso a nivel 38 gano HP: 8
