12/07/2012 09:31:15 p.m. Se conecto con ip:127.0.0.1
12/07/2012 09:31:31 p.m. Transporto a DIOS hacia Mapa1 X:65 Y:53
12/07/2012 09:31:33 p.m. Transporto a DIOS hacia Mapa1 X:73 Y:55
12/07/2012 09:31:33 p.m. Transporto a DIOS hacia Mapa1 X:77 Y:51
12/07/2012 09:31:35 p.m. Transporto a DIOS hacia Mapa1 X:79 Y:57
12/07/2012 09:31:35 p.m. Transporto a DIOS hacia Mapa1 X:79 Y:61
12/07/2012 09:31:38 p.m. Transporto a DIOS hacia Mapa1 X:74 Y:65
12/07/2012 09:31:38 p.m. Transporto a DIOS hacia Mapa1 X:70 Y:66
12/07/2012 09:31:38 p.m. Transporto a DIOS hacia Mapa1 X:66 Y:67
12/07/2012 09:31:38 p.m. Transporto a DIOS hacia Mapa1 X:62 Y:65
12/07/2012 09:31:45 p.m. Transporto a DIOS hacia Mapa1 X:52 Y:64
12/07/2012 09:31:45 p.m. Transporto a DIOS hacia Mapa1 X:44 Y:65
12/07/2012 09:31:47 p.m. Transporto a DIOS hacia Mapa1 X:39 Y:63
12/07/2012 09:31:49 p.m. Transporto a DIOS hacia Mapa1 X:39 Y:58
12/07/2012 09:31:59 p.m. /CI: 863
12/07/2012 09:32:00 p.m. Agarro:100 Objeto:Pocion de invisibilidad
12/07/2012 09:33:31 p.m. Transporto a DIOS hacia Mapa1 X:61 Y:53
12/07/2012 09:35:12 p.m. Transporto a DIOS hacia Mapa1 X:62 Y:47
12/07/2012 09:35:20 p.m. /CI: 402
12/07/2012 09:35:21 p.m. Agarro:100 Objeto:Espada Mata Dragones
12/07/2012 09:35:35 p.m. /CI: 860
12/07/2012 09:35:35 p.m. Agarro:100 Objeto:Gorro de Resistencia magica (+20)
12/07/2012 09:35:41 p.m. /CI: 861
12/07/2012 09:35:41 p.m. Agarro:100 Objeto:Escudo de Torre +1
12/07/2012 09:35:49 p.m. /CI: 866
12/07/2012 09:35:50 p.m. Agarro:100 Objeto:Armadura Del GM
12/07/2012 09:35:55 p.m. /CI: 865
12/07/2012 09:35:56 p.m. Agarro:100 Objeto:Casco del GM
12/07/2012 09:36:01 p.m. /CI: 864
12/07/2012 09:36:02 p.m. Agarro:100 Objeto:Pocion de remover paralizis
12/07/2012 09:36:20 p.m. /CI: 858
12/07/2012 09:36:21 p.m. Agarro:100 Objeto:Espada Argentum
12/07/2012 09:36:33 p.m. /CI: 793
12/07/2012 09:37:18 p.m. Se conecto con ip:127.0.0.1
12/07/2012 09:37:21 p.m. /DEST
12/07/2012 09:37:30 p.m. /CI: 708
12/07/2012 09:37:31 p.m. Agarro:100 Objeto:Escudo Infernal
12/07/2012 09:37:36 p.m. Transporto a DIOS hacia Mapa1 X:55 Y:47
12/07/2012 09:37:37 p.m. Transporto a DIOS hacia Mapa1 X:58 Y:47
12/07/2012 09:37:37 p.m. Transporto a DIOS hacia Mapa1 X:61 Y:47
12/07/2012 09:37:46 p.m. /CI: 867
12/07/2012 09:37:46 p.m. Agarro:100 Objeto:Transformar en Dragón Rojo
12/07/2012 09:37:56 p.m. Transporto a DIOS hacia Mapa1 X:66 Y:48
12/07/2012 09:37:57 p.m. Transporto a DIOS hacia Mapa1 X:63 Y:48
12/07/2012 09:38:03 p.m. /CI: 854
12/07/2012 09:38:03 p.m. Agarro:100 Objeto:Transformar en Araña
12/07/2012 09:38:07 p.m. Tiro cantidad:99 Objeto:Transformar en Dragón Rojo
12/07/2012 09:38:09 p.m. /DEST
12/07/2012 09:38:51 p.m. /CI: 389
12/07/2012 09:38:52 p.m. Agarro:100 Objeto:Martillo de Herrero
12/07/2012 09:39:05 p.m. DIOS SKILLS 2 100
12/07/2012 09:39:20 p.m. DIOS SKILLS MAGIA 100
12/07/2012 09:39:31 p.m. DIOS SKILLS HERRERIA 100
12/07/2012 09:39:37 p.m. Transporto a DIOS hacia Mapa1 X:59 Y:44
12/07/2012 09:39:46 p.m. /CI: 386
12/07/2012 09:39:49 p.m. /CI: 386
12/07/2012 09:39:54 p.m. /CI: 386
12/07/2012 09:39:54 p.m. Agarro:100 Objeto:Lingote de Hierro
12/07/2012 09:39:57 p.m. /CI: 386
12/07/2012 09:39:58 p.m. Agarro:100 Objeto:Lingote de Hierro
12/07/2012 09:40:00 p.m. Transporto a DIOS hacia Mapa1 X:65 Y:43
12/07/2012 09:40:00 p.m. Transporto a DIOS hacia Mapa1 X:71 Y:43
12/07/2012 09:40:00 p.m. Transporto a DIOS hacia Mapa1 X:76 Y:44
12/07/2012 09:40:01 p.m. Transporto a DIOS hacia Mapa1 X:71 Y:44
12/07/2012 09:40:01 p.m. Transporto a DIOS hacia Mapa1 X:64 Y:45
12/07/2012 09:40:01 p.m. Transporto a DIOS hacia Mapa1 X:57 Y:47
12/07/2012 09:40:01 p.m. Transporto a DIOS hacia Mapa1 X:50 Y:49
12/07/2012 09:40:02 p.m. Transporto a DIOS hacia Mapa1 X:43 Y:51
12/07/2012 09:40:02 p.m. Transporto a DIOS hacia Mapa1 X:38 Y:53
12/07/2012 09:40:02 p.m. Transporto a DIOS hacia Mapa1 X:39 Y:56
12/07/2012 09:40:03 p.m. Transporto a DIOS hacia Mapa1 X:40 Y:59
12/07/2012 09:40:03 p.m. Transporto a DIOS hacia Mapa1 X:43 Y:61
12/07/2012 09:40:03 p.m. Transporto a DIOS hacia Mapa1 X:47 Y:63
12/07/2012 09:40:06 p.m. Transporto a DIOS hacia Mapa1 X:41 Y:62
12/07/2012 09:40:12 p.m. Transporto a DIOS hacia Mapa1 X:36 Y:64
12/07/2012 09:41:10 p.m. DIOS CLASE HERRERO
12/07/2012 09:41:19 p.m. DIOS CLASE ENANO
12/07/2012 09:41:30 p.m. DIOS CLASE HERRERO
12/07/2012 09:41:36 p.m. DIOS RAZA ENANO
12/07/2012 09:42:16 p.m. /CI: 385
12/07/2012 09:42:20 p.m. /DEST
12/07/2012 09:42:30 p.m. /CI: 387
12/07/2012 09:42:31 p.m. Agarro:100 Objeto:Lingote de Plata
12/07/2012 09:42:34 p.m. /CI: 388
12/07/2012 09:42:34 p.m. Agarro:100 Objeto:Lingote de Oro
12/07/2012 09:43:03 p.m. /CI: 700
12/07/2012 09:43:03 p.m. Agarro:100 Objeto:Anillo de los Dioses
12/07/2012 09:43:06 p.m. Transporto a DIOS hacia Mapa1 X:38 Y:59
12/07/2012 09:43:06 p.m. Transporto a DIOS hacia Mapa1 X:43 Y:54
12/07/2012 09:43:06 p.m. Transporto a DIOS hacia Mapa1 X:48 Y:49
12/07/2012 09:43:10 p.m. Transporto a DIOS hacia Mapa1 X:54 Y:46
12/07/2012 09:43:11 p.m. Transporto a DIOS hacia Mapa1 X:60 Y:44
12/07/2012 09:43:11 p.m. Transporto a DIOS hacia Mapa1 X:66 Y:43
12/07/2012 09:43:12 p.m. Transporto a DIOS hacia Mapa1 X:68 Y:44
12/07/2012 09:43:12 p.m. Transporto a DIOS hacia Mapa1 X:65 Y:45
12/07/2012 09:43:12 p.m. Transporto a DIOS hacia Mapa1 X:59 Y:46
12/07/2012 09:43:12 p.m. Transporto a DIOS hacia Mapa1 X:53 Y:47
12/07/2012 09:43:13 p.m. Transporto a DIOS hacia Mapa1 X:49 Y:48
12/07/2012 09:43:13 p.m. Transporto a DIOS hacia Mapa1 X:51 Y:48
12/07/2012 09:43:13 p.m. Transporto a DIOS hacia Mapa1 X:54 Y:49
12/07/2012 09:43:13 p.m. Transporto a DIOS hacia Mapa1 X:57 Y:50
12/07/2012 09:43:14 p.m. Transporto a DIOS hacia Mapa1 X:58 Y:47
12/07/2012 09:43:14 p.m. Transporto a DIOS hacia Mapa1 X:59 Y:44
12/07/2012 09:43:15 p.m. Transporto a DIOS hacia Mapa1 X:58 Y:46
12/07/2012 09:43:25 p.m. Transporto a DIOS hacia Mapa60 X:50 Y:50
12/07/2012 09:43:28 p.m. Transporto a DIOS hacia Mapa60 X:62 Y:49
12/07/2012 09:43:29 p.m. Transporto a DIOS hacia Mapa60 X:64 Y:42
12/07/2012 09:43:29 p.m. Transporto a DIOS hacia Mapa60 X:64 Y:39
12/07/2012 09:43:30 p.m. Transporto a DIOS hacia Mapa60 X:64 Y:41
12/07/2012 09:43:43 p.m. Transporto a DIOS hacia Mapa87 X:50 Y:50
12/07/2012 09:43:46 p.m. Transporto a DIOS hacia Mapa101 X:50 Y:50
12/07/2012 09:43:51 p.m. Transporto a DIOS hacia Mapa90 X:50 Y:50
12/07/2012 09:43:54 p.m. Transporto a DIOS hacia Mapa1 X:50 Y:50
12/07/2012 09:43:58 p.m. Transporto a DIOS hacia Mapa36 X:50 Y:50
12/07/2012 09:44:03 p.m. Transporto a DIOS hacia Mapa34 X:50 Y:50
12/07/2012 09:44:09 p.m. Transporto a DIOS hacia Mapa34 X:42 Y:58
12/07/2012 09:44:10 p.m. Transporto a DIOS hacia Mapa34 X:41 Y:61
12/07/2012 09:44:10 p.m. Transporto a DIOS hacia Mapa34 X:39 Y:65
12/07/2012 09:44:10 p.m. Transporto a DIOS hacia Mapa34 X:34 Y:66
12/07/2012 09:44:11 p.m. Transporto a DIOS hacia Mapa34 X:28 Y:68
12/07/2012 09:44:11 p.m. Transporto a DIOS hacia Mapa34 X:24 Y:72
12/07/2012 09:44:12 p.m. Transporto a DIOS hacia Mapa34 X:25 Y:78
12/07/2012 09:44:13 p.m. Transporto a DIOS hacia Mapa34 X:27 Y:78
12/07/2012 09:44:29 p.m. /CI: 900
12/07/2012 09:44:34 p.m. Sumoneo a Orco en mapa 34
12/07/2012 09:45:15 p.m. Transporto a DIOS hacia Mapa34 X:14 Y:63
12/07/2012 09:45:15 p.m. Transporto a DIOS hacia Mapa34 X:16 Y:62
12/07/2012 09:45:16 p.m. Transporto a DIOS hacia Mapa34 X:18 Y:61
12/07/2012 09:45:17 p.m. Transporto a DIOS hacia Mapa34 X:21 Y:59
12/07/2012 09:45:18 p.m. Transporto a DIOS hacia Mapa34 X:22 Y:61
12/07/2012 09:45:19 p.m. Transporto a DIOS hacia Mapa34 X:19 Y:62
12/07/2012 09:45:23 p.m. Transporto a DIOS hacia Mapa34 X:20 Y:67
12/07/2012 09:45:24 p.m. Transporto a DIOS hacia Mapa34 X:19 Y:70
12/07/2012 09:45:44 p.m. /CI: 38
12/07/2012 09:45:46 p.m. Agarro:100 Objeto:Poción Roja
12/07/2012 09:45:48 p.m. /CI: 35
12/07/2012 09:45:51 p.m. /DEST
12/07/2012 09:45:53 p.m. /CI: 33
12/07/2012 09:45:56 p.m. /DEST
12/07/2012 09:45:56 p.m. Tiro cantidad:100 Objeto:Anillo de los Dioses
12/07/2012 09:46:08 p.m. Agarro:100 Objeto:Anillo de los Dioses
12/07/2012 09:46:11 p.m. /CI: 37
12/07/2012 09:46:14 p.m. Transporto a DIOS hacia Mapa34 X:20 Y:70
12/07/2012 09:46:15 p.m. Agarro:100 Objeto:Poción Azul
12/07/2012 09:46:39 p.m. Transporto a DIOS hacia Mapa34 X:27 Y:70
12/07/2012 09:46:39 p.m. Transporto a DIOS hacia Mapa34 X:34 Y:69
12/07/2012 09:46:39 p.m. Transporto a DIOS hacia Mapa34 X:41 Y:68
12/07/2012 09:46:40 p.m. Transporto a DIOS hacia Mapa34 X:47 Y:65
12/07/2012 09:46:40 p.m. Transporto a DIOS hacia Mapa34 X:53 Y:62
12/07/2012 09:46:40 p.m. Transporto a DIOS hacia Mapa34 X:57 Y:63
12/07/2012 09:46:41 p.m. Transporto a DIOS hacia Mapa34 X:60 Y:66
12/07/2012 09:46:41 p.m. Transporto a DIOS hacia Mapa34 X:59 Y:69
12/07/2012 09:46:51 p.m. Sumoneo Lobo
12/07/2012 09:46:58 p.m. Transporto a DIOS hacia Mapa34 X:50 Y:75
12/07/2012 09:46:59 p.m. Transporto a DIOS hacia Mapa34 X:47 Y:77
12/07/2012 09:46:59 p.m. Transporto a DIOS hacia Mapa34 X:45 Y:79
12/07/2012 09:46:59 p.m. Transporto a DIOS hacia Mapa34 X:41 Y:81
12/07/2012 09:47:00 p.m. Transporto a DIOS hacia Mapa34 X:38 Y:83
12/07/2012 09:47:00 p.m. Transporto a DIOS hacia Mapa34 X:35 Y:85
12/07/2012 09:47:00 p.m. Transporto a DIOS hacia Mapa34 X:32 Y:80
12/07/2012 09:47:01 p.m. Transporto a DIOS hacia Mapa34 X:29 Y:75
12/07/2012 09:47:01 p.m. Transporto a DIOS hacia Mapa34 X:27 Y:77
12/07/2012 09:47:01 p.m. Transporto a DIOS hacia Mapa34 X:25 Y:80
12/07/2012 09:47:02 p.m. Transporto a DIOS hacia Mapa34 X:26 Y:79
12/07/2012 09:47:07 p.m. Sumoneo Vendedor de Pasajes Nix
12/07/2012 09:47:15 p.m. /modmapinfo backup 1
12/07/2012 09:47:19 p.m. Transporto a DIOS hacia Mapa34 X:46 Y:70
12/07/2012 09:47:20 p.m. Transporto a DIOS hacia Mapa34 X:46 Y:63
12/07/2012 09:47:22 p.m. Transporto a DIOS hacia Mapa34 X:46 Y:54
12/07/2012 09:47:23 p.m. Transporto a DIOS hacia Mapa34 X:46 Y:48
12/07/2012 09:47:23 p.m. Transporto a DIOS hacia Mapa34 X:45 Y:45
12/07/2012 09:47:25 p.m. Transporto a DIOS hacia Mapa34 X:48 Y:43
12/07/2012 09:47:26 p.m. Transporto a DIOS hacia Mapa34 X:49 Y:40
12/07/2012 09:47:26 p.m. Transporto a DIOS hacia Mapa34 X:43 Y:41
12/07/2012 09:47:27 p.m. Transporto a DIOS hacia Mapa34 X:40 Y:44
12/07/2012 09:47:28 p.m. Transporto a DIOS hacia Mapa34 X:39 Y:41
12/07/2012 09:47:28 p.m. Transporto a DIOS hacia Mapa34 X:38 Y:37
12/07/2012 09:47:28 p.m. Transporto a DIOS hacia Mapa34 X:37 Y:33
12/07/2012 09:47:29 p.m. Transporto a DIOS hacia Mapa34 X:40 Y:32
12/07/2012 09:47:30 p.m. Transporto a DIOS hacia Mapa34 X:43 Y:34
12/07/2012 09:47:31 p.m. Transporto a DIOS hacia Mapa34 X:44 Y:36
12/07/2012 09:47:31 p.m. Transporto a DIOS hacia Mapa34 X:44 Y:38
12/07/2012 09:47:31 p.m. Transporto a DIOS hacia Mapa34 X:45 Y:41
12/07/2012 09:47:32 p.m. Transporto a DIOS hacia Mapa34 X:44 Y:38
12/07/2012 09:47:33 p.m. Transporto a DIOS hacia Mapa34 X:43 Y:35
12/07/2012 09:47:33 p.m. Transporto a DIOS hacia Mapa34 X:42 Y:32
12/07/2012 09:47:59 p.m. Tiro cantidad:50 Objeto:Lingote de Oro
12/07/2012 09:48:00 p.m. /DEST
12/07/2012 09:48:02 p.m. Tiro cantidad:100 Objeto:Escudo de Torre +1
12/07/2012 09:48:03 p.m. /DEST
12/07/2012 09:48:12 p.m. Tiro cantidad:100 Objeto:Gorro de Resistencia magica (+20)
12/07/2012 09:48:13 p.m. /DEST
12/07/2012 09:48:19 p.m. Tiro cantidad:100 Objeto:Espada Mata Dragones
12/07/2012 09:48:20 p.m. /DEST
12/07/2012 09:48:24 p.m. Transporto a DIOS hacia Mapa34 X:45 Y:38
12/07/2012 09:48:24 p.m. Transporto a DIOS hacia Mapa34 X:43 Y:39
12/07/2012 09:48:25 p.m. Transporto a DIOS hacia Mapa34 X:41 Y:40
12/07/2012 09:48:25 p.m. Transporto a DIOS hacia Mapa34 X:36 Y:42
12/07/2012 09:48:25 p.m. Transporto a DIOS hacia Mapa34 X:31 Y:44
12/07/2012 09:48:25 p.m. Transporto a DIOS hacia Mapa34 X:27 Y:46
12/07/2012 09:48:25 p.m. Transporto a DIOS hacia Mapa34 X:25 Y:48
12/07/2012 09:48:26 p.m. Transporto a DIOS hacia Mapa34 X:25 Y:51
12/07/2012 09:48:26 p.m. Transporto a DIOS hacia Mapa34 X:25 Y:54
12/07/2012 09:48:26 p.m. Transporto a DIOS hacia Mapa34 X:25 Y:57
12/07/2012 09:48:26 p.m. Transporto a DIOS hacia Mapa34 X:27 Y:60
12/07/2012 09:48:27 p.m. Transporto a DIOS hacia Mapa34 X:30 Y:63
12/07/2012 09:48:27 p.m. Transporto a DIOS hacia Mapa34 X:34 Y:65
12/07/2012 09:48:27 p.m. Transporto a DIOS hacia Mapa34 X:34 Y:66
12/07/2012 09:48:39 p.m. DIOS CLASE PALADIN
12/07/2012 09:48:46 p.m. DIOS CLASE CLERIGO
12/07/2012 09:48:49 p.m. Transporto a DIOS hacia Mapa34 X:31 Y:71
12/07/2012 09:48:50 p.m. Transporto a DIOS hacia Mapa34 X:28 Y:75
12/07/2012 09:48:50 p.m. Transporto a DIOS hacia Mapa34 X:26 Y:74
12/07/2012 09:48:52 p.m. Transporto a DIOS hacia Mapa34 X:25 Y:74
12/07/2012 09:48:54 p.m. Transporto a DIOS hacia Mapa34 X:30 Y:72
12/07/2012 09:48:54 p.m. Transporto a DIOS hacia Mapa34 X:35 Y:71
12/07/2012 09:48:54 p.m. Transporto a DIOS hacia Mapa34 X:40 Y:70
12/07/2012 09:48:54 p.m. Transporto a DIOS hacia Mapa34 X:45 Y:69
12/07/2012 09:48:55 p.m. Transporto a DIOS hacia Mapa34 X:48 Y:64
12/07/2012 09:48:55 p.m. Transporto a DIOS hacia Mapa34 X:51 Y:59
12/07/2012 09:48:55 p.m. Transporto a DIOS hacia Mapa34 X:53 Y:54
12/07/2012 09:48:55 p.m. Transporto a DIOS hacia Mapa34 X:55 Y:50
12/07/2012 09:48:56 p.m. Transporto a DIOS hacia Mapa34 X:55 Y:46
12/07/2012 09:48:56 p.m. Transporto a DIOS hacia Mapa34 X:54 Y:43
12/07/2012 09:48:56 p.m. Transporto a DIOS hacia Mapa34 X:53 Y:40
12/07/2012 09:48:56 p.m. Transporto a DIOS hacia Mapa34 X:52 Y:37
12/07/2012 09:49:04 p.m. /CI: 205
12/07/2012 09:49:06 p.m. Transporto a DIOS hacia Mapa34 X:52 Y:36
12/07/2012 09:49:07 p.m. Agarro:100 Objeto:Misil Mágico
12/07/2012 09:49:09 p.m. Tiro cantidad:99 Objeto:Misil Mágico
12/07/2012 09:49:11 p.m. /DEST
12/07/2012 09:49:13 p.m. Transporto a DIOS hacia Mapa34 X:45 Y:35
12/07/2012 09:49:13 p.m. Transporto a DIOS hacia Mapa34 X:39 Y:35
12/07/2012 09:49:14 p.m. Transporto a DIOS hacia Mapa34 X:33 Y:36
12/07/2012 09:49:14 p.m. Transporto a DIOS hacia Mapa34 X:27 Y:38
12/07/2012 09:49:14 p.m. Transporto a DIOS hacia Mapa34 X:22 Y:41
12/07/2012 09:49:14 p.m. Transporto a DIOS hacia Mapa34 X:17 Y:44
12/07/2012 09:49:14 p.m. Transporto a DIOS hacia Mapa34 X:14 Y:46
12/07/2012 09:49:14 p.m. Transporto a DIOS hacia Mapa34 X:13 Y:48
12/07/2012 09:49:15 p.m. Transporto a DIOS hacia Mapa34 X:14 Y:50
12/07/2012 09:49:15 p.m. Transporto a DIOS hacia Mapa34 X:14 Y:51
12/07/2012 09:49:15 p.m. Transporto a DIOS hacia Mapa34 X:13 Y:53
12/07/2012 09:49:15 p.m. Transporto a DIOS hacia Mapa34 X:14 Y:57
12/07/2012 09:49:16 p.m. Transporto a DIOS hacia Mapa34 X:15 Y:61
12/07/2012 09:49:16 p.m. Transporto a DIOS hacia Mapa34 X:16 Y:64
12/07/2012 09:49:16 p.m. Transporto a DIOS hacia Mapa34 X:17 Y:68
12/07/2012 09:49:16 p.m. Transporto a DIOS hacia Mapa34 X:18 Y:72
12/07/2012 09:49:16 p.m. Transporto a DIOS hacia Mapa34 X:20 Y:76
12/07/2012 09:49:17 p.m. Transporto a DIOS hacia Mapa34 X:21 Y:78
12/07/2012 09:49:18 p.m. Transporto a DIOS hacia Mapa34 X:24 Y:75
12/07/2012 09:49:46 p.m. Transporto a DIOS hacia Mapa34 X:24 Y:66
12/07/2012 09:49:46 p.m. Transporto a DIOS hacia Mapa34 X:22 Y:62
12/07/2012 09:49:46 p.m. Transporto a DIOS hacia Mapa34 X:21 Y:63
12/07/2012 09:49:47 p.m. Transporto a DIOS hacia Mapa34 X:21 Y:65
12/07/2012 09:49:47 p.m. Transporto a DIOS hacia Mapa34 X:20 Y:68
12/07/2012 09:49:50 p.m. /MATA NPC SIN INICIAR
12/07/2012 09:49:57 p.m. Transporto a DIOS hacia Mapa59 X:50 Y:50
12/07/2012 09:49:59 p.m. Transporto a DIOS hacia Mapa59 X:49 Y:47
12/07/2012 09:50:04 p.m. Transporto a DIOS hacia Mapa168 X:42 Y:42
12/07/2012 09:50:04 p.m. Transporto a DIOS hacia Mapa168 X:43 Y:40
12/07/2012 09:50:05 p.m. Transporto a DIOS hacia Mapa168 X:45 Y:37
12/07/2012 09:50:05 p.m. Transporto a DIOS hacia Mapa168 X:47 Y:33
12/07/2012 09:50:05 p.m. Transporto a DIOS hacia Mapa168 X:49 Y:30
12/07/2012 09:50:06 p.m. Transporto a DIOS hacia Mapa168 X:44 Y:27
12/07/2012 09:51:04 p.m. Transporto a DIOS hacia Mapa167 X:48 Y:84
12/07/2012 09:51:14 p.m. Transporto a DIOS hacia Mapa167 X:41 Y:82
12/07/2012 09:51:15 p.m. Transporto a DIOS hacia Mapa167 X:32 Y:82
12/07/2012 09:51:38 p.m. Transporto a DIOS hacia Mapa38 X:50 Y:50
12/07/2012 09:51:43 p.m. Transporto a DIOS hacia Mapa37 X:50 Y:50
12/07/2012 09:51:46 p.m. Transporto a DIOS hacia Mapa37 X:10 Y:81
12/07/2012 09:51:48 p.m. Transporto a DIOS hacia Mapa37 X:14 Y:83
12/07/2012 09:51:48 p.m. Transporto a DIOS hacia Mapa37 X:19 Y:84
12/07/2012 09:51:48 p.m. Transporto a DIOS hacia Mapa37 X:24 Y:85
12/07/2012 09:51:56 p.m. Transporto a DIOS hacia Mapa168 X:14 Y:81
12/07/2012 09:51:59 p.m. Transporto a DIOS hacia Mapa37 X:24 Y:86
12/07/2012 09:52:02 p.m. Transporto a DIOS hacia Mapa37 X:16 Y:22
12/07/2012 09:52:09 p.m. Transporto a DIOS hacia Mapa167 X:83 Y:25
12/07/2012 09:52:17 p.m. Transporto a DIOS hacia Mapa1 X:67 Y:31
12/07/2012 09:52:18 p.m. Transporto a DIOS hacia Mapa1 X:75 Y:28
12/07/2012 09:52:21 p.m. Transporto a DIOS hacia Mapa40 X:46 Y:13
12/07/2012 09:52:21 p.m. Transporto a DIOS hacia Mapa40 X:46 Y:17
12/07/2012 09:52:21 p.m. Transporto a DIOS hacia Mapa40 X:46 Y:21
12/07/2012 09:52:21 p.m. Transporto a DIOS hacia Mapa40 X:46 Y:24
12/07/2012 09:52:22 p.m. Transporto a DIOS hacia Mapa40 X:46 Y:28
12/07/2012 09:52:22 p.m. Transporto a DIOS hacia Mapa40 X:46 Y:33
12/07/2012 09:52:23 p.m. Transporto a DIOS hacia Mapa40 X:44 Y:36
12/07/2012 09:52:23 p.m. Transporto a DIOS hacia Mapa40 X:40 Y:37
12/07/2012 09:52:23 p.m. Transporto a DIOS hacia Mapa40 X:35 Y:37
12/07/2012 09:52:23 p.m. Transporto a DIOS hacia Mapa40 X:30 Y:37
12/07/2012 09:52:24 p.m. Transporto a DIOS hacia Mapa40 X:25 Y:35
12/07/2012 09:52:24 p.m. Transporto a DIOS hacia Mapa40 X:25 Y:30
12/07/2012 09:52:24 p.m. Transporto a DIOS hacia Mapa40 X:26 Y:25
12/07/2012 09:52:25 p.m. Transporto a DIOS hacia Mapa40 X:25 Y:27
12/07/2012 09:52:25 p.m. Transporto a DIOS hacia Mapa40 X:24 Y:33
12/07/2012 09:52:25 p.m. Transporto a DIOS hacia Mapa40 X:28 Y:36
12/07/2012 09:52:26 p.m. Transporto a DIOS hacia Mapa40 X:31 Y:40
12/07/2012 09:52:26 p.m. Transporto a DIOS hacia Mapa40 X:32 Y:44
12/07/2012 09:52:26 p.m. Transporto a DIOS hacia Mapa40 X:32 Y:45
12/07/2012 09:52:26 p.m. Transporto a DIOS hacia Mapa40 X:33 Y:46
12/07/2012 09:52:27 p.m. Transporto a DIOS hacia Mapa40 X:34 Y:48
12/07/2012 09:52:28 p.m. Transporto a DIOS hacia Mapa40 X:34 Y:50
12/07/2012 09:52:30 p.m. Transporto a DIOS hacia Mapa40 X:41 Y:53
12/07/2012 09:52:35 p.m. Transporto a DIOS hacia Mapa40 X:36 Y:53
12/07/2012 09:52:36 p.m. Transporto a DIOS hacia Mapa40 X:31 Y:52
12/07/2012 09:52:36 p.m. Transporto a DIOS hacia Mapa40 X:26 Y:51
12/07/2012 09:52:38 p.m. Transporto a DIOS hacia Mapa40 X:25 Y:53
12/07/2012 09:52:39 p.m. Transporto a DIOS hacia Mapa40 X:24 Y:56
12/07/2012 09:52:44 p.m. Transporto a DIOS hacia Mapa40 X:23 Y:64
12/07/2012 09:52:47 p.m. Transporto a DIOS hacia Mapa40 X:22 Y:65
12/07/2012 09:52:55 p.m. Transporto a DIOS hacia Mapa40 X:23 Y:61
12/07/2012 09:52:56 p.m. Transporto a DIOS hacia Mapa40 X:24 Y:57
12/07/2012 09:53:39 p.m. Transporto a DIOS hacia Mapa40 X:24 Y:62
12/07/2012 09:53:40 p.m. Transporto a DIOS hacia Mapa40 X:26 Y:66
12/07/2012 09:53:52 p.m. Transporto a DIOS hacia Mapa40 X:33 Y:81
12/07/2012 09:53:52 p.m. Transporto a DIOS hacia Mapa40 X:40 Y:81
12/07/2012 09:53:52 p.m. Transporto a DIOS hacia Mapa40 X:47 Y:82
12/07/2012 09:53:53 p.m. Transporto a DIOS hacia Mapa40 X:55 Y:83
12/07/2012 09:53:53 p.m. Transporto a DIOS hacia Mapa40 X:52 Y:85
12/07/2012 09:53:53 p.m. Transporto a DIOS hacia Mapa40 X:49 Y:87
12/07/2012 09:54:07 p.m. Sumoneo Dragon rojo
12/07/2012 09:54:11 p.m. Sumoneo Señor de la muerte
12/07/2012 09:54:14 p.m. Transporto a DIOS hacia Mapa40 X:46 Y:86
12/07/2012 09:54:18 p.m. /MATA NPC SIN INICIAR
12/07/2012 09:54:20 p.m. /MATA NPC SIN INICIAR
12/07/2012 09:54:22 p.m. Transporto a DIOS hacia Mapa40 X:47 Y:78
12/07/2012 09:54:22 p.m. Transporto a DIOS hacia Mapa40 X:48 Y:73
12/07/2012 09:54:22 p.m. Transporto a DIOS hacia Mapa40 X:49 Y:69
12/07/2012 09:54:23 p.m. Transporto a DIOS hacia Mapa40 X:49 Y:66
12/07/2012 09:54:23 p.m. Transporto a DIOS hacia Mapa40 X:49 Y:62
12/07/2012 09:54:23 p.m. Transporto a DIOS hacia Mapa40 X:48 Y:58
12/07/2012 09:54:24 p.m. Transporto a DIOS hacia Mapa40 X:47 Y:52
12/07/2012 09:55:05 p.m. Transporto a DIOS hacia Mapa40 X:46 Y:16
12/07/2012 09:55:05 p.m. Transporto a DIOS hacia Mapa40 X:45 Y:20
12/07/2012 09:55:06 p.m. Transporto a DIOS hacia Mapa40 X:45 Y:24
12/07/2012 09:55:06 p.m. Transporto a DIOS hacia Mapa40 X:45 Y:28
12/07/2012 09:55:06 p.m. Transporto a DIOS hacia Mapa40 X:46 Y:33
12/07/2012 09:55:06 p.m. Transporto a DIOS hacia Mapa40 X:47 Y:38
12/07/2012 09:55:06 p.m. Transporto a DIOS hacia Mapa40 X:47 Y:43
12/07/2012 09:55:07 p.m. Transporto a DIOS hacia Mapa40 X:46 Y:48
12/07/2012 09:55:07 p.m. Transporto a DIOS hacia Mapa40 X:45 Y:53
12/07/2012 09:55:07 p.m. Transporto a DIOS hacia Mapa40 X:44 Y:57
12/07/2012 09:55:55 p.m. /CI: 37
12/07/2012 09:55:56 p.m. Agarro:100 Objeto:Poción Azul
12/07/2012 09:55:59 p.m. /CI: 37
12/07/2012 09:55:59 p.m. Agarro:100 Objeto:Poción Azul
12/07/2012 09:56:16 p.m. DIOS HP 1000
12/07/2012 09:56:22 p.m. DIOS MAN 10
12/07/2012 09:56:28 p.m. /CI: 531
12/07/2012 09:56:30 p.m. Agarro:100 Objeto:Descarga Eléctrica
12/07/2012 09:56:33 p.m. Tiro cantidad:99 Objeto:Descarga Eléctrica
12/07/2012 09:56:37 p.m. /DEST
12/07/2012 09:58:27 p.m. Transporto a DIOS hacia Mapa40 X:33 Y:76
12/07/2012 09:58:28 p.m. Transporto a DIOS hacia Mapa40 X:36 Y:73
12/07/2012 09:58:28 p.m. Transporto a DIOS hacia Mapa40 X:39 Y:69
12/07/2012 09:58:28 p.m. Transporto a DIOS hacia Mapa40 X:42 Y:65
12/07/2012 09:58:29 p.m. Transporto a DIOS hacia Mapa40 X:42 Y:65
12/07/2012 09:58:29 p.m. Transporto a DIOS hacia Mapa40 X:44 Y:61
12/07/2012 09:58:29 p.m. Transporto a DIOS hacia Mapa40 X:46 Y:57
12/07/2012 09:58:29 p.m. Transporto a DIOS hacia Mapa40 X:47 Y:51
12/07/2012 09:58:29 p.m. Transporto a DIOS hacia Mapa40 X:47 Y:45
12/07/2012 09:58:30 p.m. Transporto a DIOS hacia Mapa40 X:47 Y:38
12/07/2012 09:58:30 p.m. Transporto a DIOS hacia Mapa40 X:47 Y:31
12/07/2012 09:58:31 p.m. Transporto a DIOS hacia Mapa40 X:47 Y:22
12/07/2012 09:58:37 p.m. Transporto a DIOS hacia Mapa1 X:53 Y:58
12/07/2012 10:41:03 p.m. Se conecto con ip:127.0.0.1
12/07/2012 10:41:17 p.m. Transporto a DIOS hacia Mapa1 X:58 Y:47
12/07/2012 10:42:00 p.m. Resucito a NACEIL
12/07/2012 10:42:20 p.m. Transporto a DIOS hacia Mapa171 X:80 Y:80
12/07/2012 10:42:33 p.m. Transporto a DIOS hacia Mapa170 X:50 Y:50
12/07/2012 10:42:42 p.m. Transporto a DIOS hacia Mapa168 X:50 Y:50
12/07/2012 10:42:49 p.m. Transporto a DIOS hacia Mapa169 X:50 Y:50
12/07/2012 10:42:54 p.m. Transporto a DIOS hacia Mapa169 X:74 Y:87
12/07/2012 10:42:54 p.m. Transporto a DIOS hacia Mapa169 X:77 Y:86
12/07/2012 10:42:55 p.m. Transporto a DIOS hacia Mapa169 X:78 Y:83
12/07/2012 10:42:57 p.m. Transporto a DIOS hacia Mapa169 X:27 Y:54
12/07/2012 10:42:58 p.m. Transporto a DIOS hacia Mapa169 X:12 Y:64
12/07/2012 10:42:58 p.m. Transporto a DIOS hacia Mapa169 X:15 Y:66
12/07/2012 10:42:58 p.m. Transporto a DIOS hacia Mapa169 X:31 Y:67
12/07/2012 10:42:59 p.m. Transporto a DIOS hacia Mapa169 X:41 Y:66
12/07/2012 10:42:59 p.m. Transporto a DIOS hacia Mapa169 X:38 Y:61
12/07/2012 10:42:59 p.m. Transporto a DIOS hacia Mapa169 X:36 Y:58
12/07/2012 10:43:00 p.m. Transporto a DIOS hacia Mapa169 X:36 Y:58
12/07/2012 10:43:00 p.m. Transporto a DIOS hacia Mapa169 X:44 Y:52
12/07/2012 10:43:00 p.m. Transporto a DIOS hacia Mapa169 X:47 Y:50
12/07/2012 10:43:00 p.m. Transporto a DIOS hacia Mapa169 X:54 Y:43
12/07/2012 10:43:01 p.m. Transporto a DIOS hacia Mapa169 X:47 Y:43
12/07/2012 10:43:02 p.m. Transporto a DIOS hacia Mapa169 X:42 Y:43
12/07/2012 10:43:02 p.m. Transporto a DIOS hacia Mapa169 X:49 Y:43
12/07/2012 10:43:02 p.m. Transporto a DIOS hacia Mapa169 X:43 Y:40
12/07/2012 10:43:14 p.m. Transporto a DIOS hacia Mapa172 X:50 Y:50
12/07/2012 10:43:23 p.m. Transporto a DIOS hacia Mapa163 X:50 Y:50
12/07/2012 10:43:29 p.m. Transporto a DIOS hacia Mapa160 X:50 Y:50
12/07/2012 10:43:33 p.m. Transporto a DIOS hacia Mapa149 X:50 Y:50
12/07/2012 10:43:38 p.m. Transporto a DIOS hacia Mapa49 X:50 Y:50
12/07/2012 10:43:42 p.m. Transporto a DIOS hacia Mapa49 X:47 Y:50
12/07/2012 10:43:42 p.m. Transporto a DIOS hacia Mapa49 X:44 Y:48
12/07/2012 10:43:42 p.m. Transporto a DIOS hacia Mapa49 X:41 Y:45
12/07/2012 10:43:42 p.m. Transporto a DIOS hacia Mapa49 X:38 Y:41
12/07/2012 10:43:42 p.m. Transporto a DIOS hacia Mapa49 X:36 Y:37
12/07/2012 10:43:43 p.m. Transporto a DIOS hacia Mapa49 X:36 Y:34
12/07/2012 10:43:43 p.m. Transporto a DIOS hacia Mapa49 X:37 Y:31
12/07/2012 10:43:43 p.m. Transporto a DIOS hacia Mapa49 X:39 Y:32
12/07/2012 10:43:43 p.m. Transporto a DIOS hacia Mapa49 X:41 Y:34
12/07/2012 10:43:44 p.m. Transporto a DIOS hacia Mapa49 X:43 Y:36
12/07/2012 10:43:49 p.m. Transporto a DIOS hacia Mapa49 X:42 Y:35
12/07/2012 10:43:50 p.m. Agarro:1 Objeto:Cofre Cerrado
12/07/2012 10:43:54 p.m. Tiro cantidad:1 Objeto:Cofre Cerrado
12/07/2012 10:43:55 p.m. Transporto a DIOS hacia Mapa49 X:41 Y:66
12/07/2012 10:43:55 p.m. Transporto a DIOS hacia Mapa49 X:74 Y:69
12/07/2012 10:43:56 p.m. Transporto a DIOS hacia Mapa49 X:45 Y:74
12/07/2012 10:43:57 p.m. Transporto a DIOS hacia Mapa49 X:42 Y:71
12/07/2012 10:43:57 p.m. Transporto a DIOS hacia Mapa49 X:86 Y:79
12/07/2012 10:43:58 p.m. Transporto a DIOS hacia Mapa49 X:68 Y:72
12/07/2012 10:43:58 p.m. Transporto a DIOS hacia Mapa49 X:73 Y:72
12/07/2012 10:43:59 p.m. Transporto a DIOS hacia Mapa49 X:73 Y:72
12/07/2012 10:44:25 p.m. Mensaje del servidor:hola
12/07/2012 10:44:31 p.m. Mensaje de sistema:HOLA
13/07/2012 12:22:33 p.m. Se conecto con ip:127.0.0.1
13/07/2012 12:22:46 p.m. /CI: 857
13/07/2012 12:22:46 p.m. Agarro:100 Objeto:Tunica de Absorcion Magica (RM+15)
13/07/2012 12:22:53 p.m. /CI: 860
13/07/2012 12:22:54 p.m. Agarro:100 Objeto:Gorro de Resistencia magica (RM+20)
13/07/2012 12:23:24 p.m. /info dios
13/07/2012 12:23:39 p.m. /INFO DIOS
13/07/2012 12:23:39 p.m. /INFO DIOS
13/07/2012 12:23:40 p.m. /INFO DIOS
13/07/2012 12:23:40 p.m. /INFO DIOS
13/07/2012 12:23:45 p.m. /INFO DIOS
13/07/2012 12:23:46 p.m. /INFO DIOS
13/07/2012 12:23:46 p.m. /INFO DIOS
13/07/2012 12:23:48 p.m. Hora.
13/07/2012 12:23:51 p.m. /IRA DIOS Mapa:49 X:71 Y:71
13/07/2012 12:23:52 p.m. /SUM DIOS Map:49 X:71 Y:72
13/07/2012 12:23:55 p.m. /SKILLS DIOS
13/07/2012 12:24:03 p.m. Transporto a DIOS hacia Mapa49 X:68 Y:74
13/07/2012 12:24:05 p.m. Transporto a DIOS hacia Mapa49 X:65 Y:65
13/07/2012 12:24:06 p.m. Transporto a DIOS hacia Mapa49 X:67 Y:60
13/07/2012 12:24:06 p.m. Transporto a DIOS hacia Mapa49 X:70 Y:54
13/07/2012 12:24:07 p.m. Transporto a DIOS hacia Mapa49 X:72 Y:53
13/07/2012 12:24:08 p.m. Transporto a DIOS hacia Mapa49 X:72 Y:45
13/07/2012 12:24:09 p.m. Transporto a DIOS hacia Mapa49 X:72 Y:37
13/07/2012 12:24:09 p.m. Transporto a DIOS hacia Mapa49 X:72 Y:32
13/07/2012 12:24:10 p.m. Transporto a DIOS hacia Mapa49 X:70 Y:29
13/07/2012 12:24:10 p.m. Transporto a DIOS hacia Mapa49 X:69 Y:28
13/07/2012 12:24:11 p.m. Transporto a DIOS hacia Mapa49 X:43 Y:40
13/07/2012 12:24:12 p.m. Transporto a DIOS hacia Mapa49 X:44 Y:45
13/07/2012 12:24:13 p.m. Transporto a DIOS hacia Mapa49 X:45 Y:43
13/07/2012 12:24:14 p.m. Transporto a DIOS hacia Mapa49 X:46 Y:38
13/07/2012 12:24:15 p.m. Transporto a DIOS hacia Mapa49 X:47 Y:35
13/07/2012 12:24:18 p.m. Transporto a DIOS hacia Mapa49 X:51 Y:34
13/07/2012 12:28:41 p.m. Transporto a DIOS hacia Mapa49 X:56 Y:35
13/07/2012 12:28:41 p.m. Transporto a DIOS hacia Mapa49 X:62 Y:34
13/07/2012 12:28:42 p.m. Transporto a DIOS hacia Mapa49 X:69 Y:32
13/07/2012 12:28:42 p.m. Transporto a DIOS hacia Mapa49 X:73 Y:28
13/07/2012 12:28:43 p.m. Transporto a DIOS hacia Mapa49 X:77 Y:31
13/07/2012 12:28:44 p.m. Transporto a DIOS hacia Mapa49 X:76 Y:36
13/07/2012 12:28:44 p.m. Transporto a DIOS hacia Mapa49 X:74 Y:40
13/07/2012 12:28:44 p.m. Transporto a DIOS hacia Mapa49 X:71 Y:44
13/07/2012 12:28:45 p.m. Transporto a DIOS hacia Mapa49 X:70 Y:52
13/07/2012 12:28:45 p.m. Transporto a DIOS hacia Mapa49 X:70 Y:58
13/07/2012 12:34:16 p.m. Transporto a DIOS hacia Mapa49 X:65 Y:57
13/07/2012 12:34:16 p.m. Transporto a DIOS hacia Mapa49 X:59 Y:56
13/07/2012 12:34:17 p.m. Transporto a DIOS hacia Mapa49 X:53 Y:55
13/07/2012 12:34:17 p.m. Transporto a DIOS hacia Mapa49 X:54 Y:55
13/07/2012 12:34:17 p.m. Transporto a DIOS hacia Mapa49 X:49 Y:55
13/07/2012 12:34:18 p.m. Transporto a DIOS hacia Mapa49 X:48 Y:59
13/07/2012 12:34:18 p.m. Transporto a DIOS hacia Mapa49 X:48 Y:62
13/07/2012 12:34:18 p.m. Transporto a DIOS hacia Mapa49 X:52 Y:64
13/07/2012 12:34:19 p.m. Transporto a DIOS hacia Mapa49 X:50 Y:66
13/07/2012 12:34:20 p.m. Transporto a DIOS hacia Mapa49 X:43 Y:66
13/07/2012 12:34:31 p.m. Transporto a DIOS hacia Mapa49 X:18 Y:69
13/07/2012 12:34:31 p.m. Transporto a DIOS hacia Mapa49 X:18 Y:69
13/07/2012 12:34:38 p.m. Transporto a DIOS hacia Mapa15 X:17 Y:68
13/07/2012 12:34:38 p.m. Transporto a DIOS hacia Mapa15 X:26 Y:67
13/07/2012 12:34:38 p.m. Transporto a DIOS hacia Mapa15 X:35 Y:66
13/07/2012 12:34:38 p.m. Transporto a DIOS hacia Mapa15 X:44 Y:64
13/07/2012 12:34:39 p.m. Transporto a DIOS hacia Mapa15 X:79 Y:14
13/07/2012 12:34:40 p.m. Transporto a DIOS hacia Mapa15 X:90 Y:16
13/07/2012 12:34:42 p.m. Transporto a DIOS hacia Mapa16 X:16 Y:47
13/07/2012 12:34:45 p.m. Agarro:300 Objeto:Monedas de Oro
13/07/2012 12:34:47 p.m. Transporto a DIOS hacia Mapa16 X:19 Y:51
13/07/2012 12:34:47 p.m. Agarro:300 Objeto:Monedas de Oro
13/07/2012 12:34:51 p.m. Transporto a DIOS hacia Mapa16 X:45 Y:91
13/07/2012 12:34:56 p.m. Transporto a DIOS hacia Mapa20 X:62 Y:77
13/07/2012 12:34:58 p.m. Transporto a DIOS hacia Mapa20 X:66 Y:73
13/07/2012 12:34:59 p.m. Transporto a DIOS hacia Mapa20 X:63 Y:66
13/07/2012 12:34:59 p.m. Transporto a DIOS hacia Mapa20 X:60 Y:61
13/07/2012 12:35:05 p.m. Transporto a DIOS hacia Mapa20 X:65 Y:58
13/07/2012 12:35:13 p.m. Transporto a DIOS hacia Mapa20 X:65 Y:52
13/07/2012 12:35:14 p.m. Transporto a DIOS hacia Mapa20 X:61 Y:48
13/07/2012 12:35:15 p.m. Transporto a DIOS hacia Mapa20 X:59 Y:45
13/07/2012 12:35:15 p.m. Transporto a DIOS hacia Mapa20 X:56 Y:40
13/07/2012 12:35:16 p.m. Transporto a DIOS hacia Mapa20 X:60 Y:42
13/07/2012 12:35:17 p.m. Transporto a DIOS hacia Mapa20 X:64 Y:45
13/07/2012 12:35:28 p.m. Transporto a DIOS hacia Mapa20 X:69 Y:41
13/07/2012 12:35:28 p.m. Transporto a DIOS hacia Mapa20 X:72 Y:41
13/07/2012 12:35:28 p.m. Transporto a DIOS hacia Mapa20 X:76 Y:41
13/07/2012 12:35:30 p.m. Transporto a DIOS hacia Mapa20 X:86 Y:40
13/07/2012 12:35:31 p.m. Transporto a DIOS hacia Mapa20 X:29 Y:49
13/07/2012 12:35:32 p.m. Transporto a DIOS hacia Mapa20 X:28 Y:56
13/07/2012 12:35:44 p.m. Transporto a DIOS hacia Mapa20 X:21 Y:40
13/07/2012 12:35:45 p.m. Transporto a DIOS hacia Mapa20 X:22 Y:41
13/07/2012 12:35:46 p.m. Transporto a DIOS hacia Mapa20 X:27 Y:42
13/07/2012 12:35:46 p.m. Transporto a DIOS hacia Mapa20 X:32 Y:43
13/07/2012 12:35:47 p.m. Transporto a DIOS hacia Mapa20 X:37 Y:43
13/07/2012 12:35:47 p.m. Transporto a DIOS hacia Mapa20 X:42 Y:42
13/07/2012 12:35:47 p.m. Transporto a DIOS hacia Mapa20 X:47 Y:41
13/07/2012 12:35:48 p.m. Transporto a DIOS hacia Mapa20 X:47 Y:43
13/07/2012 12:35:49 p.m. Transporto a DIOS hacia Mapa20 X:47 Y:45
13/07/2012 12:35:49 p.m. Transporto a DIOS hacia Mapa20 X:51 Y:44
13/07/2012 12:35:51 p.m. Transporto a DIOS hacia Mapa20 X:24 Y:33
13/07/2012 12:35:52 p.m. Transporto a DIOS hacia Mapa20 X:27 Y:32
13/07/2012 12:35:53 p.m. Transporto a DIOS hacia Mapa20 X:32 Y:30
13/07/2012 12:35:53 p.m. Transporto a DIOS hacia Mapa20 X:37 Y:28
13/07/2012 12:35:53 p.m. Transporto a DIOS hacia Mapa20 X:42 Y:29
13/07/2012 12:35:53 p.m. Transporto a DIOS hacia Mapa20 X:47 Y:31
13/07/2012 12:35:54 p.m. Transporto a DIOS hacia Mapa20 X:52 Y:33
13/07/2012 12:35:54 p.m. Transporto a DIOS hacia Mapa20 X:58 Y:33
13/07/2012 12:35:54 p.m. Transporto a DIOS hacia Mapa20 X:63 Y:32
13/07/2012 12:35:54 p.m. Transporto a DIOS hacia Mapa20 X:68 Y:30
13/07/2012 12:35:57 p.m. Transporto a DIOS hacia Mapa20 X:60 Y:24
13/07/2012 12:35:58 p.m. Agarro:300 Objeto:Monedas de Oro
13/07/2012 12:36:00 p.m. Transporto a DIOS hacia Mapa20 X:19 Y:74
13/07/2012 12:36:00 p.m. Transporto a DIOS hacia Mapa20 X:17 Y:81
13/07/2012 12:36:03 p.m. Transporto a DIOS hacia Mapa20 X:79 Y:76
13/07/2012 12:36:05 p.m. Transporto a DIOS hacia Mapa20 X:82 Y:68
13/07/2012 12:36:08 p.m. Transporto a DIOS hacia Mapa20 X:81 Y:60
13/07/2012 12:36:10 p.m. Transporto a DIOS hacia Mapa20 X:82 Y:54
13/07/2012 12:36:12 p.m. Transporto a DIOS hacia Mapa20 X:64 Y:80
13/07/2012 12:36:14 p.m. Transporto a DIOS hacia Mapa20 X:67 Y:75
13/07/2012 12:36:14 p.m. Transporto a DIOS hacia Mapa20 X:65 Y:70
13/07/2012 12:36:14 p.m. Transporto a DIOS hacia Mapa20 X:60 Y:68
13/07/2012 12:36:15 p.m. Transporto a DIOS hacia Mapa20 X:55 Y:67
13/07/2012 12:36:15 p.m. Transporto a DIOS hacia Mapa20 X:51 Y:67
13/07/2012 12:36:23 p.m. Transporto a DIOS hacia Mapa20 X:50 Y:63
13/07/2012 12:36:23 p.m. Transporto a DIOS hacia Mapa20 X:50 Y:60
13/07/2012 12:36:24 p.m. Transporto a DIOS hacia Mapa20 X:50 Y:55
13/07/2012 12:36:25 p.m. Transporto a DIOS hacia Mapa20 X:50 Y:51
13/07/2012 12:36:25 p.m. Transporto a DIOS hacia Mapa20 X:50 Y:47
13/07/2012 12:36:26 p.m. Transporto a DIOS hacia Mapa20 X:50 Y:49
13/07/2012 12:36:30 p.m. Transporto a DIOS hacia Mapa20 X:50 Y:52
13/07/2012 12:36:56 p.m. Transporto a DIOS hacia Mapa20 X:49 Y:46
13/07/2012 12:36:56 p.m. Transporto a DIOS hacia Mapa20 X:48 Y:43
13/07/2012 12:36:57 p.m. Transporto a DIOS hacia Mapa20 X:47 Y:39
13/07/2012 12:36:57 p.m. Transporto a DIOS hacia Mapa20 X:47 Y:36
13/07/2012 12:36:57 p.m. Transporto a DIOS hacia Mapa20 X:48 Y:32
13/07/2012 12:36:57 p.m. Transporto a DIOS hacia Mapa20 X:49 Y:29
13/07/2012 12:36:58 p.m. Transporto a DIOS hacia Mapa20 X:50 Y:24
13/07/2012 12:36:58 p.m. Transporto a DIOS hacia Mapa20 X:51 Y:19
13/07/2012 12:36:59 p.m. Transporto a DIOS hacia Mapa20 X:52 Y:11
13/07/2012 12:37:01 p.m. Transporto a DIOS hacia Mapa20 X:42 Y:75
13/07/2012 12:37:05 p.m. /CT: 1 50 50
13/07/2012 12:37:08 p.m. /DT
13/07/2012 12:39:12 p.m. Transporto a DIOS hacia Mapa48 X:50 Y:50
13/07/2012 12:39:16 p.m. Transporto a DIOS hacia Mapa48 X:48 Y:55
13/07/2012 12:39:17 p.m. Transporto a DIOS hacia Mapa48 X:41 Y:59
13/07/2012 12:39:18 p.m. Transporto a DIOS hacia Mapa48 X:39 Y:57
13/07/2012 12:39:18 p.m. Transporto a DIOS hacia Mapa48 X:38 Y:54
13/07/2012 12:39:19 p.m. Transporto a DIOS hacia Mapa48 X:38 Y:51
13/07/2012 12:39:19 p.m. Transporto a DIOS hacia Mapa48 X:43 Y:51
13/07/2012 12:39:20 p.m. Transporto a DIOS hacia Mapa48 X:48 Y:51
13/07/2012 12:39:20 p.m. Transporto a DIOS hacia Mapa48 X:54 Y:51
13/07/2012 12:39:20 p.m. Transporto a DIOS hacia Mapa48 X:60 Y:51
13/07/2012 12:39:21 p.m. Transporto a DIOS hacia Mapa48 X:58 Y:54
13/07/2012 12:39:21 p.m. Transporto a DIOS hacia Mapa48 X:56 Y:58
13/07/2012 12:39:21 p.m. Transporto a DIOS hacia Mapa48 X:54 Y:62
13/07/2012 12:39:22 p.m. Transporto a DIOS hacia Mapa48 X:56 Y:60
13/07/2012 12:39:25 p.m. Transporto a DIOS hacia Mapa143 X:37 Y:87
13/07/2012 12:39:30 p.m. Transporto a DIOS hacia Mapa144 X:91 Y:50
13/07/2012 12:39:31 p.m. Transporto a DIOS hacia Mapa144 X:92 Y:53
13/07/2012 12:39:33 p.m. Transporto a DIOS hacia Mapa145 X:76 Y:26
13/07/2012 12:39:45 p.m. Transporto a DIOS hacia Mapa144 X:63 Y:50
13/07/2012 12:39:45 p.m. Transporto a DIOS hacia Mapa144 X:57 Y:48
13/07/2012 12:39:47 p.m. Transporto a DIOS hacia Mapa144 X:55 Y:53
13/07/2012 12:39:47 p.m. Transporto a DIOS hacia Mapa144 X:53 Y:58
13/07/2012 12:39:50 p.m. Transporto a DIOS hacia Mapa144 X:48 Y:64
13/07/2012 12:39:56 p.m. Transporto a DIOS hacia Mapa144 X:39 Y:23
13/07/2012 12:39:58 p.m. Transporto a DIOS hacia Mapa144 X:39 Y:19
13/07/2012 12:40:01 p.m. Transporto a DIOS hacia Mapa143 X:11 Y:37
13/07/2012 12:40:04 p.m. Transporto a DIOS hacia Mapa141 X:47 Y:52
13/07/2012 12:40:05 p.m. Transporto a DIOS hacia Mapa141 X:70 Y:81
13/07/2012 12:40:05 p.m. Transporto a DIOS hacia Mapa141 X:53 Y:88
13/07/2012 12:40:08 p.m. Transporto a DIOS hacia Mapa140 X:53 Y:84
13/07/2012 12:40:09 p.m. Transporto a DIOS hacia Mapa140 X:53 Y:84
13/07/2012 12:40:10 p.m. Transporto a DIOS hacia Mapa140 X:49 Y:88
13/07/2012 12:40:17 p.m. Transporto a DIOS hacia Mapa100 X:50 Y:50
13/07/2012 12:40:23 p.m. Transporto a DIOS hacia Mapa99 X:50 Y:50
13/07/2012 12:40:27 p.m. Transporto a DIOS hacia Mapa98 X:50 Y:50
13/07/2012 12:40:39 p.m. Transporto a DIOS hacia Mapa150 X:50 Y:50
13/07/2012 01:31:20 p.m. Se conecto con ip:127.0.0.1
13/07/2012 01:31:26 p.m. Transporto a DIOS hacia Mapa1 X:50 Y:50
13/07/2012 01:31:44 p.m. /CI: 935
13/07/2012 01:31:49 p.m. /CI: 935
13/07/2012 01:32:23 p.m. /CI: 935
13/07/2012 01:32:55 p.m. /CI: 868
13/07/2012 01:32:56 p.m. Agarro:100 Objeto:Montura Reforzada (No magicos)
13/07/2012 01:33:06 p.m. /CI: 869
13/07/2012 01:33:07 p.m. Agarro:100 Objeto:Montura Reforzada (Semi-Magicos)
13/07/2012 01:33:16 p.m. /CI: 870
13/07/2012 01:33:17 p.m. Agarro:100 Objeto:Montura Reforzada (Magicos)
13/07/2012 01:33:27 p.m. /DEST
13/07/2012 01:33:35 p.m. Transporto a DIOS hacia Mapa1 X:61 Y:39
13/07/2012 01:33:35 p.m. Transporto a DIOS hacia Mapa1 X:64 Y:34
13/07/2012 01:33:35 p.m. Transporto a DIOS hacia Mapa1 X:67 Y:30
13/07/2012 01:33:36 p.m. Transporto a DIOS hacia Mapa1 X:70 Y:26
13/07/2012 01:33:36 p.m. Transporto a DIOS hacia Mapa1 X:69 Y:26
13/07/2012 01:33:36 p.m. Transporto a DIOS hacia Mapa1 X:68 Y:27
13/07/2012 01:33:36 p.m. Transporto a DIOS hacia Mapa1 X:66 Y:29
13/07/2012 01:33:37 p.m. Transporto a DIOS hacia Mapa1 X:64 Y:31
13/07/2012 01:33:37 p.m. Transporto a DIOS hacia Mapa1 X:62 Y:33
13/07/2012 01:33:37 p.m. Transporto a DIOS hacia Mapa1 X:60 Y:35
13/07/2012 01:33:38 p.m. Transporto a DIOS hacia Mapa1 X:59 Y:38
13/07/2012 01:33:38 p.m. Transporto a DIOS hacia Mapa1 X:58 Y:40
13/07/2012 01:33:39 p.m. Transporto a DIOS hacia Mapa1 X:57 Y:43
13/07/2012 01:33:42 p.m. Tiro cantidad:100 Objeto:Montura Reforzada (Magicos)
13/07/2012 01:33:44 p.m. /DEST
13/07/2012 01:33:48 p.m. Tiro cantidad:100 Objeto:Montura Reforzada (No magicos)
13/07/2012 01:33:50 p.m. /DEST
13/07/2012 01:34:49 p.m. /CI: 871
13/07/2012 01:38:06 p.m. /CI: 871
13/07/2012 01:40:05 p.m. Se conecto con ip:127.0.0.1
13/07/2012 01:40:11 p.m. /CI: 856
13/07/2012 01:40:12 p.m. Agarro:100 Objeto:Pendiente de sacrificio
13/07/2012 01:40:24 p.m. Tiro cantidad:100 Objeto:Pendiente de sacrificio
13/07/2012 01:41:13 p.m. /SUM NACEIL Map:1 X:55 Y:49
13/07/2012 01:41:22 p.m. Transporto a DIOS hacia Mapa1 X:54 Y:50
13/07/2012 01:41:36 p.m. /modmapinfo pk 0
13/07/2012 01:41:53 p.m. Agarro:1 Objeto:Pendiente de sacrificio
13/07/2012 01:42:00 p.m. Resucito a NACEIL
13/07/2012 06:04:30 p.m. Se conecto con ip:127.0.0.1
13/07/2012 06:04:50 p.m. DIOS HEAD 1
13/07/2012 06:04:57 p.m. DIOS HEAD 1
13/07/2012 06:05:12 p.m. /CI: 872
13/07/2012 06:05:13 p.m. Agarro:1000 Objeto:Amuleto del silencio
13/07/2012 06:05:45 p.m. Transporto a DIOS hacia Mapa1 X:38 Y:41
13/07/2012 06:05:46 p.m. Transporto a DIOS hacia Mapa1 X:41 Y:42
13/07/2012 06:05:46 p.m. Transporto a DIOS hacia Mapa1 X:43 Y:43
13/07/2012 06:05:46 p.m. Transporto a DIOS hacia Mapa1 X:47 Y:44
13/07/2012 06:05:46 p.m. Transporto a DIOS hacia Mapa1 X:50 Y:45
13/07/2012 06:05:47 p.m. Transporto a DIOS hacia Mapa1 X:53 Y:47
13/07/2012 06:05:47 p.m. Transporto a DIOS hacia Mapa1 X:57 Y:49
13/07/2012 06:05:47 p.m. Transporto a DIOS hacia Mapa1 X:59 Y:47
13/07/2012 06:05:48 p.m. Transporto a DIOS hacia Mapa1 X:63 Y:51
13/07/2012 06:05:50 p.m. Transporto a DIOS hacia Mapa1 X:62 Y:53
13/07/2012 06:05:52 p.m. Transporto a DIOS hacia Mapa1 X:59 Y:46
13/07/2012 06:17:13 p.m. Se conecto con ip:127.0.0.1
13/07/2012 06:17:22 p.m. Transporto a DIOS hacia Mapa1 X:57 Y:45
13/07/2012 06:17:23 p.m. Transporto a DIOS hacia Mapa1 X:58 Y:48
13/07/2012 06:17:31 p.m. /CI: 874
13/07/2012 06:17:31 p.m. Agarro:1000 Objeto:Orbe Acuatica
13/07/2012 06:17:37 p.m. Transporto a DIOS hacia Mapa1 X:57 Y:45
13/07/2012 06:17:49 p.m. Resucito a NACEIL
13/07/2012 06:18:05 p.m. Resucito a NACEIL
13/07/2012 06:18:38 p.m. Resucito a NACEIL
13/07/2012 06:18:46 p.m. Transporto a DIOS hacia Mapa1 X:58 Y:47
13/07/2012 06:19:20 p.m. Transporto a DIOS hacia Mapa1 X:57 Y:46
13/07/2012 06:19:22 p.m. Transporto a DIOS hacia Mapa1 X:59 Y:45
13/07/2012 06:19:22 p.m. Transporto a DIOS hacia Mapa1 X:62 Y:45
13/07/2012 06:19:24 p.m. Transporto a DIOS hacia Mapa1 X:61 Y:45
13/07/2012 06:19:26 p.m. Tiro cantidad:1 Objeto:Tunica de Absorcion Magica (RM+15)
13/07/2012 06:19:35 p.m. Transporto a DIOS hacia Mapa1 X:60 Y:42
13/07/2012 06:55:06 p.m. Se conecto con ip:127.0.0.1
13/07/2012 06:56:15 p.m. Se conecto con ip:127.0.0.1
13/07/2012 06:56:22 p.m. DIOS HEAD 2
13/07/2012 06:56:26 p.m. DIOS HEAD 190
13/07/2012 06:56:30 p.m. DIOS HEAD 174
13/07/2012 06:56:35 p.m. DIOS HEAD 130
13/07/2012 06:56:37 p.m. DIOS HEAD 100
13/07/2012 06:56:41 p.m. DIOS HEAD 33
13/07/2012 06:56:47 p.m. DIOS HEAD 36
13/07/2012 06:56:52 p.m. DIOS HEAD 34
13/07/2012 06:57:00 p.m. DIOS HEAD 189
13/07/2012 06:57:04 p.m. DIOS HEAD 170
13/07/2012 06:57:07 p.m. DIOS HEAD 180
13/07/2012 06:57:10 p.m. DIOS HEAD 200
13/07/2012 06:57:53 p.m. DIOS HEAD 4
13/07/2012 06:58:10 p.m. Tiro cantidad:1 Objeto:Anillo de Disolución Mágica
13/07/2012 06:58:13 p.m. /DEST
13/07/2012 07:00:06 p.m. Se conecto con ip:127.0.0.1
13/07/2012 07:00:10 p.m. /CI: 872
13/07/2012 07:00:11 p.m. Agarro:1000 Objeto:Amuleto del silencio
13/07/2012 07:00:14 p.m. /CI: 874
13/07/2012 07:00:15 p.m. Agarro:1000 Objeto:Orbe Acuatica
13/07/2012 07:00:34 p.m. Transporto a DIOS hacia Mapa1 X:58 Y:46
13/07/2012 07:00:36 p.m. Tiro cantidad:1 Objeto:Tunica de Absorcion Magica (RM+15)
13/07/2012 07:00:42 p.m. Tiro cantidad:1 Objeto:Gorro de Resistencia magica (RM+20)
13/07/2012 07:00:57 p.m. Transporto a DIOS hacia Mapa1 X:59 Y:45
13/07/2012 07:17:18 p.m. Se conecto con ip:127.0.0.1
13/07/2012 07:18:41 p.m. Tiro cantidad:1 Objeto:Tunica de Absorcion Magica (RM+15)
13/07/2012 07:18:45 p.m. Tiro cantidad:1 Objeto:Gorro de Resistencia magica (RM+20)
13/07/2012 07:18:51 p.m. Tiro cantidad:1 Objeto:Amuleto del silencio
13/07/2012 07:18:58 p.m. Tiro cantidad:1 Objeto:Pocion de remover paralizis
13/07/2012 07:19:08 p.m. /SUM NACEIL Map:1 X:58 Y:43
13/07/2012 07:19:14 p.m. /CI: 874
13/07/2012 07:19:14 p.m. Agarro:1000 Objeto:Orbe Acuatica
13/07/2012 07:23:16 p.m. Se conecto con ip:127.0.0.1
13/07/2012 07:24:16 p.m. Transporto a DIOS hacia Mapa1 X:58 Y:42
14/07/2012 01:49:19 p.m. Se conecto con ip:127.0.0.1
14/07/2012 01:49:53 p.m. Se conecto con ip:127.0.0.1
14/07/2012 01:50:17 p.m. DIOS EXP 9999999
14/07/2012 01:50:19 p.m. Transporto a DIOS hacia Mapa1 X:53 Y:50
14/07/2012 01:50:38 p.m. Transporto a DIOS hacia Mapa1 X:59 Y:48
14/07/2012 01:50:39 p.m. Transporto a DIOS hacia Mapa1 X:63 Y:48
14/07/2012 01:50:39 p.m. Transporto a DIOS hacia Mapa1 X:68 Y:47
14/07/2012 01:50:40 p.m. Transporto a DIOS hacia Mapa1 X:75 Y:46
14/07/2012 01:50:41 p.m. Transporto a DIOS hacia Mapa1 X:70 Y:51
14/07/2012 01:50:42 p.m. Transporto a DIOS hacia Mapa1 X:64 Y:51
14/07/2012 01:50:43 p.m. Transporto a DIOS hacia Mapa1 X:61 Y:49
14/07/2012 01:52:14 p.m. Se conecto con ip:127.0.0.1
14/07/2012 01:52:16 p.m. Transporto a DIOS hacia Mapa1 X:64 Y:47
14/07/2012 01:52:17 p.m. Transporto a DIOS hacia Mapa1 X:66 Y:53
14/07/2012 01:52:18 p.m. Transporto a DIOS hacia Mapa1 X:64 Y:57
14/07/2012 01:52:27 p.m. Transporto a DIOS hacia Mapa1 X:62 Y:63
14/07/2012 01:52:28 p.m. Transporto a DIOS hacia Mapa1 X:61 Y:65
14/07/2012 01:52:44 p.m. /inv dios
14/07/2012 01:52:50 p.m. Transporto a DIOS hacia Mapa1 X:62 Y:59
14/07/2012 02:40:15 p.m. Se conecto con ip:127.0.0.1
14/07/2012 02:40:30 p.m. Mensaje Broadcast:hola
14/07/2012 02:40:37 p.m. Mensaje del servidor:HOla
14/07/2012 02:41:05 p.m. /CI: 871
14/07/2012 02:41:06 p.m. Agarro:1000 Objeto:Escudo de Reflexion (RM+30)
14/07/2012 02:41:20 p.m. Transporto a DIOS hacia Mapa1 X:55 Y:48
14/07/2012 02:41:32 p.m. Transporto a DIOS hacia Mapa1 X:46 Y:55
14/07/2012 02:41:59 p.m. /CI: 378
14/07/2012 02:42:07 p.m. /CI: 378
14/07/2012 02:42:14 p.m. /DEST
14/07/2012 02:42:20 p.m. /CI: 378
14/07/2012 02:42:25 p.m. Transporto a DIOS hacia Mapa1 X:45 Y:46
14/07/2012 02:42:25 p.m. Transporto a DIOS hacia Mapa1 X:49 Y:46
14/07/2012 02:42:26 p.m. Transporto a DIOS hacia Mapa1 X:54 Y:47
14/07/2012 02:42:26 p.m. Transporto a DIOS hacia Mapa1 X:59 Y:48
14/07/2012 02:42:26 p.m. Transporto a DIOS hacia Mapa1 X:63 Y:50
14/07/2012 02:42:27 p.m. Transporto a DIOS hacia Mapa1 X:61 Y:47
14/07/2012 02:42:27 p.m. Transporto a DIOS hacia Mapa1 X:58 Y:45
14/07/2012 02:42:36 p.m. Transporto a DIOS hacia Mapa1 X:37 Y:12
14/07/2012 02:42:37 p.m. Transporto a DIOS hacia Mapa1 X:35 Y:11
14/07/2012 02:42:39 p.m. Transporto a DIOS hacia Mapa5 X:36 Y:84
14/07/2012 02:42:40 p.m. Transporto a DIOS hacia Mapa5 X:41 Y:74
14/07/2012 02:42:40 p.m. Transporto a DIOS hacia Mapa5 X:46 Y:67
14/07/2012 02:42:42 p.m. Transporto a DIOS hacia Mapa5 X:64 Y:33
14/07/2012 02:42:44 p.m. Transporto a DIOS hacia Mapa5 X:70 Y:28
14/07/2012 02:42:44 p.m. Transporto a DIOS hacia Mapa5 X:75 Y:23
14/07/2012 02:42:44 p.m. Transporto a DIOS hacia Mapa5 X:78 Y:18
14/07/2012 02:42:46 p.m. Transporto a DIOS hacia Mapa5 X:54 Y:12
14/07/2012 02:42:49 p.m. Transporto a DIOS hacia Mapa6 X:47 Y:12
14/07/2012 02:42:49 p.m. Transporto a DIOS hacia Mapa6 X:44 Y:9
14/07/2012 02:42:50 p.m. Transporto a DIOS hacia Mapa7 X:44 Y:9
14/07/2012 02:42:52 p.m. Transporto a DIOS hacia Mapa53 X:45 Y:7
14/07/2012 02:42:53 p.m. Transporto a DIOS hacia Mapa54 X:46 Y:9
14/07/2012 02:42:53 p.m. Transporto a DIOS hacia Mapa55 X:46 Y:9
14/07/2012 02:42:54 p.m. Transporto a DIOS hacia Mapa56 X:51 Y:9
14/07/2012 02:42:55 p.m. Transporto a DIOS hacia Mapa57 X:51 Y:9
14/07/2012 02:42:56 p.m. Transporto a DIOS hacia Mapa58 X:51 Y:9
14/07/2012 02:42:57 p.m. Transporto a DIOS hacia Mapa58 X:42 Y:15
14/07/2012 02:43:01 p.m. Transporto a DIOS hacia Mapa59 X:42 Y:83
14/07/2012 02:43:02 p.m. Transporto a DIOS hacia Mapa59 X:42 Y:77
14/07/2012 02:43:02 p.m. Transporto a DIOS hacia Mapa59 X:42 Y:71
14/07/2012 02:43:03 p.m. Transporto a DIOS hacia Mapa59 X:42 Y:64
14/07/2012 02:43:03 p.m. Transporto a DIOS hacia Mapa59 X:42 Y:58
14/07/2012 02:43:03 p.m. Transporto a DIOS hacia Mapa59 X:42 Y:53
14/07/2012 02:43:04 p.m. Transporto a DIOS hacia Mapa59 X:42 Y:46
14/07/2012 02:43:05 p.m. Transporto a DIOS hacia Mapa59 X:47 Y:43
14/07/2012 02:43:05 p.m. Transporto a DIOS hacia Mapa59 X:52 Y:41
14/07/2012 02:43:05 p.m. Transporto a DIOS hacia Mapa59 X:52 Y:39
14/07/2012 02:43:06 p.m. Transporto a DIOS hacia Mapa59 X:51 Y:40
14/07/2012 02:43:09 p.m. Transporto a DIOS hacia Mapa59 X:52 Y:37
14/07/2012 02:43:10 p.m. Transporto a DIOS hacia Mapa59 X:39 Y:22
14/07/2012 02:43:11 p.m. Transporto a DIOS hacia Mapa59 X:38 Y:14
14/07/2012 02:43:11 p.m. Transporto a DIOS hacia Mapa59 X:37 Y:10
14/07/2012 02:43:12 p.m. Transporto a DIOS hacia Mapa59 X:34 Y:9
14/07/2012 02:43:12 p.m. Transporto a DIOS hacia Mapa59 X:31 Y:8
14/07/2012 02:43:12 p.m. Transporto a DIOS hacia Mapa59 X:30 Y:7
14/07/2012 02:43:13 p.m. Transporto a DIOS hacia Mapa59 X:17 Y:48
14/07/2012 02:43:13 p.m. Transporto a DIOS hacia Mapa59 X:21 Y:38
14/07/2012 02:43:14 p.m. Transporto a DIOS hacia Mapa59 X:25 Y:31
14/07/2012 02:43:17 p.m. Transporto a DIOS hacia Mapa59 X:26 Y:16
14/07/2012 02:43:20 p.m. Transporto a DIOS hacia Mapa60 X:68 Y:54
14/07/2012 02:43:22 p.m. Transporto a DIOS hacia Mapa60 X:68 Y:43
14/07/2012 02:43:29 p.m. Transporto a DIOS hacia Mapa1 X:70 Y:70
14/07/2012 02:43:31 p.m. Transporto a DIOS hacia Mapa1 X:51 Y:43
14/07/2012 02:43:32 p.m. Transporto a DIOS hacia Mapa1 X:59 Y:43
14/07/2012 02:51:18 p.m. Se conecto con ip:127.0.0.1
14/07/2012 02:51:56 p.m. Transporto a DIOS hacia Mapa1 X:60 Y:42
14/07/2012 02:52:11 p.m. /modmapinfo pk 1
14/07/2012 03:09:40 p.m. Se conecto con ip:127.0.0.1
14/07/2012 03:13:52 p.m. Se conecto con ip:127.0.0.1
14/07/2012 03:14:38 p.m. Se conecto con ip:127.0.0.1
14/07/2012 03:15:22 p.m. Se conecto con ip:127.0.0.1
14/07/2012 03:15:54 p.m. Se conecto con ip:127.0.0.1
14/07/2012 03:16:12 p.m. Transporto a DIOS hacia Mapa1 X:59 Y:44
14/07/2012 03:17:46 p.m. Se conecto con ip:127.0.0.1
14/07/2012 03:19:29 p.m. Transporto a DIOS hacia Mapa1 X:73 Y:61
14/07/2012 03:19:31 p.m. Transporto a DIOS hacia Mapa1 X:72 Y:63
14/07/2012 03:19:31 p.m. Transporto a DIOS hacia Mapa1 X:67 Y:62
14/07/2012 03:19:31 p.m. Transporto a DIOS hacia Mapa1 X:64 Y:60
14/07/2012 03:19:32 p.m. Transporto a DIOS hacia Mapa1 X:60 Y:57
14/07/2012 03:19:32 p.m. Transporto a DIOS hacia Mapa1 X:57 Y:54
14/07/2012 03:19:32 p.m. Transporto a DIOS hacia Mapa1 X:53 Y:50
14/07/2012 03:19:33 p.m. Transporto a DIOS hacia Mapa1 X:48 Y:48
14/07/2012 03:19:33 p.m. Transporto a DIOS hacia Mapa1 X:45 Y:47
14/07/2012 03:19:34 p.m. Transporto a DIOS hacia Mapa1 X:42 Y:47
14/07/2012 03:19:35 p.m. Transporto a DIOS hacia Mapa1 X:40 Y:43
14/07/2012 03:19:36 p.m. Transporto a DIOS hacia Mapa1 X:35 Y:41
14/07/2012 03:19:44 p.m. Transporto a DIOS hacia Mapa1 X:44 Y:48
14/07/2012 03:19:45 p.m. Transporto a DIOS hacia Mapa1 X:51 Y:48
14/07/2012 03:19:45 p.m. Transporto a DIOS hacia Mapa1 X:59 Y:49
14/07/2012 03:20:00 p.m. /CI: 37
14/07/2012 03:20:01 p.m. Agarro:1000 Objeto:Poción Azul
14/07/2012 03:20:19 p.m. Transporto a DIOS hacia Mapa1 X:58 Y:57
14/07/2012 03:20:20 p.m. Transporto a DIOS hacia Mapa1 X:55 Y:61
14/07/2012 03:20:20 p.m. Transporto a DIOS hacia Mapa1 X:52 Y:62
14/07/2012 03:20:20 p.m. Transporto a DIOS hacia Mapa1 X:50 Y:61
14/07/2012 03:20:21 p.m. Transporto a DIOS hacia Mapa1 X:48 Y:62
14/07/2012 03:20:22 p.m. Transporto a DIOS hacia Mapa1 X:41 Y:59
14/07/2012 03:20:23 p.m. Transporto a DIOS hacia Mapa1 X:36 Y:56
14/07/2012 03:20:23 p.m. Transporto a DIOS hacia Mapa1 X:34 Y:51
14/07/2012 03:20:23 p.m. Transporto a DIOS hacia Mapa1 X:35 Y:46
14/07/2012 03:20:23 p.m. Transporto a DIOS hacia Mapa1 X:38 Y:41
14/07/2012 03:20:23 p.m. Transporto a DIOS hacia Mapa1 X:42 Y:38
14/07/2012 03:20:24 p.m. Transporto a DIOS hacia Mapa1 X:46 Y:37
14/07/2012 03:20:24 p.m. Transporto a DIOS hacia Mapa1 X:51 Y:37
14/07/2012 03:20:24 p.m. Transporto a DIOS hacia Mapa1 X:56 Y:39
14/07/2012 03:20:24 p.m. Transporto a DIOS hacia Mapa1 X:60 Y:41
14/07/2012 03:20:25 p.m. Transporto a DIOS hacia Mapa1 X:60 Y:44
14/07/2012 03:20:25 p.m. Transporto a DIOS hacia Mapa1 X:59 Y:47
14/07/2012 03:20:25 p.m. Transporto a DIOS hacia Mapa1 X:59 Y:48
14/07/2012 03:20:26 p.m. Transporto a DIOS hacia Mapa1 X:59 Y:45
14/07/2012 03:20:26 p.m. Transporto a DIOS hacia Mapa1 X:60 Y:43
14/07/2012 03:20:27 p.m. Transporto a DIOS hacia Mapa1 X:60 Y:44
14/07/2012 03:20:27 p.m. Transporto a DIOS hacia Mapa1 X:60 Y:46
14/07/2012 03:37:00 p.m. Se conecto con ip:127.0.0.1
14/07/2012 03:48:32 p.m. Se conecto con ip:127.0.0.1
14/07/2012 03:49:19 p.m. Transporto a DIOS hacia Mapa1 X:69 Y:55
14/07/2012 03:49:19 p.m. Transporto a DIOS hacia Mapa1 X:64 Y:53
14/07/2012 03:49:20 p.m. Transporto a DIOS hacia Mapa1 X:59 Y:50
14/07/2012 03:51:52 p.m. Se conecto con ip:127.0.0.1
14/07/2012 03:52:18 p.m. /SUM NACEIL Map:1 X:57 Y:46
14/07/2012 03:53:16 p.m. Se conecto con ip:127.0.0.1
14/07/2012 03:59:01 p.m. Se conecto con ip:127.0.0.1
14/07/2012 03:59:08 p.m. NACEIL EXP 999999999
14/07/2012 03:59:19 p.m. NACEIL EXP 99999999
14/07/2012 03:59:25 p.m. NACEIL EXP 9999999
14/07/2012 03:59:45 p.m. NACEIL SKILLS LIDERAZGO 90
14/07/2012 03:59:49 p.m. DIOS CLASE CLERIGO
14/07/2012 04:00:00 p.m. /SUM NACEIL Map:1 X:60 Y:47
14/07/2012 04:00:03 p.m. Transporto a DIOS hacia Mapa1 X:59 Y:45
14/07/2012 04:00:03 p.m. Transporto a DIOS hacia Mapa1 X:58 Y:43
14/07/2012 04:02:15 p.m. Se conecto con ip:127.0.0.1
14/07/2012 04:02:22 p.m. MINUSCULAS EXP 999999
14/07/2012 04:02:32 p.m. MINUSCULAS EXP 1
14/07/2012 04:13:07 p.m. Se conecto con ip:127.0.0.1
14/07/2012 04:15:06 p.m. Se conecto con ip:127.0.0.1
14/07/2012 04:16:52 p.m. Se conecto con ip:127.0.0.1
14/07/2012 04:18:24 p.m. Se conecto con ip:127.0.0.1
14/07/2012 04:18:46 p.m. Se conecto con ip:127.0.0.1
14/07/2012 04:19:09 p.m. Se conecto con ip:127.0.0.1
14/07/2012 04:25:09 p.m. Se conecto con ip:127.0.0.1
14/07/2012 04:30:43 p.m. Se conecto con ip:127.0.0.1
14/07/2012 04:34:15 p.m. Se conecto con ip:127.0.0.1
14/07/2012 04:52:08 p.m. Se conecto con ip:127.0.0.1
14/07/2012 05:04:25 p.m. Se conecto con ip:127.0.0.1
14/07/2012 05:06:58 p.m. Se conecto con ip:127.0.0.1
14/07/2012 06:16:32 p.m. Se conecto con ip:127.0.0.1
14/07/2012 06:16:55 p.m. Se conecto con ip:127.0.0.1
14/07/2012 06:17:02 p.m. Transporto a DIOS hacia Mapa1 X:52 Y:50
14/07/2012 06:17:10 p.m. DIOS EXP 99999
14/07/2012 06:17:20 p.m. DIOS EXP 99999999
14/07/2012 06:17:27 p.m. DIOS EXP 9999999
14/07/2012 06:17:39 p.m. DIOS EXP 9999999
14/07/2012 06:17:53 p.m. Transporto a DIOS hacia Mapa1 X:49 Y:42
14/07/2012 07:09:47 p.m. Se conecto con ip:127.0.0.1
14/07/2012 07:10:30 p.m. Transporto a DIOS hacia Mapa1 X:57 Y:44
14/07/2012 07:13:07 p.m. Mensaje Broadcast:Chee !
15/07/2012 04:22:44 p.m. Se conecto con ip:127.0.0.1
15/07/2012 04:23:06 p.m. /CI: 879
15/07/2012 04:23:06 p.m. Agarro:1000 Objeto:Casco Real
15/07/2012 04:23:51 p.m. Tiro cantidad:100 Objeto:Martillo de Herrero
15/07/2012 04:23:53 p.m. /DEST
15/07/2012 04:23:55 p.m. Tiro cantidad:100 Objeto:Escudo Infernal
15/07/2012 04:23:57 p.m. /DEST
15/07/2012 04:24:09 p.m. /CI: 878
15/07/2012 04:24:10 p.m. Agarro:1000 Objeto:Nudillos de oro
15/07/2012 04:24:51 p.m. Transporto a DIOS hacia Mapa1 X:60 Y:47
15/07/2012 04:24:58 p.m. /SUM MiNuScUlAS Map:1 X:60 Y:46
15/07/2012 04:25:08 p.m. /modmapinfo pk 0
15/07/2012 04:25:20 p.m. Resucito a MiNuScUlAS
15/07/2012 04:25:29 p.m. Tiro cantidad:1 Objeto:Tunica de Absorcion Magica (RM+15)
15/07/2012 04:25:40 p.m. Tiro cantidad:1 Objeto:Casco Real
15/07/2012 04:25:51 p.m. /SUM MiNuScUlAS Map:1 X:60 Y:45
15/07/2012 04:25:58 p.m. Resucito a MiNuScUlAS
15/07/2012 04:26:53 p.m. Transporto a DIOS hacia Mapa1 X:50 Y:65
15/07/2012 04:26:55 p.m. Transporto a DIOS hacia Mapa1 X:62 Y:46
15/07/2012 04:27:02 p.m. Transporto a DIOS hacia Mapa1 X:56 Y:56
15/07/2012 04:27:22 p.m. Mensaje Broadcast:Hola
15/07/2012 04:27:24 p.m. Mensaje del servidor:Hola
15/07/2012 04:27:27 p.m. Mensaje a Gms:HOLA
15/07/2012 04:27:30 p.m. Mensaje de sistema:HOLA
15/07/2012 04:27:34 p.m. Transporto a DIOS hacia Mapa1 X:58 Y:51
15/07/2012 04:27:35 p.m. Transporto a DIOS hacia Mapa1 X:60 Y:46
15/07/2012 04:33:22 p.m. Se conecto con ip:127.0.0.1
15/07/2012 04:33:29 p.m. Tiro cantidad:99 Objeto:Pocion de remover paralizis
15/07/2012 04:33:32 p.m. /DEST
15/07/2012 04:33:33 p.m. Tiro cantidad:100 Objeto:Casco del GM
15/07/2012 04:33:35 p.m. /DEST
15/07/2012 04:33:40 p.m. /CI: 883
15/07/2012 04:33:40 p.m. Agarro:1000 Objeto:Lentes de sol
15/07/2012 04:33:48 p.m. /CI: 882
15/07/2012 04:33:49 p.m. Agarro:1000 Objeto:Mascara de luchador
15/07/2012 04:34:00 p.m. DIOS HEAD 4
15/07/2012 04:34:05 p.m. DIOS HEAD 1
15/07/2012 04:34:17 p.m. /CI: 881
15/07/2012 04:34:18 p.m. Agarro:1000 Objeto:Corona del rey
15/07/2012 04:34:36 p.m. Tiro cantidad:98 Objeto:Transformar en Araña
15/07/2012 04:34:37 p.m. /DEST
15/07/2012 04:34:39 p.m. Tiro cantidad:95 Objeto:Pocion de invisibilidad
15/07/2012 04:34:41 p.m. /DEST
15/07/2012 04:44:43 p.m. /CI: 876
15/07/2012 04:44:44 p.m. Agarro:1000 Objeto:Runa de teletransportación
15/07/2012 04:44:51 p.m. /modmapinfo pk 1
15/07/2012 04:45:05 p.m. Transporto a DIOS hacia Mapa1 X:62 Y:36
15/07/2012 04:45:05 p.m. Transporto a DIOS hacia Mapa1 X:67 Y:30
15/07/2012 04:45:06 p.m. Transporto a DIOS hacia Mapa1 X:72 Y:24
15/07/2012 04:45:09 p.m. Transporto a DIOS hacia Mapa60 X:50 Y:50
15/07/2012 04:45:35 p.m. /DEST
15/07/2012 04:45:42 p.m. Tiro cantidad:1000 Objeto:Mascara de luchador
15/07/2012 04:45:44 p.m. /DEST
15/07/2012 04:45:48 p.m. Tiro cantidad:100 Objeto:Anillo de los Dioses
15/07/2012 04:45:50 p.m. /DEST
15/07/2012 04:45:52 p.m. Tiro cantidad:999 Objeto:Casco Real
15/07/2012 04:45:54 p.m. /DEST
15/07/2012 04:46:01 p.m. Tiro cantidad:1 Objeto:Pendiente de sacrificio
15/07/2012 04:46:02 p.m. /DEST
15/07/2012 04:46:05 p.m. Tiro cantidad:99 Objeto:Gorro de Resistencia magica (RM+20)
15/07/2012 04:46:07 p.m. /DEST
15/07/2012 04:46:12 p.m. DIOS HEAD 5
15/07/2012 04:46:15 p.m. DIOS HEAD 4
15/07/2012 04:46:36 p.m. Tiro cantidad:1000 Objeto:Corona del rey
15/07/2012 04:46:37 p.m. /DEST
15/07/2012 04:46:40 p.m. Tiro cantidad:1100 Objeto:Escudo de Reflexion (RM+30)
15/07/2012 04:46:41 p.m. Agarro:1100 Objeto:Escudo de Reflexion (RM+30)
15/07/2012 04:46:44 p.m. Tiro cantidad:1000 Objeto:Nudillos de oro
15/07/2012 04:46:45 p.m. Agarro:1000 Objeto:Nudillos de oro
15/07/2012 04:46:47 p.m. Tiro cantidad:1000 Objeto:Lentes de sol
15/07/2012 04:46:47 p.m. Agarro:1000 Objeto:Lentes de sol
15/07/2012 04:46:49 p.m. Tiro cantidad:100 Objeto:Espada Argentum
15/07/2012 04:46:50 p.m. Agarro:100 Objeto:Espada Argentum
15/07/2012 04:46:55 p.m. Tiro cantidad:1000 Objeto:Orbe Acuatica
15/07/2012 04:46:55 p.m. Agarro:1000 Objeto:Orbe Acuatica
15/07/2012 04:56:19 p.m. Se conecto con ip:127.0.0.1
15/07/2012 04:56:26 p.m. Transporto a DIOS hacia Mapa1 X:62 Y:37
15/07/2012 04:56:27 p.m. Transporto a DIOS hacia Mapa1 X:67 Y:32
15/07/2012 04:56:36 p.m. Transporto a DIOS hacia Mapa170 X:60 Y:60
15/07/2012 04:56:49 p.m. Se conecto con ip:127.0.0.1
15/07/2012 04:57:04 p.m. Transporto a DIOS hacia Mapa190 X:50 Y:50
15/07/2012 04:57:07 p.m. Transporto a DIOS hacia Mapa190 X:37 Y:26
15/07/2012 04:57:22 p.m. Transporto a DIOS hacia Mapa191 X:50 Y:50
15/07/2012 04:57:27 p.m. Transporto a DIOS hacia Mapa191 X:74 Y:41
15/07/2012 04:57:28 p.m. Transporto a DIOS hacia Mapa191 X:76 Y:34
15/07/2012 04:57:29 p.m. Transporto a DIOS hacia Mapa191 X:72 Y:30
15/07/2012 04:57:29 p.m. Transporto a DIOS hacia Mapa191 X:69 Y:30
15/07/2012 04:57:29 p.m. Transporto a DIOS hacia Mapa191 X:71 Y:35
15/07/2012 04:57:29 p.m. Transporto a DIOS hacia Mapa191 X:73 Y:35
15/07/2012 04:57:29 p.m. Transporto a DIOS hacia Mapa191 X:79 Y:40
15/07/2012 04:57:30 p.m. Transporto a DIOS hacia Mapa191 X:84 Y:45
15/07/2012 04:57:30 p.m. Transporto a DIOS hacia Mapa191 X:89 Y:48
15/07/2012 04:57:30 p.m. Transporto a DIOS hacia Mapa191 X:86 Y:49
15/07/2012 04:57:30 p.m. Transporto a DIOS hacia Mapa191 X:81 Y:50
15/07/2012 04:57:31 p.m. Transporto a DIOS hacia Mapa191 X:76 Y:48
15/07/2012 04:57:31 p.m. Transporto a DIOS hacia Mapa191 X:70 Y:45
15/07/2012 04:57:31 p.m. Transporto a DIOS hacia Mapa191 X:63 Y:42
15/07/2012 04:57:31 p.m. Transporto a DIOS hacia Mapa191 X:57 Y:40
15/07/2012 04:57:31 p.m. Transporto a DIOS hacia Mapa191 X:51 Y:40
15/07/2012 04:57:31 p.m. Transporto a DIOS hacia Mapa191 X:45 Y:40
15/07/2012 04:57:32 p.m. Transporto a DIOS hacia Mapa191 X:39 Y:40
15/07/2012 04:57:32 p.m. Transporto a DIOS hacia Mapa191 X:32 Y:40
15/07/2012 04:57:32 p.m. Transporto a DIOS hacia Mapa191 X:29 Y:42
15/07/2012 04:57:32 p.m. Transporto a DIOS hacia Mapa191 X:30 Y:45
15/07/2012 04:57:32 p.m. Transporto a DIOS hacia Mapa191 X:33 Y:47
15/07/2012 04:57:33 p.m. Transporto a DIOS hacia Mapa191 X:35 Y:51
15/07/2012 04:57:33 p.m. Transporto a DIOS hacia Mapa191 X:36 Y:56
15/07/2012 04:57:33 p.m. Transporto a DIOS hacia Mapa191 X:35 Y:61
15/07/2012 04:57:33 p.m. Transporto a DIOS hacia Mapa191 X:33 Y:65
15/07/2012 04:57:33 p.m. Transporto a DIOS hacia Mapa191 X:34 Y:66
15/07/2012 04:57:34 p.m. Transporto a DIOS hacia Mapa191 X:38 Y:67
15/07/2012 04:57:34 p.m. Transporto a DIOS hacia Mapa191 X:45 Y:69
15/07/2012 04:57:34 p.m. Transporto a DIOS hacia Mapa191 X:50 Y:68
15/07/2012 04:57:34 p.m. Transporto a DIOS hacia Mapa191 X:54 Y:68
15/07/2012 04:57:34 p.m. Transporto a DIOS hacia Mapa191 X:56 Y:71
15/07/2012 04:57:35 p.m. Transporto a DIOS hacia Mapa191 X:55 Y:74
15/07/2012 04:57:35 p.m. Transporto a DIOS hacia Mapa191 X:54 Y:77
15/07/2012 04:57:39 p.m. Transporto a DIOS hacia Mapa192 X:50 Y:50
15/07/2012 04:57:42 p.m. Transporto a DIOS hacia Mapa192 X:46 Y:38
15/07/2012 04:57:42 p.m. Transporto a DIOS hacia Mapa192 X:42 Y:34
15/07/2012 04:57:43 p.m. Transporto a DIOS hacia Mapa192 X:39 Y:31
15/07/2012 04:57:43 p.m. Transporto a DIOS hacia Mapa192 X:39 Y:26
15/07/2012 04:57:43 p.m. Transporto a DIOS hacia Mapa192 X:40 Y:22
15/07/2012 04:57:44 p.m. Transporto a DIOS hacia Mapa192 X:45 Y:20
15/07/2012 04:57:45 p.m. Transporto a DIOS hacia Mapa192 X:58 Y:20
15/07/2012 04:57:45 p.m. Transporto a DIOS hacia Mapa192 X:66 Y:23
15/07/2012 04:57:46 p.m. Transporto a DIOS hacia Mapa192 X:73 Y:27
15/07/2012 04:57:46 p.m. Transporto a DIOS hacia Mapa192 X:80 Y:32
15/07/2012 04:57:46 p.m. Transporto a DIOS hacia Mapa192 X:86 Y:37
15/07/2012 04:57:46 p.m. Transporto a DIOS hacia Mapa192 X:91 Y:42
15/07/2012 04:57:48 p.m. Transporto a DIOS hacia Mapa192 X:89 Y:43
15/07/2012 04:57:49 p.m. Transporto a DIOS hacia Mapa192 X:85 Y:44
15/07/2012 04:57:51 p.m. Transporto a DIOS hacia Mapa192 X:39 Y:85
15/07/2012 04:57:56 p.m. Transporto a DIOS hacia Mapa189 X:50 Y:50
15/07/2012 04:57:59 p.m. Transporto a DIOS hacia Mapa189 X:56 Y:44
15/07/2012 04:57:59 p.m. Transporto a DIOS hacia Mapa189 X:59 Y:40
15/07/2012 04:57:59 p.m. Transporto a DIOS hacia Mapa189 X:60 Y:35
15/07/2012 04:57:59 p.m. Transporto a DIOS hacia Mapa189 X:61 Y:31
15/07/2012 04:57:59 p.m. Transporto a DIOS hacia Mapa189 X:61 Y:26
15/07/2012 04:58:00 p.m. Transporto a DIOS hacia Mapa189 X:61 Y:21
15/07/2012 04:58:00 p.m. Transporto a DIOS hacia Mapa189 X:60 Y:17
15/07/2012 04:58:00 p.m. Transporto a DIOS hacia Mapa189 X:59 Y:12
15/07/2012 04:58:00 p.m. Transporto a DIOS hacia Mapa189 X:58 Y:7
15/07/2012 04:58:07 p.m. Transporto a DIOS hacia Mapa190 X:50 Y:50
15/07/2012 04:58:17 p.m. /modmapinfo pk 1
15/07/2012 05:01:02 p.m. Se conecto con ip:127.0.0.1
15/07/2012 05:01:28 p.m. Transporto a DIOS hacia Mapa59 X:50 Y:50
15/07/2012 05:01:33 p.m. Transporto a DIOS hacia Mapa61 X:50 Y:50
15/07/2012 05:01:35 p.m. Transporto a DIOS hacia Mapa61 X:46 Y:47
15/07/2012 05:01:36 p.m. Transporto a DIOS hacia Mapa61 X:48 Y:83
15/07/2012 05:01:40 p.m. Transporto a DIOS hacia Mapa60 X:54 Y:84
15/07/2012 05:01:41 p.m. Transporto a DIOS hacia Mapa60 X:54 Y:84
15/07/2012 05:01:43 p.m. Transporto a DIOS hacia Mapa60 X:52 Y:89
15/07/2012 05:01:43 p.m. Transporto a DIOS hacia Mapa60 X:52 Y:88
15/07/2012 05:01:43 p.m. Transporto a DIOS hacia Mapa60 X:53 Y:88
15/07/2012 05:01:51 p.m. Transporto a DIOS hacia Mapa60 X:46 Y:90
15/07/2012 05:01:51 p.m. Transporto a DIOS hacia Mapa60 X:39 Y:91
15/07/2012 05:01:52 p.m. Transporto a DIOS hacia Mapa60 X:32 Y:92
15/07/2012 05:01:54 p.m. /CI: 864
15/07/2012 05:01:56 p.m. Transporto a DIOS hacia Mapa60 X:32 Y:91
15/07/2012 05:01:56 p.m. Agarro:1000 Objeto:Pocion de remover paralizis
15/07/2012 05:02:00 p.m. Transporto a DIOS hacia Mapa60 X:50 Y:94
15/07/2012 05:02:02 p.m. Transporto a DIOS hacia Mapa59 X:46 Y:87
15/07/2012 05:02:07 p.m. Transporto a DIOS hacia Mapa58 X:85 Y:61
15/07/2012 05:02:09 p.m. Transporto a DIOS hacia Mapa158 X:59 Y:37
15/07/2012 05:14:21 p.m. Se conecto con ip:127.0.0.1
15/07/2012 05:52:11 p.m. Se conecto con ip:127.0.0.1
15/07/2012 05:52:14 p.m. Transporto a DIOS hacia Mapa158 X:71 Y:26
15/07/2012 05:52:14 p.m. Transporto a DIOS hacia Mapa158 X:77 Y:23
15/07/2012 05:52:14 p.m. Transporto a DIOS hacia Mapa158 X:85 Y:21
15/07/2012 05:52:18 p.m. Transporto a DIOS hacia Mapa1 X:50 Y:50
15/07/2012 05:52:24 p.m. Transporto a DIOS hacia Mapa1 X:49 Y:54
15/07/2012 05:52:24 p.m. Transporto a DIOS hacia Mapa1 X:41 Y:56
15/07/2012 05:52:25 p.m. Transporto a DIOS hacia Mapa1 X:35 Y:59
15/07/2012 05:52:26 p.m. Transporto a DIOS hacia Mapa1 X:35 Y:54
15/07/2012 05:52:27 p.m. Transporto a DIOS hacia Mapa1 X:35 Y:49
15/07/2012 05:52:27 p.m. Transporto a DIOS hacia Mapa1 X:34 Y:45
15/07/2012 05:52:27 p.m. Transporto a DIOS hacia Mapa1 X:33 Y:43
15/07/2012 05:52:28 p.m. Transporto a DIOS hacia Mapa1 X:37 Y:37
15/07/2012 05:52:29 p.m. Transporto a DIOS hacia Mapa1 X:40 Y:33
15/07/2012 06:28:38 p.m. Se conecto con ip:127.0.0.1
15/07/2012 06:58:49 p.m. Se conecto con ip:127.0.0.1
15/07/2012 06:59:59 p.m. Transporto a DIOS hacia Mapa1 X:53 Y:49
15/07/2012 06:59:59 p.m. Transporto a DIOS hacia Mapa1 X:48 Y:52
15/07/2012 07:00:01 p.m. Transporto a DIOS hacia Mapa1 X:50 Y:53
15/07/2012 07:00:02 p.m. Transporto a DIOS hacia Mapa1 X:46 Y:50
15/07/2012 07:00:03 p.m. Transporto a DIOS hacia Mapa1 X:45 Y:46
15/07/2012 07:00:04 p.m. Transporto a DIOS hacia Mapa1 X:45 Y:46
15/07/2012 07:00:06 p.m. Transporto a DIOS hacia Mapa1 X:50 Y:46
15/07/2012 07:00:06 p.m. Transporto a DIOS hacia Mapa1 X:55 Y:48
15/07/2012 07:00:06 p.m. Transporto a DIOS hacia Mapa1 X:61 Y:50
15/07/2012 07:00:11 p.m. Transporto a DIOS hacia Mapa1 X:61 Y:45
15/07/2012 07:00:12 p.m. Transporto a DIOS hacia Mapa1 X:60 Y:44
15/07/2012 07:00:12 p.m. Transporto a DIOS hacia Mapa1 X:59 Y:46
15/07/2012 07:00:13 p.m. Transporto a DIOS hacia Mapa1 X:59 Y:47
15/07/2012 07:00:14 p.m. Transporto a DIOS hacia Mapa1 X:59 Y:49
15/07/2012 07:00:14 p.m. Transporto a DIOS hacia Mapa1 X:59 Y:47
15/07/2012 07:00:14 p.m. Transporto a DIOS hacia Mapa1 X:58 Y:47
15/07/2012 07:00:15 p.m. Transporto a DIOS hacia Mapa1 X:57 Y:48
15/07/2012 07:00:15 p.m. Transporto a DIOS hacia Mapa1 X:55 Y:49
15/07/2012 07:00:15 p.m. Transporto a DIOS hacia Mapa1 X:57 Y:52
15/07/2012 07:00:16 p.m. Transporto a DIOS hacia Mapa1 X:59 Y:50
15/07/2012 07:00:16 p.m. Transporto a DIOS hacia Mapa1 X:60 Y:49
15/07/2012 07:00:16 p.m. Transporto a DIOS hacia Mapa1 X:60 Y:48
15/07/2012 07:00:16 p.m. Transporto a DIOS hacia Mapa1 X:58 Y:46
15/07/2012 07:00:17 p.m. Transporto a DIOS hacia Mapa1 X:55 Y:44
15/07/2012 07:00:17 p.m. Transporto a DIOS hacia Mapa1 X:54 Y:46
15/07/2012 07:00:17 p.m. Transporto a DIOS hacia Mapa1 X:55 Y:48
15/07/2012 07:00:17 p.m. Transporto a DIOS hacia Mapa1 X:57 Y:51
15/07/2012 07:00:18 p.m. Transporto a DIOS hacia Mapa1 X:59 Y:48
15/07/2012 07:00:19 p.m. Transporto a DIOS hacia Mapa1 X:57 Y:44
15/07/2012 07:00:19 p.m. Transporto a DIOS hacia Mapa1 X:55 Y:44
15/07/2012 07:00:19 p.m. Transporto a DIOS hacia Mapa1 X:55 Y:48
15/07/2012 07:00:20 p.m. Transporto a DIOS hacia Mapa1 X:57 Y:46
15/07/2012 07:00:20 p.m. Transporto a DIOS hacia Mapa1 X:59 Y:44
15/07/2012 07:00:21 p.m. Transporto a DIOS hacia Mapa1 X:57 Y:44
15/07/2012 07:00:21 p.m. Transporto a DIOS hacia Mapa1 X:56 Y:45
15/07/2012 07:00:21 p.m. Transporto a DIOS hacia Mapa1 X:57 Y:46
15/07/2012 07:00:22 p.m. Transporto a DIOS hacia Mapa1 X:58 Y:46
15/07/2012 07:07:04 p.m. Transporto a DIOS hacia Mapa1 X:58 Y:44
15/07/2012 07:10:02 p.m. Se conecto con ip:127.0.0.1
15/07/2012 07:17:27 p.m. Se conecto con ip:127.0.0.1
15/07/2012 07:17:37 p.m. /CI: 880
15/07/2012 07:17:38 p.m. Agarro:1000 Objeto:Casco Dorado
15/07/2012 07:18:06 p.m. Se conecto con ip:127.0.0.1
15/07/2012 07:18:21 p.m. Se conecto con ip:127.0.0.1
15/07/2012 07:18:48 p.m. Se conecto con ip:127.0.0.1
15/07/2012 07:19:07 p.m. Se conecto con ip:127.0.0.1
15/07/2012 07:19:17 p.m. /CI: 881
15/07/2012 07:19:18 p.m. Agarro:1000 Objeto:Corona del rey
15/07/2012 07:19:35 p.m. Se conecto con ip:127.0.0.1
15/07/2012 07:19:55 p.m. Se conecto con ip:127.0.0.1
15/07/2012 07:20:23 p.m. Se conecto con ip:127.0.0.1
15/07/2012 07:20:48 p.m. Se conecto con ip:127.0.0.1
15/07/2012 08:28:06 p.m. Se conecto con ip:127.0.0.1
15/07/2012 08:34:22 p.m. Se conecto con ip:127.0.0.1
15/07/2012 08:36:46 p.m. Se conecto con ip:127.0.0.1
15/07/2012 08:36:53 p.m. Transporto a DIOS hacia Mapa1 X:49 Y:53
15/07/2012 08:37:49 p.m. Transporto a DIOS hacia Mapa1 X:53 Y:51
15/07/2012 08:37:50 p.m. Transporto a DIOS hacia Mapa1 X:46 Y:54
15/07/2012 08:37:50 p.m. Transporto a DIOS hacia Mapa1 X:38 Y:52
15/07/2012 08:37:51 p.m. Transporto a DIOS hacia Mapa1 X:38 Y:47
15/07/2012 08:37:51 p.m. Transporto a DIOS hacia Mapa1 X:42 Y:43
15/07/2012 08:37:52 p.m. Transporto a DIOS hacia Mapa1 X:47 Y:41
15/07/2012 08:37:52 p.m. Transporto a DIOS hacia Mapa1 X:53 Y:41
15/07/2012 08:37:52 p.m. Transporto a DIOS hacia Mapa1 X:60 Y:41
15/07/2012 08:37:52 p.m. Transporto a DIOS hacia Mapa1 X:66 Y:41
15/07/2012 08:37:53 p.m. Transporto a DIOS hacia Mapa1 X:65 Y:43
15/07/2012 08:37:54 p.m. Transporto a DIOS hacia Mapa1 X:60 Y:44
15/07/2012 08:37:54 p.m. Transporto a DIOS hacia Mapa1 X:55 Y:45
15/07/2012 08:37:54 p.m. Transporto a DIOS hacia Mapa1 X:50 Y:46
15/07/2012 08:37:54 p.m. Transporto a DIOS hacia Mapa1 X:47 Y:47
15/07/2012 08:37:55 p.m. Transporto a DIOS hacia Mapa1 X:53 Y:45
15/07/2012 08:37:55 p.m. Transporto a DIOS hacia Mapa1 X:59 Y:43
15/07/2012 08:37:55 p.m. Transporto a DIOS hacia Mapa1 X:66 Y:41
15/07/2012 08:37:55 p.m. Transporto a DIOS hacia Mapa1 X:73 Y:40
15/07/2012 08:37:56 p.m. Transporto a DIOS hacia Mapa1 X:68 Y:42
15/07/2012 08:37:56 p.m. Transporto a DIOS hacia Mapa1 X:63 Y:45
15/07/2012 08:37:57 p.m. Transporto a DIOS hacia Mapa1 X:58 Y:48
15/07/2012 08:37:57 p.m. Transporto a DIOS hacia Mapa1 X:54 Y:51
15/07/2012 08:37:57 p.m. Transporto a DIOS hacia Mapa1 X:49 Y:54
15/07/2012 08:37:58 p.m. Transporto a DIOS hacia Mapa1 X:43 Y:57
15/07/2012 08:37:58 p.m. Transporto a DIOS hacia Mapa1 X:37 Y:58
15/07/2012 08:37:58 p.m. Transporto a DIOS hacia Mapa1 X:43 Y:55
15/07/2012 08:37:59 p.m. Transporto a DIOS hacia Mapa1 X:50 Y:52
15/07/2012 08:37:59 p.m. Transporto a DIOS hacia Mapa1 X:57 Y:49
15/07/2012 08:37:59 p.m. Transporto a DIOS hacia Mapa1 X:65 Y:46
15/07/2012 08:37:59 p.m. Transporto a DIOS hacia Mapa1 X:73 Y:43
15/07/2012 08:38:00 p.m. Transporto a DIOS hacia Mapa1 X:81 Y:40
15/07/2012 08:38:00 p.m. Transporto a DIOS hacia Mapa1 X:81 Y:40
15/07/2012 08:38:01 p.m. Transporto a DIOS hacia Mapa1 X:71 Y:40
15/07/2012 08:38:01 p.m. Transporto a DIOS hacia Mapa1 X:62 Y:38
15/07/2012 08:38:02 p.m. Transporto a DIOS hacia Mapa1 X:53 Y:36
15/07/2012 08:38:02 p.m. Transporto a DIOS hacia Mapa1 X:44 Y:34
15/07/2012 08:38:02 p.m. Transporto a DIOS hacia Mapa1 X:36 Y:32
15/07/2012 08:38:03 p.m. Transporto a DIOS hacia Mapa1 X:41 Y:37
15/07/2012 08:38:04 p.m. Transporto a DIOS hacia Mapa1 X:46 Y:41
15/07/2012 08:38:04 p.m. Transporto a DIOS hacia Mapa1 X:52 Y:43
15/07/2012 08:38:04 p.m. Transporto a DIOS hacia Mapa1 X:58 Y:44
15/07/2012 08:38:05 p.m. Transporto a DIOS hacia Mapa1 X:64 Y:45
15/07/2012 08:38:06 p.m. Transporto a DIOS hacia Mapa1 X:58 Y:43
15/07/2012 08:38:06 p.m. Transporto a DIOS hacia Mapa1 X:53 Y:41
15/07/2012 08:38:06 p.m. Transporto a DIOS hacia Mapa1 X:48 Y:39
15/07/2012 08:38:06 p.m. Transporto a DIOS hacia Mapa1 X:43 Y:38
15/07/2012 08:38:08 p.m. Transporto a DIOS hacia Mapa1 X:48 Y:40
15/07/2012 08:38:08 p.m. Transporto a DIOS hacia Mapa1 X:53 Y:43
15/07/2012 08:38:08 p.m. Transporto a DIOS hacia Mapa1 X:58 Y:45
15/07/2012 08:38:09 p.m. Transporto a DIOS hacia Mapa1 X:63 Y:49
15/07/2012 09:00:39 p.m. Se conecto con ip:127.0.0.1
15/07/2012 09:00:45 p.m. Transporto a DIOS hacia Mapa1 X:63 Y:38
15/07/2012 09:00:45 p.m. Transporto a DIOS hacia Mapa1 X:69 Y:35
15/07/2012 09:00:45 p.m. Transporto a DIOS hacia Mapa1 X:76 Y:33
15/07/2012 09:00:46 p.m. Transporto a DIOS hacia Mapa1 X:83 Y:30
15/07/2012 09:00:46 p.m. Transporto a DIOS hacia Mapa1 X:90 Y:27
15/07/2012 09:00:47 p.m. Transporto a DIOS hacia Mapa1 X:84 Y:27
15/07/2012 09:00:47 p.m. Transporto a DIOS hacia Mapa1 X:77 Y:28
15/07/2012 09:00:47 p.m. Transporto a DIOS hacia Mapa1 X:69 Y:35
15/07/2012 09:00:48 p.m. Transporto a DIOS hacia Mapa1 X:61 Y:35
15/07/2012 09:00:48 p.m. Transporto a DIOS hacia Mapa1 X:52 Y:36
15/07/2012 09:00:48 p.m. Transporto a DIOS hacia Mapa1 X:44 Y:37
15/07/2012 09:00:48 p.m. Transporto a DIOS hacia Mapa1 X:36 Y:38
15/07/2012 09:00:49 p.m. Transporto a DIOS hacia Mapa1 X:28 Y:39
15/07/2012 09:00:49 p.m. Transporto a DIOS hacia Mapa1 X:20 Y:40
15/07/2012 09:00:49 p.m. Transporto a DIOS hacia Mapa1 X:12 Y:42
15/07/2012 09:00:50 p.m. Transporto a DIOS hacia Mapa1 X:17 Y:47
15/07/2012 09:00:50 p.m. Transporto a DIOS hacia Mapa1 X:24 Y:51
15/07/2012 09:00:50 p.m. Transporto a DIOS hacia Mapa1 X:31 Y:55
15/07/2012 09:00:51 p.m. Transporto a DIOS hacia Mapa1 X:38 Y:59
15/07/2012 09:00:51 p.m. Transporto a DIOS hacia Mapa1 X:46 Y:63
15/07/2012 09:00:51 p.m. Transporto a DIOS hacia Mapa1 X:54 Y:66
15/07/2012 09:00:51 p.m. Transporto a DIOS hacia Mapa1 X:61 Y:69
15/07/2012 09:00:51 p.m. Transporto a DIOS hacia Mapa1 X:68 Y:72
15/07/2012 09:00:52 p.m. Transporto a DIOS hacia Mapa1 X:75 Y:75
15/07/2012 09:00:52 p.m. Transporto a DIOS hacia Mapa1 X:82 Y:78
15/07/2012 09:00:53 p.m. Transporto a DIOS hacia Mapa1 X:88 Y:81
15/07/2012 09:00:53 p.m. Transporto a DIOS hacia Mapa1 X:81 Y:83
15/07/2012 09:00:53 p.m. Transporto a DIOS hacia Mapa1 X:74 Y:85
15/07/2012 09:00:54 p.m. Transporto a DIOS hacia Mapa1 X:67 Y:86
15/07/2012 09:00:54 p.m. Transporto a DIOS hacia Mapa1 X:60 Y:87
15/07/2012 09:00:54 p.m. Transporto a DIOS hacia Mapa1 X:52 Y:86
15/07/2012 09:00:54 p.m. Transporto a DIOS hacia Mapa1 X:45 Y:84
15/07/2012 09:00:54 p.m. Transporto a DIOS hacia Mapa1 X:38 Y:80
15/07/2012 09:00:55 p.m. Transporto a DIOS hacia Mapa1 X:33 Y:74
15/07/2012 09:00:55 p.m. Transporto a DIOS hacia Mapa1 X:30 Y:68
15/07/2012 09:00:55 p.m. Transporto a DIOS hacia Mapa1 X:29 Y:62
15/07/2012 09:00:55 p.m. Transporto a DIOS hacia Mapa1 X:32 Y:56
15/07/2012 09:00:55 p.m. Transporto a DIOS hacia Mapa1 X:37 Y:50
15/07/2012 09:00:55 p.m. Transporto a DIOS hacia Mapa1 X:42 Y:44
15/07/2012 09:00:56 p.m. Transporto a DIOS hacia Mapa1 X:56 Y:51
15/07/2012 09:00:57 p.m. Transporto a DIOS hacia Mapa1 X:58 Y:47
15/07/2012 09:00:58 p.m. Transporto a DIOS hacia Mapa1 X:59 Y:44
15/07/2012 09:07:34 p.m. Se conecto con ip:127.0.0.1
15/07/2012 09:08:41 p.m. Se conecto con ip:127.0.0.1
15/07/2012 09:09:10 p.m. Se conecto con ip:127.0.0.1
16/07/2012 01:22:38 p.m. Se conecto con ip:127.0.0.1
16/07/2012 01:22:47 p.m. Transporto a DIOS hacia Mapa1 X:55 Y:83
16/07/2012 01:50:56 p.m. Se conecto con ip:127.0.0.1
16/07/2012 01:50:59 p.m. Transporto a DIOS hacia Mapa1 X:61 Y:81
16/07/2012 01:51:00 p.m. Transporto a DIOS hacia Mapa1 X:66 Y:80
16/07/2012 01:51:02 p.m. Transporto a DIOS hacia Mapa1 X:65 Y:78
16/07/2012 01:51:05 p.m. Transporto a DIOS hacia Mapa1 X:43 Y:64
16/07/2012 01:51:06 p.m. Transporto a DIOS hacia Mapa1 X:49 Y:64
16/07/2012 01:51:07 p.m. Transporto a DIOS hacia Mapa1 X:85 Y:45
16/07/2012 01:51:08 p.m. Transporto a DIOS hacia Mapa1 X:76 Y:45
16/07/2012 01:51:08 p.m. Transporto a DIOS hacia Mapa1 X:67 Y:36
16/07/2012 01:51:10 p.m. Transporto a DIOS hacia Mapa1 X:62 Y:37
16/07/2012 01:51:10 p.m. Transporto a DIOS hacia Mapa1 X:57 Y:38
16/07/2012 01:51:10 p.m. Transporto a DIOS hacia Mapa1 X:52 Y:39
16/07/2012 01:51:10 p.m. Transporto a DIOS hacia Mapa1 X:48 Y:41
16/07/2012 01:51:11 p.m. Transporto a DIOS hacia Mapa1 X:46 Y:44
16/07/2012 01:51:11 p.m. Transporto a DIOS hacia Mapa1 X:48 Y:47
16/07/2012 01:51:11 p.m. Transporto a DIOS hacia Mapa1 X:52 Y:48
16/07/2012 01:51:11 p.m. Transporto a DIOS hacia Mapa1 X:56 Y:49
16/07/2012 01:51:11 p.m. Transporto a DIOS hacia Mapa1 X:61 Y:48
16/07/2012 02:22:14 p.m. Se conecto con ip:127.0.0.1
16/07/2012 02:22:22 p.m. /CI: 1
16/07/2012 02:22:22 p.m. Agarro:1000 Objeto:Manzana Roja
16/07/2012 02:22:24 p.m. /CI: 2
16/07/2012 02:22:24 p.m. Agarro:1000 Objeto:Espada Larga
16/07/2012 02:22:26 p.m. /CI: 3
16/07/2012 02:22:26 p.m. Agarro:1000 Objeto:Hacha
16/07/2012 02:22:28 p.m. /CI: 4
16/07/2012 02:22:31 p.m. /DEST
16/07/2012 02:22:32 p.m. /CI: 5
16/07/2012 02:22:34 p.m. /DEST
16/07/2012 02:22:38 p.m. /CI: 6
16/07/2012 02:22:40 p.m. /DEST
16/07/2012 02:22:44 p.m. /CI: 8
16/07/2012 02:22:46 p.m. /DEST
16/07/2012 02:22:48 p.m. /CI: 10
16/07/2012 02:22:49 p.m. Agarro:1000 Objeto:Cofre Abierto
16/07/2012 02:22:54 p.m. /CI: 92
16/07/2012 02:22:56 p.m. /DEST
16/07/2012 02:22:59 p.m. /CI: 10
16/07/2012 02:22:59 p.m. Agarro:1000 Objeto:Cofre Abierto
16/07/2012 02:23:01 p.m. /CI: 11
16/07/2012 02:23:02 p.m. Agarro:1000 Objeto:Cofre Cerrado
16/07/2012 02:23:03 p.m. /CI: 12
16/07/2012 02:28:11 p.m. Se conecto con ip:127.0.0.1
16/07/2012 02:38:52 p.m. Se conecto con ip:127.0.0.1
16/07/2012 02:41:36 p.m. Se conecto con ip:127.0.0.1
16/07/2012 02:44:18 p.m. Se conecto con ip:127.0.0.1
16/07/2012 02:46:42 p.m. Se conecto con ip:127.0.0.1
17/07/2012 11:46:29 a.m. Se conecto con ip:127.0.0.1
17/07/2012 11:50:59 a.m. Se conecto con ip:127.0.0.1
17/07/2012 11:51:02 a.m. Sumoneo a Murciélago en mapa 1
17/07/2012 10:41:41 p.m. Se conecto con ip:127.0.0.1
17/07/2012 10:41:44 p.m. Transporto a DIOS hacia Mapa1 X:58 Y:44
17/07/2012 10:41:44 p.m. Transporto a DIOS hacia Mapa1 X:57 Y:46
17/07/2012 10:41:44 p.m. Transporto a DIOS hacia Mapa1 X:56 Y:48
17/07/2012 10:41:45 p.m. Transporto a DIOS hacia Mapa1 X:55 Y:50
17/07/2012 10:41:45 p.m. Transporto a DIOS hacia Mapa1 X:55 Y:52
17/07/2012 10:41:45 p.m. Transporto a DIOS hacia Mapa1 X:55 Y:54
17/07/2012 10:41:45 p.m. Transporto a DIOS hacia Mapa1 X:55 Y:57
17/07/2012 10:41:46 p.m. Transporto a DIOS hacia Mapa1 X:54 Y:61
17/07/2012 10:41:46 p.m. Transporto a DIOS hacia Mapa1 X:53 Y:65
17/07/2012 10:41:46 p.m. Transporto a DIOS hacia Mapa1 X:52 Y:70
17/07/2012 10:41:47 p.m. Transporto a DIOS hacia Mapa1 X:51 Y:74
17/07/2012 10:41:47 p.m. Transporto a DIOS hacia Mapa1 X:49 Y:71
17/07/2012 10:41:48 p.m. Transporto a DIOS hacia Mapa1 X:47 Y:67
17/07/2012 10:41:48 p.m. Transporto a DIOS hacia Mapa1 X:45 Y:63
17/07/2012 10:41:55 p.m. Transporto a DIOS hacia Mapa1 X:47 Y:61
17/07/2012 10:42:10 p.m. Transporto a DIOS hacia Mapa1 X:52 Y:58
17/07/2012 10:42:10 p.m. Transporto a DIOS hacia Mapa1 X:56 Y:56
17/07/2012 10:42:11 p.m. Transporto a DIOS hacia Mapa1 X:58 Y:52
17/07/2012 10:42:11 p.m. Transporto a DIOS hacia Mapa1 X:60 Y:50
17/07/2012 10:42:12 p.m. Transporto a DIOS hacia Mapa1 X:59 Y:47
