22/02/2009 14:34:39 NumUsers: 0 WSAPISock2Usr: 0
22/02/2009 15:06:58 NumUsers: 0 WSAPISock2Usr: 0
22/02/2009 15:11:58 NumUsers: 0 WSAPISock2Usr: 0
22/02/2009 15:16:58 NumUsers: 0 WSAPISock2Usr: 0
22/02/2009 15:21:58 NumUsers: 0 WSAPISock2Usr: 0
22/02/2009 16:50:08 NumUsers: 0 WSAPISock2Usr: 0
22/02/2009 20:39:31 NumUsers: 0 WSAPISock2Usr: 0
23/02/2009 19:04:20 NumUsers: 1 WSAPISock2Usr: 1
23/02/2009 19:09:20 NumUsers: 0 WSAPISock2Usr: 0
23/02/2009 20:00:41 NumUsers: 0 WSAPISock2Usr: 0
24/02/2009 14:00:29 NumUsers: 0 WSAPISock2Usr: 0
24/02/2009 14:05:29 NumUsers: 0 WSAPISock2Usr: 0
24/02/2009 14:10:29 NumUsers: 0 WSAPISock2Usr: 0
24/02/2009 14:15:29 NumUsers: 1 WSAPISock2Usr: 1
24/02/2009 14:20:29 NumUsers: 0 WSAPISock2Usr: 0
24/02/2009 19:58:24 NumUsers: 1 WSAPISock2Usr: 1
24/02/2009 20:32:10 NumUsers: 0 WSAPISock2Usr: 0
24/02/2009 20:37:10 NumUsers: 0 WSAPISock2Usr: 0
24/02/2009 20:42:10 NumUsers: 0 WSAPISock2Usr: 0
24/02/2009 20:47:10 NumUsers: 0 WSAPISock2Usr: 0
24/02/2009 20:52:10 NumUsers: 0 WSAPISock2Usr: 0
05/03/2009 13:43:10 NumUsers: 0 WSAPISock2Usr: 0
05/03/2009 13:48:10 NumUsers: 0 WSAPISock2Usr: 0
05/03/2009 15:32:21 NumUsers: 0 WSAPISock2Usr: 0
05/03/2009 15:37:21 NumUsers: 0 WSAPISock2Usr: 0
05/03/2009 15:42:21 NumUsers: 1 WSAPISock2Usr: 1
05/03/2009 15:47:21 NumUsers: 0 WSAPISock2Usr: 0
05/03/2009 15:52:21 NumUsers: 0 WSAPISock2Usr: 0
05/03/2009 16:08:29 NumUsers: 0 WSAPISock2Usr: 0
05/03/2009 16:13:29 NumUsers: 0 WSAPISock2Usr: 0
05/03/2009 20:13:16 NumUsers: 0 WSAPISock2Usr: 0
05/03/2009 20:18:16 NumUsers: 0 WSAPISock2Usr: 0
05/03/2009 20:23:16 NumUsers: 0 WSAPISock2Usr: 0
05/03/2009 20:28:16 NumUsers: 0 WSAPISock2Usr: 0
05/03/2009 20:33:16 NumUsers: 0 WSAPISock2Usr: 0
05/03/2009 20:38:16 NumUsers: 0 WSAPISock2Usr: 0
06/03/2009 14:04:13 NumUsers: 0 WSAPISock2Usr: 0
07/03/2009 12:41:58 NumUsers: 0 WSAPISock2Usr: 0
07/03/2009 12:46:58 NumUsers: 0 WSAPISock2Usr: 0
07/03/2009 15:08:46 NumUsers: 0 WSAPISock2Usr: 0
07/03/2009 15:13:46 NumUsers: 0 WSAPISock2Usr: 0
07/03/2009 15:18:46 NumUsers: 0 WSAPISock2Usr: 0
07/03/2009 15:23:46 NumUsers: 0 WSAPISock2Usr: 0
07/03/2009 15:28:46 NumUsers: 0 WSAPISock2Usr: 0
07/03/2009 15:33:46 NumUsers: 0 WSAPISock2Usr: 0
07/03/2009 15:38:46 NumUsers: 0 WSAPISock2Usr: 0
08/03/2009 12:14:19 NumUsers: 0 WSAPISock2Usr: 0
09/03/2009 20:17:27 NumUsers: 1 WSAPISock2Usr: 1
12/03/2009 13:18:02 NumUsers: 0 WSAPISock2Usr: 0
12/03/2009 13:23:02 NumUsers: 1 WSAPISock2Usr: 1
15/03/2009 19:03:33 NumUsers: 0 WSAPISock2Usr: 0
15/03/2009 19:08:33 NumUsers: 0 WSAPISock2Usr: 0
15/03/2009 19:13:33 NumUsers: 0 WSAPISock2Usr: 0
16/03/2009 14:35:19 NumUsers: 0 WSAPISock2Usr: 0
16/03/2009 14:40:19 NumUsers: 0 WSAPISock2Usr: 0
16/03/2009 14:45:19 NumUsers: 0 WSAPISock2Usr: 0
16/03/2009 14:50:19 NumUsers: 0 WSAPISock2Usr: 0
16/03/2009 14:55:19 NumUsers: 0 WSAPISock2Usr: 0
16/03/2009 15:00:20 NumUsers: 0 WSAPISock2Usr: 0
18/03/2009 12:49:35 NumUsers: 0 WSAPISock2Usr: 0
21/03/2009 18:06:59 NumUsers: 1 WSAPISock2Usr: 1
21/03/2009 18:11:59 NumUsers: 0 WSAPISock2Usr: 0
21/03/2009 18:16:59 NumUsers: 0 WSAPISock2Usr: 0
21/03/2009 18:21:59 NumUsers: 0 WSAPISock2Usr: 0
21/03/2009 19:29:35 NumUsers: 0 WSAPISock2Usr: 0
21/03/2009 19:34:35 NumUsers: 0 WSAPISock2Usr: 0
21/03/2009 19:39:35 NumUsers: 0 WSAPISock2Usr: 0
06/08/2009 11:12:20 p.m. NumUsers: 0 WSAPISock2Usr: 0
06/08/2009 11:17:20 p.m. NumUsers: 0 WSAPISock2Usr: 0
06/08/2009 11:22:20 p.m. NumUsers: 0 WSAPISock2Usr: 0
06/08/2009 11:27:20 p.m. NumUsers: 0 WSAPISock2Usr: 0
06/08/2009 11:32:20 p.m. NumUsers: 0 WSAPISock2Usr: 0
06/08/2009 11:37:20 p.m. NumUsers: 0 WSAPISock2Usr: 0
06/08/2009 11:42:20 p.m. NumUsers: 0 WSAPISock2Usr: 0
06/08/2009 11:47:20 p.m. NumUsers: 0 WSAPISock2Usr: 0
06/08/2009 11:52:20 p.m. NumUsers: 0 WSAPISock2Usr: 0
06/08/2009 11:57:20 p.m. NumUsers: 0 WSAPISock2Usr: 0
07/08/2009 12:02:20 a.m. NumUsers: 0 WSAPISock2Usr: 0
07/08/2009 12:07:20 a.m. NumUsers: 0 WSAPISock2Usr: 0
07/08/2009 12:12:20 a.m. NumUsers: 0 WSAPISock2Usr: 0
07/08/2009 12:17:20 a.m. NumUsers: 0 WSAPISock2Usr: 0
07/08/2009 12:22:20 a.m. NumUsers: 0 WSAPISock2Usr: 0
07/08/2009 12:27:20 a.m. NumUsers: 0 WSAPISock2Usr: 0
07/08/2009 12:55:21 a.m. NumUsers: 0 WSAPISock2Usr: 0
28/05/2010 22:17:12 NumUsers: 0 WSAPISock2Usr: 0
28/05/2010 22:22:12 NumUsers: 0 WSAPISock2Usr: 0
28/05/2010 22:27:12 NumUsers: 0 WSAPISock2Usr: 0
28/05/2010 22:32:12 NumUsers: 0 WSAPISock2Usr: 0
29/05/2010 12:46:51 NumUsers: 0 WSAPISock2Usr: 0
29/05/2010 12:51:51 NumUsers: 1 WSAPISock2Usr: 1
29/05/2010 12:56:51 NumUsers: 0 WSAPISock2Usr: 0
29/05/2010 13:01:51 NumUsers: 0 WSAPISock2Usr: 0
29/05/2010 13:06:51 NumUsers: 0 WSAPISock2Usr: 0
29/05/2010 13:11:51 NumUsers: 0 WSAPISock2Usr: 0
29/05/2010 13:16:51 NumUsers: 0 WSAPISock2Usr: 0
29/05/2010 13:32:31 NumUsers: 0 WSAPISock2Usr: 0
29/05/2010 13:37:31 NumUsers: 0 WSAPISock2Usr: 0
29/05/2010 13:42:31 NumUsers: 0 WSAPISock2Usr: 0
29/05/2010 13:59:04 NumUsers: 0 WSAPISock2Usr: 0
29/05/2010 14:04:04 NumUsers: 0 WSAPISock2Usr: 0
29/05/2010 14:13:53 NumUsers: 0 WSAPISock2Usr: 0
29/05/2010 14:23:42 NumUsers: 0 WSAPISock2Usr: 0
29/05/2010 14:28:42 NumUsers: 0 WSAPISock2Usr: 0
29/05/2010 14:33:42 NumUsers: 0 WSAPISock2Usr: 0
29/05/2010 14:38:42 NumUsers: 0 WSAPISock2Usr: 0
29/05/2010 14:43:42 NumUsers: 0 WSAPISock2Usr: 0
29/05/2010 14:48:42 NumUsers: 1 WSAPISock2Usr: 1
29/05/2010 15:12:37 NumUsers: 0 WSAPISock2Usr: 0
29/05/2010 15:20:53 NumUsers: 0 WSAPISock2Usr: 0
29/05/2010 15:25:53 NumUsers: 0 WSAPISock2Usr: 0
29/05/2010 15:30:53 NumUsers: 1 WSAPISock2Usr: 1
29/05/2010 15:35:53 NumUsers: 0 WSAPISock2Usr: 0
29/05/2010 15:40:53 NumUsers: 0 WSAPISock2Usr: 0
29/05/2010 15:54:43 NumUsers: 0 WSAPISock2Usr: 0
29/05/2010 15:59:43 NumUsers: 0 WSAPISock2Usr: 0
29/05/2010 16:04:43 NumUsers: 0 WSAPISock2Usr: 0
29/05/2010 16:09:43 NumUsers: 0 WSAPISock2Usr: 0
29/05/2010 16:14:43 NumUsers: 0 WSAPISock2Usr: 0
29/05/2010 16:31:58 NumUsers: 0 WSAPISock2Usr: 0
29/05/2010 16:41:38 NumUsers: 0 WSAPISock2Usr: 0
29/05/2010 16:46:38 NumUsers: 0 WSAPISock2Usr: 0
29/05/2010 16:51:38 NumUsers: 1 WSAPISock2Usr: 1
29/05/2010 16:56:38 NumUsers: 0 WSAPISock2Usr: 0
29/05/2010 17:07:04 NumUsers: 0 WSAPISock2Usr: 0
29/05/2010 17:12:04 NumUsers: 0 WSAPISock2Usr: 0
29/05/2010 17:17:04 NumUsers: 0 WSAPISock2Usr: 0
29/05/2010 17:22:04 NumUsers: 0 WSAPISock2Usr: 0
29/05/2010 17:27:04 NumUsers: 0 WSAPISock2Usr: 0
29/05/2010 17:32:04 NumUsers: 0 WSAPISock2Usr: 0
29/05/2010 17:37:04 NumUsers: 0 WSAPISock2Usr: 0
29/05/2010 17:42:04 NumUsers: 0 WSAPISock2Usr: 0
30/05/2010 10:42:25 NumUsers: 1 WSAPISock2Usr: 1
30/05/2010 10:47:25 NumUsers: 0 WSAPISock2Usr: 0
30/05/2010 10:52:25 NumUsers: 0 WSAPISock2Usr: 0
30/05/2010 10:57:25 NumUsers: 0 WSAPISock2Usr: 0
30/05/2010 11:02:25 NumUsers: 0 WSAPISock2Usr: 0
30/05/2010 11:11:38 NumUsers: 0 WSAPISock2Usr: 0
30/05/2010 11:16:38 NumUsers: 0 WSAPISock2Usr: 0
30/05/2010 11:21:38 NumUsers: 0 WSAPISock2Usr: 0
30/05/2010 11:26:38 NumUsers: 0 WSAPISock2Usr: 0
30/05/2010 11:31:38 NumUsers: 0 WSAPISock2Usr: 0
30/05/2010 11:36:38 NumUsers: 0 WSAPISock2Usr: 0
30/05/2010 11:41:38 NumUsers: 1 WSAPISock2Usr: 1
30/05/2010 2:53:54 NumUsers: 1 WSAPISock2Usr: 1
30/05/2010 3:05:56 NumUsers: 1 WSAPISock2Usr: 1
30/05/2010 3:10:56 NumUsers: 0 WSAPISock2Usr: 0
30/05/2010 3:15:56 NumUsers: 1 WSAPISock2Usr: 1
30/05/2010 3:20:56 NumUsers: 0 WSAPISock2Usr: 0
30/05/2010 3:25:56 NumUsers: 0 WSAPISock2Usr: 0
30/05/2010 3:30:56 NumUsers: 0 WSAPISock2Usr: 0
30/05/2010 13:15:51 NumUsers: 0 WSAPISock2Usr: 0
30/05/2010 13:20:51 NumUsers: 0 WSAPISock2Usr: 0
30/05/2010 13:25:51 NumUsers: 0 WSAPISock2Usr: 0
30/05/2010 13:30:51 NumUsers: 0 WSAPISock2Usr: 0
30/05/2010 13:35:51 NumUsers: 1 WSAPISock2Usr: 1
30/05/2010 13:40:51 NumUsers: 0 WSAPISock2Usr: 0
30/05/2010 14:17:33 NumUsers: 1 WSAPISock2Usr: 1
30/05/2010 14:26:57 NumUsers: 0 WSAPISock2Usr: 0
30/05/2010 15:06:22 NumUsers: 0 WSAPISock2Usr: 0
30/05/2010 15:11:22 NumUsers: 0 WSAPISock2Usr: 0
30/05/2010 15:16:22 NumUsers: 0 WSAPISock2Usr: 0
30/05/2010 15:21:22 NumUsers: 0 WSAPISock2Usr: 0
30/05/2010 15:26:22 NumUsers: 0 WSAPISock2Usr: 0
30/05/2010 15:31:22 NumUsers: 0 WSAPISock2Usr: 0
30/05/2010 15:36:22 NumUsers: 0 WSAPISock2Usr: 0
30/05/2010 15:41:22 NumUsers: 0 WSAPISock2Usr: 0
30/05/2010 15:46:22 NumUsers: 0 WSAPISock2Usr: 0
30/05/2010 15:51:22 NumUsers: 0 WSAPISock2Usr: 0
30/05/2010 15:56:22 NumUsers: 0 WSAPISock2Usr: 0
30/05/2010 16:01:22 NumUsers: 0 WSAPISock2Usr: 0
30/05/2010 16:06:22 NumUsers: 0 WSAPISock2Usr: 0
30/05/2010 16:11:22 NumUsers: 0 WSAPISock2Usr: 0
30/05/2010 16:16:22 NumUsers: 0 WSAPISock2Usr: 0
30/05/2010 16:21:22 NumUsers: 0 WSAPISock2Usr: 0
30/05/2010 16:26:22 NumUsers: 0 WSAPISock2Usr: 0
30/05/2010 16:31:22 NumUsers: 0 WSAPISock2Usr: 0
30/05/2010 16:36:22 NumUsers: 0 WSAPISock2Usr: 0
30/05/2010 16:41:22 NumUsers: 0 WSAPISock2Usr: 0
30/05/2010 16:46:22 NumUsers: 0 WSAPISock2Usr: 0
30/05/2010 16:51:22 NumUsers: 0 WSAPISock2Usr: 0
30/05/2010 16:56:22 NumUsers: 0 WSAPISock2Usr: 0
30/05/2010 17:01:22 NumUsers: 0 WSAPISock2Usr: 0
30/05/2010 17:06:22 NumUsers: 0 WSAPISock2Usr: 0
30/05/2010 17:11:22 NumUsers: 0 WSAPISock2Usr: 0
30/05/2010 17:16:22 NumUsers: 0 WSAPISock2Usr: 0
30/05/2010 17:21:22 NumUsers: 0 WSAPISock2Usr: 0
30/05/2010 17:26:22 NumUsers: 0 WSAPISock2Usr: 0
30/05/2010 17:31:22 NumUsers: 0 WSAPISock2Usr: 0
30/05/2010 17:36:22 NumUsers: 0 WSAPISock2Usr: 0
30/05/2010 17:41:22 NumUsers: 0 WSAPISock2Usr: 0
30/05/2010 17:46:22 NumUsers: 0 WSAPISock2Usr: 0
30/05/2010 17:51:22 NumUsers: 0 WSAPISock2Usr: 0
30/05/2010 17:56:22 NumUsers: 0 WSAPISock2Usr: 0
30/05/2010 18:01:22 NumUsers: 0 WSAPISock2Usr: 0
30/05/2010 18:06:26 NumUsers: 0 WSAPISock2Usr: 0
30/05/2010 18:11:26 NumUsers: 0 WSAPISock2Usr: 0
30/05/2010 18:16:26 NumUsers: 0 WSAPISock2Usr: 0
30/05/2010 18:21:26 NumUsers: 0 WSAPISock2Usr: 0
30/05/2010 18:26:26 NumUsers: 0 WSAPISock2Usr: 0
30/05/2010 18:31:26 NumUsers: 0 WSAPISock2Usr: 0
30/05/2010 18:36:26 NumUsers: 0 WSAPISock2Usr: 0
30/05/2010 18:41:26 NumUsers: 0 WSAPISock2Usr: 0
30/05/2010 18:46:26 NumUsers: 0 WSAPISock2Usr: 0
30/05/2010 18:51:26 NumUsers: 0 WSAPISock2Usr: 0
30/05/2010 18:56:26 NumUsers: 0 WSAPISock2Usr: 0
30/05/2010 19:01:26 NumUsers: 0 WSAPISock2Usr: 0
30/05/2010 19:06:26 NumUsers: 0 WSAPISock2Usr: 0
30/05/2010 19:11:26 NumUsers: 0 WSAPISock2Usr: 0
30/05/2010 19:16:26 NumUsers: 0 WSAPISock2Usr: 0
30/05/2010 19:21:26 NumUsers: 0 WSAPISock2Usr: 0
30/05/2010 19:26:26 NumUsers: 0 WSAPISock2Usr: 0
30/05/2010 19:31:26 NumUsers: 0 WSAPISock2Usr: 0
30/05/2010 19:36:26 NumUsers: 0 WSAPISock2Usr: 0
30/05/2010 19:41:26 NumUsers: 0 WSAPISock2Usr: 0
30/05/2010 19:46:26 NumUsers: 0 WSAPISock2Usr: 0
30/05/2010 19:51:26 NumUsers: 0 WSAPISock2Usr: 0
30/05/2010 19:56:26 NumUsers: 0 WSAPISock2Usr: 0
30/05/2010 20:01:26 NumUsers: 0 WSAPISock2Usr: 0
30/05/2010 20:06:26 NumUsers: 0 WSAPISock2Usr: 0
30/05/2010 20:11:26 NumUsers: 0 WSAPISock2Usr: 0
30/05/2010 20:16:26 NumUsers: 0 WSAPISock2Usr: 0
30/05/2010 20:21:26 NumUsers: 0 WSAPISock2Usr: 0
30/05/2010 20:26:26 NumUsers: 0 WSAPISock2Usr: 0
30/05/2010 20:31:26 NumUsers: 0 WSAPISock2Usr: 0
30/05/2010 20:36:26 NumUsers: 0 WSAPISock2Usr: 0
30/05/2010 20:41:26 NumUsers: 0 WSAPISock2Usr: 0
30/05/2010 20:46:26 NumUsers: 0 WSAPISock2Usr: 0
30/05/2010 20:51:26 NumUsers: 0 WSAPISock2Usr: 0
30/05/2010 20:56:26 NumUsers: 0 WSAPISock2Usr: 0
30/05/2010 21:01:26 NumUsers: 0 WSAPISock2Usr: 0
30/05/2010 21:06:30 NumUsers: 0 WSAPISock2Usr: 0
30/05/2010 21:11:30 NumUsers: 0 WSAPISock2Usr: 0
30/05/2010 21:16:30 NumUsers: 0 WSAPISock2Usr: 0
30/05/2010 21:21:30 NumUsers: 0 WSAPISock2Usr: 0
30/05/2010 21:26:30 NumUsers: 0 WSAPISock2Usr: 0
30/05/2010 21:31:30 NumUsers: 0 WSAPISock2Usr: 0
30/05/2010 21:36:30 NumUsers: 0 WSAPISock2Usr: 0
30/05/2010 21:41:30 NumUsers: 0 WSAPISock2Usr: 0
30/05/2010 21:46:30 NumUsers: 0 WSAPISock2Usr: 0
30/05/2010 21:51:30 NumUsers: 0 WSAPISock2Usr: 0
30/05/2010 21:54:34 NumUsers: 0 WSAPISock2Usr: 0
30/05/2010 21:56:30 NumUsers: 0 WSAPISock2Usr: 0
30/05/2010 22:11:42 NumUsers: 0 WSAPISock2Usr: 0
30/05/2010 22:16:42 NumUsers: 0 WSAPISock2Usr: 0
30/05/2010 22:21:42 NumUsers: 0 WSAPISock2Usr: 0
30/05/2010 22:26:42 NumUsers: 0 WSAPISock2Usr: 0
30/05/2010 22:31:42 NumUsers: 0 WSAPISock2Usr: 0
30/05/2010 22:37:04 NumUsers: 0 WSAPISock2Usr: 0
30/05/2010 22:42:04 NumUsers: 0 WSAPISock2Usr: 0
30/05/2010 22:47:04 NumUsers: 0 WSAPISock2Usr: 0
31/05/2010 12:24:34 NumUsers: 0 WSAPISock2Usr: 0
31/05/2010 12:29:34 NumUsers: 0 WSAPISock2Usr: 0
31/05/2010 12:34:34 NumUsers: 1 WSAPISock2Usr: 1
31/05/2010 19:48:45 NumUsers: 1 WSAPISock2Usr: 1
31/05/2010 19:53:45 NumUsers: 0 WSAPISock2Usr: 0
31/05/2010 21:14:38 NumUsers: 1 WSAPISock2Usr: 1
31/05/2010 21:19:38 NumUsers: 1 WSAPISock2Usr: 1
31/05/2010 21:24:38 NumUsers: 0 WSAPISock2Usr: 0
31/05/2010 22:51:29 NumUsers: 0 WSAPISock2Usr: 0
31/05/2010 23:02:13 NumUsers: 1 WSAPISock2Usr: 1
31/05/2010 23:07:13 NumUsers: 1 WSAPISock2Usr: 1
31/05/2010 23:12:13 NumUsers: 1 WSAPISock2Usr: 1
31/05/2010 23:17:13 NumUsers: 1 WSAPISock2Usr: 1
31/05/2010 23:22:14 NumUsers: 1 WSAPISock2Usr: 1
31/05/2010 23:27:14 NumUsers: 1 WSAPISock2Usr: 1
31/05/2010 23:32:14 NumUsers: 0 WSAPISock2Usr: 0
31/05/2010 23:48:19 NumUsers: 0 WSAPISock2Usr: 0
01/06/2010 0:00:45 NumUsers: 1 WSAPISock2Usr: 1
01/06/2010 0:16:43 NumUsers: 0 WSAPISock2Usr: 0
01/06/2010 0:40:46 NumUsers: 1 WSAPISock2Usr: 1
01/06/2010 0:45:46 NumUsers: 1 WSAPISock2Usr: 1
01/06/2010 0:50:46 NumUsers: 1 WSAPISock2Usr: 1
01/06/2010 19:36:48 NumUsers: 1 WSAPISock2Usr: 1
01/06/2010 19:55:51 NumUsers: 1 WSAPISock2Usr: 1
01/06/2010 20:14:35 NumUsers: 0 WSAPISock2Usr: 0
01/06/2010 20:19:35 NumUsers: 0 WSAPISock2Usr: 0
01/06/2010 20:24:35 NumUsers: 0 WSAPISock2Usr: 0
01/06/2010 20:29:35 NumUsers: 0 WSAPISock2Usr: 0
01/06/2010 20:34:35 NumUsers: 0 WSAPISock2Usr: 0
01/06/2010 20:39:35 NumUsers: 1 WSAPISock2Usr: 1
01/06/2010 20:44:35 NumUsers: 0 WSAPISock2Usr: 0
01/06/2010 22:47:08 NumUsers: 1 WSAPISock2Usr: 1
01/06/2010 22:52:08 NumUsers: 0 WSAPISock2Usr: 0
01/06/2010 23:04:06 NumUsers: 1 WSAPISock2Usr: 1
04/06/2010 1:53:58 NumUsers: 0 WSAPISock2Usr: 0
05/06/2010 11:30:01 NumUsers: 0 WSAPISock2Usr: 0
05/06/2010 12:15:22 NumUsers: 0 WSAPISock2Usr: 0
05/06/2010 12:20:22 NumUsers: 0 WSAPISock2Usr: 0
06/06/2010 20:41:45 NumUsers: 1 WSAPISock2Usr: 1
06/06/2010 20:46:45 NumUsers: 0 WSAPISock2Usr: 0
06/06/2010 21:08:39 NumUsers: 1 WSAPISock2Usr: 1
07/06/2010 20:24:04 NumUsers: 1 WSAPISock2Usr: 1
07/06/2010 20:59:04 NumUsers: 1 WSAPISock2Usr: 1
07/06/2010 21:43:47 NumUsers: 0 WSAPISock2Usr: 0
07/06/2010 21:48:47 NumUsers: 1 WSAPISock2Usr: 1
07/06/2010 21:53:47 NumUsers: 0 WSAPISock2Usr: 0
08/06/2010 0:18:30 NumUsers: 1 WSAPISock2Usr: 1
08/06/2010 0:23:30 NumUsers: 0 WSAPISock2Usr: 0
08/06/2010 0:25:30 Num <> NumUsers
08/06/2010 0:28:30 NumUsers: 1 WSAPISock2Usr: 1
08/06/2010 0:33:30 NumUsers: 1 WSAPISock2Usr: 1
08/06/2010 0:38:30 NumUsers: 0 WSAPISock2Usr: 0
08/06/2010 0:47:29 NumUsers: 1 WSAPISock2Usr: 1
08/06/2010 0:52:29 NumUsers: 0 WSAPISock2Usr: 0
08/06/2010 19:07:21 NumUsers: 0 WSAPISock2Usr: 0
08/06/2010 19:12:21 NumUsers: 0 WSAPISock2Usr: 0
08/06/2010 21:52:55 NumUsers: 0 WSAPISock2Usr: 0
09/06/2010 22:23:27 NumUsers: 0 WSAPISock2Usr: 0
09/06/2010 22:37:34 NumUsers: 1 WSAPISock2Usr: 1
11/06/2010 1:51:39 NumUsers: 1 WSAPISock2Usr: 1
10/06/2010 22:01:05 NumUsers: 0 WSAPISock2Usr: 0
10/06/2010 22:06:05 NumUsers: 0 WSAPISock2Usr: 0
11/06/2010 10:25:18 NumUsers: 0 WSAPISock2Usr: 0
11/06/2010 10:30:18 NumUsers: 0 WSAPISock2Usr: 0
11/06/2010 10:35:18 NumUsers: 0 WSAPISock2Usr: 0
11/06/2010 10:40:18 NumUsers: 0 WSAPISock2Usr: 0
11/06/2010 10:45:18 NumUsers: 0 WSAPISock2Usr: 0
11/06/2010 10:50:18 NumUsers: 0 WSAPISock2Usr: 0
11/06/2010 10:55:18 NumUsers: 0 WSAPISock2Usr: 0
11/06/2010 11:00:18 NumUsers: 0 WSAPISock2Usr: 0
11/06/2010 20:12:36 NumUsers: 1 WSAPISock2Usr: 1
11/06/2010 20:17:36 NumUsers: 0 WSAPISock2Usr: 0
11/06/2010 20:22:36 NumUsers: 0 WSAPISock2Usr: 0
11/06/2010 20:27:36 NumUsers: 1 WSAPISock2Usr: 1
11/06/2010 20:32:36 NumUsers: 0 WSAPISock2Usr: 0
11/06/2010 20:37:36 NumUsers: 0 WSAPISock2Usr: 0
11/06/2010 20:42:36 NumUsers: 0 WSAPISock2Usr: 0
11/06/2010 20:47:36 NumUsers: 0 WSAPISock2Usr: 0
11/06/2010 20:52:36 NumUsers: 0 WSAPISock2Usr: 0
11/06/2010 22:35:12 NumUsers: 1 WSAPISock2Usr: 1
12/06/2010 1:20:03 NumUsers: 0 WSAPISock2Usr: 0
12/06/2010 1:25:03 NumUsers: 0 WSAPISock2Usr: 0
12/06/2010 1:30:03 NumUsers: 0 WSAPISock2Usr: 0
12/06/2010 1:35:03 NumUsers: 0 WSAPISock2Usr: 0
12/06/2010 10:50:56 NumUsers: 0 WSAPISock2Usr: 0
12/06/2010 10:55:56 NumUsers: 0 WSAPISock2Usr: 0
12/06/2010 15:36:57 NumUsers: 1 WSAPISock2Usr: 1
12/06/2010 15:41:57 NumUsers: 1 WSAPISock2Usr: 1
12/06/2010 15:46:57 NumUsers: 1 WSAPISock2Usr: 1
12/06/2010 15:51:57 NumUsers: 0 WSAPISock2Usr: 0
12/06/2010 15:56:57 NumUsers: 0 WSAPISock2Usr: 0
12/06/2010 16:01:57 NumUsers: 1 WSAPISock2Usr: 1
12/06/2010 16:06:57 NumUsers: 0 WSAPISock2Usr: 0
12/06/2010 16:11:57 NumUsers: 1 WSAPISock2Usr: 1
12/06/2010 16:16:58 NumUsers: 0 WSAPISock2Usr: 0
12/06/2010 19:19:41 NumUsers: 0 WSAPISock2Usr: 0
12/06/2010 19:24:41 NumUsers: 0 WSAPISock2Usr: 0
12/06/2010 19:29:41 NumUsers: 1 WSAPISock2Usr: 1
12/06/2010 19:34:41 NumUsers: 0 WSAPISock2Usr: 0
12/06/2010 19:39:41 NumUsers: 0 WSAPISock2Usr: 0
12/06/2010 19:44:41 NumUsers: 0 WSAPISock2Usr: 0
13/06/2010 13:26:36 NumUsers: 1 WSAPISock2Usr: 1
13/06/2010 13:40:49 NumUsers: 0 WSAPISock2Usr: 0
13/06/2010 13:45:49 NumUsers: 0 WSAPISock2Usr: 0
13/06/2010 13:50:49 NumUsers: 0 WSAPISock2Usr: 0
13/06/2010 16:01:59 NumUsers: 0 WSAPISock2Usr: 0
13/06/2010 16:09:06 NumUsers: 0 WSAPISock2Usr: 0
13/06/2010 16:14:06 NumUsers: 0 WSAPISock2Usr: 0
13/06/2010 16:19:06 NumUsers: 0 WSAPISock2Usr: 0
13/06/2010 17:24:05 NumUsers: 1 WSAPISock2Usr: 1
13/06/2010 19:51:58 NumUsers: 0 WSAPISock2Usr: 0
13/06/2010 19:56:58 NumUsers: 0 WSAPISock2Usr: 0
25/06/2010 23:48:10 NumUsers: 0 WSAPISock2Usr: 0
26/06/2010 16:16:15 NumUsers: 0 WSAPISock2Usr: 0
26/06/2010 17:32:22 NumUsers: 1 WSAPISock2Usr: 1
26/06/2010 17:44:31 NumUsers: 0 WSAPISock2Usr: 0
12/07/2012 09:35:34 p.m. NumUsers: 2 WSAPISock2Usr: 2
12/07/2012 09:40:34 p.m. NumUsers: 1 WSAPISock2Usr: 1
12/07/2012 09:45:34 p.m. NumUsers: 1 WSAPISock2Usr: 1
12/07/2012 09:50:34 p.m. NumUsers: 1 WSAPISock2Usr: 1
12/07/2012 09:55:34 p.m. NumUsers: 1 WSAPISock2Usr: 1
12/07/2012 10:00:34 p.m. NumUsers: 0 WSAPISock2Usr: 0
12/07/2012 10:45:53 p.m. NumUsers: 2 WSAPISock2Usr: 2
13/07/2012 12:24:39 p.m. NumUsers: 1 WSAPISock2Usr: 1
13/07/2012 12:29:39 p.m. NumUsers: 1 WSAPISock2Usr: 1
13/07/2012 12:34:39 p.m. NumUsers: 1 WSAPISock2Usr: 1
13/07/2012 12:39:39 p.m. NumUsers: 1 WSAPISock2Usr: 1
13/07/2012 12:44:39 p.m. NumUsers: 1 WSAPISock2Usr: 1
13/07/2012 12:49:39 p.m. NumUsers: 1 WSAPISock2Usr: 1
13/07/2012 12:54:39 p.m. NumUsers: 0 WSAPISock2Usr: 0
13/07/2012 12:59:39 p.m. NumUsers: 0 WSAPISock2Usr: 0
13/07/2012 01:04:39 p.m. NumUsers: 0 WSAPISock2Usr: 0
13/07/2012 01:09:39 p.m. NumUsers: 0 WSAPISock2Usr: 0
13/07/2012 01:14:39 p.m. NumUsers: 0 WSAPISock2Usr: 0
13/07/2012 01:19:39 p.m. NumUsers: 0 WSAPISock2Usr: 0
13/07/2012 01:24:39 p.m. NumUsers: 0 WSAPISock2Usr: 0
13/07/2012 01:29:39 p.m. NumUsers: 0 WSAPISock2Usr: 0
13/07/2012 01:34:39 p.m. NumUsers: 1 WSAPISock2Usr: 1
13/07/2012 01:36:17 p.m. NumUsers: 0 WSAPISock2Usr: 0
13/07/2012 01:39:39 p.m. NumUsers: 0 WSAPISock2Usr: 0
13/07/2012 01:44:19 p.m. NumUsers: 0 WSAPISock2Usr: 0
13/07/2012 01:44:39 p.m. NumUsers: 1 WSAPISock2Usr: 1
13/07/2012 01:49:19 p.m. NumUsers: 0 WSAPISock2Usr: 0
13/07/2012 01:49:39 p.m. NumUsers: 1 WSAPISock2Usr: 1
13/07/2012 01:54:19 p.m. NumUsers: 0 WSAPISock2Usr: 0
13/07/2012 01:54:39 p.m. NumUsers: 1 WSAPISock2Usr: 1
13/07/2012 01:59:19 p.m. NumUsers: 0 WSAPISock2Usr: 0
13/07/2012 01:59:39 p.m. NumUsers: 1 WSAPISock2Usr: 1
13/07/2012 02:04:19 p.m. NumUsers: 0 WSAPISock2Usr: 0
13/07/2012 02:04:39 p.m. NumUsers: 1 WSAPISock2Usr: 1
13/07/2012 02:09:19 p.m. NumUsers: 0 WSAPISock2Usr: 0
13/07/2012 02:09:39 p.m. NumUsers: 1 WSAPISock2Usr: 1
13/07/2012 02:14:19 p.m. NumUsers: 0 WSAPISock2Usr: 0
13/07/2012 02:14:39 p.m. NumUsers: 0 WSAPISock2Usr: 0
13/07/2012 02:19:19 p.m. NumUsers: 0 WSAPISock2Usr: 0
13/07/2012 02:19:39 p.m. NumUsers: 0 WSAPISock2Usr: 0
13/07/2012 02:24:19 p.m. NumUsers: 0 WSAPISock2Usr: 0
13/07/2012 02:24:39 p.m. NumUsers: 0 WSAPISock2Usr: 0
13/07/2012 02:29:19 p.m. NumUsers: 0 WSAPISock2Usr: 0
13/07/2012 02:29:39 p.m. NumUsers: 0 WSAPISock2Usr: 0
13/07/2012 02:34:19 p.m. NumUsers: 0 WSAPISock2Usr: 0
13/07/2012 02:34:39 p.m. NumUsers: 0 WSAPISock2Usr: 0
13/07/2012 02:39:19 p.m. NumUsers: 0 WSAPISock2Usr: 0
13/07/2012 02:39:39 p.m. NumUsers: 0 WSAPISock2Usr: 0
13/07/2012 02:44:19 p.m. NumUsers: 0 WSAPISock2Usr: 0
13/07/2012 02:44:39 p.m. NumUsers: 0 WSAPISock2Usr: 0
13/07/2012 02:49:19 p.m. NumUsers: 0 WSAPISock2Usr: 0
13/07/2012 02:49:39 p.m. NumUsers: 0 WSAPISock2Usr: 0
13/07/2012 02:54:19 p.m. NumUsers: 0 WSAPISock2Usr: 0
13/07/2012 02:54:39 p.m. NumUsers: 0 WSAPISock2Usr: 0
13/07/2012 02:59:19 p.m. NumUsers: 0 WSAPISock2Usr: 0
13/07/2012 02:59:39 p.m. NumUsers: 0 WSAPISock2Usr: 0
13/07/2012 03:04:19 p.m. NumUsers: 0 WSAPISock2Usr: 0
13/07/2012 03:04:40 p.m. NumUsers: 0 WSAPISock2Usr: 0
13/07/2012 03:09:19 p.m. NumUsers: 0 WSAPISock2Usr: 0
13/07/2012 03:09:40 p.m. NumUsers: 0 WSAPISock2Usr: 0
13/07/2012 03:14:19 p.m. NumUsers: 0 WSAPISock2Usr: 0
13/07/2012 03:14:40 p.m. NumUsers: 0 WSAPISock2Usr: 0
13/07/2012 03:19:19 p.m. NumUsers: 0 WSAPISock2Usr: 0
13/07/2012 03:19:40 p.m. NumUsers: 0 WSAPISock2Usr: 0
13/07/2012 03:24:19 p.m. NumUsers: 0 WSAPISock2Usr: 0
13/07/2012 03:24:42 p.m. NumUsers: 0 WSAPISock2Usr: 0
13/07/2012 03:29:19 p.m. NumUsers: 0 WSAPISock2Usr: 0
13/07/2012 03:29:42 p.m. NumUsers: 0 WSAPISock2Usr: 0
13/07/2012 03:34:19 p.m. NumUsers: 0 WSAPISock2Usr: 0
13/07/2012 03:34:42 p.m. NumUsers: 0 WSAPISock2Usr: 0
13/07/2012 03:39:19 p.m. NumUsers: 0 WSAPISock2Usr: 0
13/07/2012 03:39:42 p.m. NumUsers: 0 WSAPISock2Usr: 0
13/07/2012 03:44:19 p.m. NumUsers: 0 WSAPISock2Usr: 0
13/07/2012 03:44:42 p.m. NumUsers: 0 WSAPISock2Usr: 0
13/07/2012 03:49:19 p.m. NumUsers: 0 WSAPISock2Usr: 0
13/07/2012 03:49:42 p.m. NumUsers: 0 WSAPISock2Usr: 0
13/07/2012 03:54:19 p.m. NumUsers: 0 WSAPISock2Usr: 0
13/07/2012 03:54:42 p.m. NumUsers: 0 WSAPISock2Usr: 0
13/07/2012 03:59:19 p.m. NumUsers: 0 WSAPISock2Usr: 0
13/07/2012 03:59:42 p.m. NumUsers: 0 WSAPISock2Usr: 0
13/07/2012 06:37:03 p.m. NumUsers: 0 WSAPISock2Usr: 0
13/07/2012 06:42:03 p.m. NumUsers: 0 WSAPISock2Usr: 0
13/07/2012 06:47:03 p.m. NumUsers: 0 WSAPISock2Usr: 0
13/07/2012 06:52:03 p.m. NumUsers: 0 WSAPISock2Usr: 0
13/07/2012 06:58:20 p.m. NumUsers: 0 WSAPISock2Usr: 0
13/07/2012 07:28:06 p.m. NumUsers: 0 WSAPISock2Usr: 0
14/07/2012 01:43:10 p.m. NumUsers: 0 WSAPISock2Usr: 0
14/07/2012 01:48:10 p.m. NumUsers: 0 WSAPISock2Usr: 0
14/07/2012 01:53:10 p.m. NumUsers: 1 WSAPISock2Usr: 1
14/07/2012 03:14:22 p.m. NumUsers: 0 WSAPISock2Usr: 0
14/07/2012 03:19:22 p.m. NumUsers: 1 WSAPISock2Usr: 1
14/07/2012 03:24:22 p.m. NumUsers: 0 WSAPISock2Usr: 0
14/07/2012 03:29:22 p.m. NumUsers: 0 WSAPISock2Usr: 0
14/07/2012 03:34:22 p.m. NumUsers: 0 WSAPISock2Usr: 0
14/07/2012 03:39:22 p.m. NumUsers: 0 WSAPISock2Usr: 0
14/07/2012 03:53:04 p.m. NumUsers: 0 WSAPISock2Usr: 0
14/07/2012 04:03:06 p.m. NumUsers: 2 WSAPISock2Usr: 2
14/07/2012 04:16:14 p.m. NumUsers: 0 WSAPISock2Usr: 0
14/07/2012 04:21:14 p.m. NumUsers: 0 WSAPISock2Usr: 0
14/07/2012 04:26:14 p.m. NumUsers: 0 WSAPISock2Usr: 0
14/07/2012 04:31:14 p.m. NumUsers: 0 WSAPISock2Usr: 0
14/07/2012 04:36:14 p.m. NumUsers: 0 WSAPISock2Usr: 0
14/07/2012 04:41:14 p.m. NumUsers: 0 WSAPISock2Usr: 0
14/07/2012 04:46:14 p.m. NumUsers: 0 WSAPISock2Usr: 0
14/07/2012 04:51:14 p.m. NumUsers: 0 WSAPISock2Usr: 0
14/07/2012 04:56:14 p.m. NumUsers: 0 WSAPISock2Usr: 0
14/07/2012 05:01:14 p.m. NumUsers: 0 WSAPISock2Usr: 0
14/07/2012 05:06:14 p.m. NumUsers: 0 WSAPISock2Usr: 0
14/07/2012 05:11:15 p.m. NumUsers: 0 WSAPISock2Usr: 0
14/07/2012 05:16:15 p.m. NumUsers: 0 WSAPISock2Usr: 0
14/07/2012 05:21:15 p.m. NumUsers: 0 WSAPISock2Usr: 0
14/07/2012 06:13:48 p.m. NumUsers: 0 WSAPISock2Usr: 0
14/07/2012 06:18:28 p.m. Estoy intentantdo guardar un usuario nulo de nombre: 
14/07/2012 06:18:34 p.m. Estoy intentantdo guardar un usuario nulo de nombre: 
14/07/2012 06:18:48 p.m. NumUsers: 0 WSAPISock2Usr: 0
14/07/2012 06:19:10 p.m. Estoy intentantdo guardar un usuario nulo de nombre: 
14/07/2012 06:29:42 p.m. Estoy intentantdo guardar un usuario nulo de nombre: 
14/07/2012 06:54:18 p.m. NumUsers: 0 WSAPISock2Usr: 0
14/07/2012 06:59:18 p.m. NumUsers: 0 WSAPISock2Usr: 0
14/07/2012 07:04:18 p.m. NumUsers: 0 WSAPISock2Usr: 0
14/07/2012 07:14:40 p.m. NumUsers: 0 WSAPISock2Usr: 0
15/07/2012 04:27:21 p.m. NumUsers: 2 WSAPISock2Usr: 2
15/07/2012 04:37:16 p.m. NumUsers: 1 WSAPISock2Usr: 1
15/07/2012 04:42:16 p.m. NumUsers: 1 WSAPISock2Usr: 1
15/07/2012 04:47:16 p.m. NumUsers: 1 WSAPISock2Usr: 1
15/07/2012 05:56:46 p.m. NumUsers: 1 WSAPISock2Usr: 1
15/07/2012 06:01:46 p.m. NumUsers: 1 WSAPISock2Usr: 1
15/07/2012 06:06:46 p.m. NumUsers: 0 WSAPISock2Usr: 0
15/07/2012 06:11:46 p.m. NumUsers: 0 WSAPISock2Usr: 0
15/07/2012 06:16:46 p.m. NumUsers: 0 WSAPISock2Usr: 0
15/07/2012 06:21:46 p.m. NumUsers: 0 WSAPISock2Usr: 0
15/07/2012 06:26:46 p.m. NumUsers: 0 WSAPISock2Usr: 0
15/07/2012 06:31:46 p.m. NumUsers: 0 WSAPISock2Usr: 0
15/07/2012 06:36:46 p.m. NumUsers: 0 WSAPISock2Usr: 0
15/07/2012 06:41:46 p.m. NumUsers: 0 WSAPISock2Usr: 0
15/07/2012 06:46:46 p.m. NumUsers: 0 WSAPISock2Usr: 0
15/07/2012 07:02:03 p.m. NumUsers: 1 WSAPISock2Usr: 1
15/07/2012 07:07:03 p.m. NumUsers: 1 WSAPISock2Usr: 1
15/07/2012 07:12:03 p.m. NumUsers: 0 WSAPISock2Usr: 0
15/07/2012 07:17:03 p.m. NumUsers: 0 WSAPISock2Usr: 0
15/07/2012 07:22:03 p.m. NumUsers: 1 WSAPISock2Usr: 1
15/07/2012 07:27:03 p.m. NumUsers: 0 WSAPISock2Usr: 0
15/07/2012 07:32:03 p.m. NumUsers: 0 WSAPISock2Usr: 0
15/07/2012 07:37:03 p.m. NumUsers: 0 WSAPISock2Usr: 0
15/07/2012 07:42:03 p.m. NumUsers: 0 WSAPISock2Usr: 0
15/07/2012 07:47:03 p.m. NumUsers: 0 WSAPISock2Usr: 0
15/07/2012 07:52:03 p.m. NumUsers: 0 WSAPISock2Usr: 0
15/07/2012 07:57:03 p.m. NumUsers: 0 WSAPISock2Usr: 0
15/07/2012 08:02:03 p.m. NumUsers: 0 WSAPISock2Usr: 0
15/07/2012 08:07:03 p.m. NumUsers: 0 WSAPISock2Usr: 0
15/07/2012 08:12:03 p.m. NumUsers: 0 WSAPISock2Usr: 0
15/07/2012 08:17:03 p.m. NumUsers: 0 WSAPISock2Usr: 0
15/07/2012 08:22:03 p.m. NumUsers: 0 WSAPISock2Usr: 0
15/07/2012 08:27:03 p.m. NumUsers: 0 WSAPISock2Usr: 0
15/07/2012 08:32:03 p.m. NumUsers: 0 WSAPISock2Usr: 0
15/07/2012 08:37:03 p.m. NumUsers: 1 WSAPISock2Usr: 1
15/07/2012 08:42:04 p.m. NumUsers: 0 WSAPISock2Usr: 0
15/07/2012 08:47:04 p.m. NumUsers: 0 WSAPISock2Usr: 0
15/07/2012 08:52:04 p.m. NumUsers: 0 WSAPISock2Usr: 0
15/07/2012 09:04:57 p.m. NumUsers: 0 WSAPISock2Usr: 0
15/07/2012 09:09:57 p.m. NumUsers: 0 WSAPISock2Usr: 0
16/07/2012 01:27:25 p.m. NumUsers: 0 WSAPISock2Usr: 0
16/07/2012 01:32:25 p.m. NumUsers: 0 WSAPISock2Usr: 0
16/07/2012 01:37:25 p.m. NumUsers: 0 WSAPISock2Usr: 0
16/07/2012 01:42:25 p.m. NumUsers: 0 WSAPISock2Usr: 0
16/07/2012 01:47:25 p.m. NumUsers: 0 WSAPISock2Usr: 0
16/07/2012 01:52:25 p.m. NumUsers: 0 WSAPISock2Usr: 0
16/07/2012 01:57:25 p.m. NumUsers: 0 WSAPISock2Usr: 0
16/07/2012 02:02:25 p.m. NumUsers: 0 WSAPISock2Usr: 0
16/07/2012 02:07:25 p.m. NumUsers: 0 WSAPISock2Usr: 0
16/07/2012 02:12:25 p.m. NumUsers: 0 WSAPISock2Usr: 0
16/07/2012 02:17:25 p.m. NumUsers: 0 WSAPISock2Usr: 0
16/07/2012 02:22:25 p.m. NumUsers: 1 WSAPISock2Usr: 1
16/07/2012 02:32:19 p.m. NumUsers: 0 WSAPISock2Usr: 0
16/07/2012 02:37:55 p.m. NumUsers: 0 WSAPISock2Usr: 0
16/07/2012 02:42:55 p.m. NumUsers: 1 WSAPISock2Usr: 1
16/07/2012 02:47:55 p.m. NumUsers: 0 WSAPISock2Usr: 0
17/07/2012 11:47:12 a.m. NumUsers: 0 WSAPISock2Usr: 0
17/07/2012 10:46:39 p.m. NumUsers: 0 WSAPISock2Usr: 0
17/07/2012 10:51:40 p.m. NumUsers: 0 WSAPISock2Usr: 0
17/07/2012 10:56:40 p.m. NumUsers: 0 WSAPISock2Usr: 0
17/07/2012 11:01:40 p.m. NumUsers: 0 WSAPISock2Usr: 0
17/07/2012 11:06:40 p.m. NumUsers: 0 WSAPISock2Usr: 0
17/07/2012 11:11:40 p.m. NumUsers: 0 WSAPISock2Usr: 0
17/07/2012 11:16:40 p.m. NumUsers: 0 WSAPISock2Usr: 0
17/07/2012 11:21:40 p.m. NumUsers: 0 WSAPISock2Usr: 0
17/07/2012 11:26:40 p.m. NumUsers: 0 WSAPISock2Usr: 0
17/07/2012 11:31:40 p.m. NumUsers: 0 WSAPISock2Usr: 0
17/07/2012 11:36:40 p.m. NumUsers: 0 WSAPISock2Usr: 0
17/07/2012 11:41:40 p.m. NumUsers: 0 WSAPISock2Usr: 0
17/07/2012 11:46:40 p.m. NumUsers: 0 WSAPISock2Usr: 0
01/08/2012 02:33:47 p.m. NumUsers: 1 WSAPISock2Usr: 1
