22/02/2009 14:26:40 server iniciado 0.11.45
22/02/2009 14:29:16 server cerrado.
22/02/2009 14:29:39 server iniciado 0.11.45
22/02/2009 14:37:38 server cerrado.
22/02/2009 15:01:58 server iniciado 0.11.45
22/02/2009 15:22:47 server cerrado.
22/02/2009 16:45:08 server iniciado 0.11.45
22/02/2009 16:51:35 server cerrado.
22/02/2009 20:34:31 server iniciado 0.11.45
22/02/2009 20:40:53 server cerrado.
23/02/2009 18:59:20 server iniciado 0.11.45
23/02/2009 19:11:03 server cerrado.
23/02/2009 19:55:41 server iniciado 0.11.45
23/02/2009 20:03:23 server cerrado.
23/02/2009 21:21:04 server iniciado 0.11.45
23/02/2009 21:22:55 server cerrado.
24/02/2009 13:55:29 server iniciado 0.11.45
24/02/2009 14:24:25 server cerrado.
24/02/2009 19:53:24 server iniciado 0.11.45
24/02/2009 20:03:08 server cerrado.
24/02/2009 20:27:10 server iniciado 0.11.45
24/02/2009 20:55:55 server cerrado.
25/02/2009 15:21:02 server iniciado 0.11.45
25/02/2009 15:25:33 server cerrado.
27/02/2009 15:11:29 server iniciado 0.11.45
27/02/2009 15:13:26 server cerrado.
05/03/2009 13:38:10 server iniciado 0.11.45
05/03/2009 13:52:56 server cerrado.
05/03/2009 15:23:28 server cerrado.
05/03/2009 15:27:21 server iniciado 0.11.45
05/03/2009 15:52:50 server cerrado.
05/03/2009 16:03:29 server iniciado 0.11.45
05/03/2009 16:14:19 server cerrado.
05/03/2009 20:08:16 server iniciado 0.11.45
05/03/2009 20:39:24 server cerrado.
06/03/2009 13:59:13 server iniciado 0.11.45
06/03/2009 14:06:20 server cerrado.
07/03/2009 12:36:58 server iniciado 0.11.45
07/03/2009 12:50:44 server cerrado.
07/03/2009 15:00:04 server cerrado.
07/03/2009 15:03:46 server iniciado 0.11.45
07/03/2009 15:42:03 server cerrado.
08/03/2009 12:09:19 server iniciado 0.11.45
08/03/2009 12:14:41 server cerrado.
09/03/2009 20:12:27 server iniciado 0.11.45
09/03/2009 20:22:01 server cerrado.
10/03/2009 12:29:34 server cerrado.
10/03/2009 12:32:47 server iniciado 0.11.45
10/03/2009 12:34:27 server cerrado.
12/03/2009 13:13:02 server iniciado 0.11.45
12/03/2009 13:24:47 server cerrado.
13/03/2009 13:08:44 server iniciado 0.11.45
13/03/2009 13:08:56 server cerrado.
15/03/2009 18:58:33 server iniciado 0.11.45
15/03/2009 19:17:10 server cerrado.
16/03/2009 14:28:02 server iniciado 0.11.45
16/03/2009 14:29:34 server cerrado.
16/03/2009 14:30:19 server iniciado 0.11.45
16/03/2009 15:04:41 server cerrado.
18/03/2009 12:40:57 server iniciado 0.11.45
18/03/2009 12:44:05 server cerrado.
18/03/2009 12:44:36 server iniciado 0.11.45
18/03/2009 12:49:37 server cerrado.
21/03/2009 18:01:59 server iniciado 0.11.45
21/03/2009 18:23:56 server cerrado.
21/03/2009 19:24:35 server iniciado 0.11.45
21/03/2009 19:41:33 server cerrado.
06/08/2009 10:59:23 p.m. server iniciado 0.11.45
06/08/2009 11:02:21 p.m. server cerrado.
06/08/2009 11:07:20 p.m. server iniciado 0.11.45
07/08/2009 12:28:03 a.m. server cerrado.
07/08/2009 12:50:21 a.m. server iniciado 0.11.45
07/08/2009 12:59:16 a.m. server cerrado.
07/08/2009 01:00:41 a.m. server iniciado 0.11.45
07/08/2009 01:02:32 a.m. server cerrado.
07/08/2009 01:03:41 a.m. server iniciado 0.11.45
07/08/2009 01:04:32 a.m. server cerrado.
07/08/2009 01:05:49 a.m. server iniciado 0.11.45
12/01/2010 18:35:23 server iniciado 0.11.45
12/01/2010 18:36:28 server cerrado.
28/03/2010 17:56:10 server iniciado 0.11.45
28/03/2010 18:00:27 server cerrado.
29/03/2010 11:37:24 server iniciado 0.11.45
29/03/2010 11:40:38 server cerrado.
29/03/2010 11:40:56 server iniciado 0.11.45
29/03/2010 11:41:59 server cerrado.
28/05/2010 2:16:36 server iniciado 0.11.45
28/05/2010 2:20:55 server cerrado.
28/05/2010 22:12:12 server iniciado 0.11.45
28/05/2010 22:34:57 server cerrado.
28/05/2010 22:36:17 server iniciado 0.11.45
28/05/2010 22:37:38 server cerrado.
29/05/2010 12:41:51 server iniciado 0.11.45
29/05/2010 13:19:31 server cerrado.
29/05/2010 13:27:31 server iniciado 0.11.45
29/05/2010 13:46:05 server cerrado.
29/05/2010 13:54:04 server iniciado 0.11.45
29/05/2010 14:08:13 server cerrado.
29/05/2010 14:08:53 server iniciado 0.11.45
29/05/2010 14:18:25 server cerrado.
29/05/2010 14:18:42 server iniciado 0.11.45
29/05/2010 14:50:28 server cerrado.
29/05/2010 14:52:38 server iniciado 0.11.45
29/05/2010 14:53:59 server cerrado.
29/05/2010 14:55:44 server iniciado 0.11.45
29/05/2010 14:56:37 server cerrado.
29/05/2010 15:07:37 server iniciado 0.11.45
29/05/2010 15:14:48 server cerrado.
29/05/2010 15:15:53 server iniciado 0.11.45
29/05/2010 15:41:38 server cerrado.
29/05/2010 15:49:43 server iniciado 0.11.45
29/05/2010 16:18:35 server cerrado.
29/05/2010 16:23:32 server iniciado 0.11.45
29/05/2010 16:25:48 server cerrado.
29/05/2010 16:26:58 server iniciado 0.11.45
29/05/2010 16:34:49 server cerrado.
29/05/2010 16:36:38 server iniciado 0.11.45
29/05/2010 16:58:45 server cerrado.
29/05/2010 17:02:04 server iniciado 0.11.45
29/05/2010 17:43:58 server cerrado.
29/05/2010 22:24:40 server iniciado 0.11.45
29/05/2010 22:25:45 server cerrado.
30/05/2010 10:37:25 server iniciado 0.11.45
30/05/2010 11:02:34 server cerrado.
30/05/2010 11:06:38 server iniciado 0.11.45
30/05/2010 11:42:38 server cerrado.
30/05/2010 11:46:42 server iniciado 0.11.45
30/05/2010 11:50:25 server cerrado.
30/05/2010 2:10:49 server iniciado 0.11.45
30/05/2010 2:15:22 server cerrado.
30/05/2010 2:19:02 server iniciado 0.11.45
30/05/2010 2:23:49 server cerrado.
30/05/2010 2:28:01 server iniciado 0.11.45
30/05/2010 2:29:52 server cerrado.
30/05/2010 2:48:54 server iniciado 0.11.45
30/05/2010 2:57:16 server cerrado.
30/05/2010 3:00:56 server iniciado 0.11.45
30/05/2010 3:32:03 server cerrado.
30/05/2010 13:10:51 server iniciado 0.11.45
30/05/2010 13:43:29 server cerrado.
30/05/2010 13:49:47 server iniciado 0.11.45
30/05/2010 13:51:27 server cerrado.
30/05/2010 14:12:33 server iniciado 0.11.45
30/05/2010 14:17:37 server cerrado.
30/05/2010 14:18:32 server iniciado 0.11.45
30/05/2010 14:18:54 server cerrado.
30/05/2010 14:21:57 server iniciado 0.11.45
30/05/2010 14:28:01 server cerrado.
30/05/2010 14:30:30 server iniciado 0.11.45
30/05/2010 14:31:01 server cerrado.
30/05/2010 14:32:15 server iniciado 0.11.45
30/05/2010 14:35:24 server cerrado.
30/05/2010 14:52:10 server iniciado 0.11.45
30/05/2010 14:54:50 server cerrado.
30/05/2010 15:01:22 server iniciado 0.11.45
30/05/2010 21:49:34 server iniciado 0.11.45
30/05/2010 21:56:27 server cerrado.
30/05/2010 21:56:32 server cerrado.
30/05/2010 22:06:42 server iniciado 0.11.45
30/05/2010 22:31:48 server cerrado.
30/05/2010 22:32:04 server iniciado 0.11.45
30/05/2010 22:50:11 server cerrado.
31/05/2010 12:02:49 server iniciado 0.11.45
31/05/2010 12:02:53 server cerrado.
31/05/2010 12:16:48 server iniciado 0.11.45
31/05/2010 12:18:38 server cerrado.
31/05/2010 12:19:34 server iniciado 0.11.45
31/05/2010 12:37:33 server cerrado.
31/05/2010 19:43:45 server iniciado 0.11.45
31/05/2010 19:57:41 server cerrado.
31/05/2010 19:58:03 server iniciado 0.11.45
31/05/2010 20:00:02 server cerrado.
31/05/2010 20:31:27 server iniciado 0.11.45
31/05/2010 20:34:53 server cerrado.
31/05/2010 21:09:38 server iniciado 0.11.45
31/05/2010 21:25:08 server cerrado.
31/05/2010 22:46:29 server iniciado 0.11.45
31/05/2010 22:53:29 server cerrado.
31/05/2010 22:53:48 server iniciado 0.11.45
31/05/2010 22:55:41 server cerrado.
31/05/2010 22:57:13 server iniciado 0.11.45
31/05/2010 23:32:49 server cerrado.
31/05/2010 23:34:06 server iniciado 0.11.45
31/05/2010 23:36:01 server cerrado.
31/05/2010 23:40:15 server iniciado 0.11.45
31/05/2010 23:40:47 server cerrado.
31/05/2010 23:41:18 server iniciado 0.11.45
31/05/2010 23:42:59 server cerrado.
31/05/2010 23:43:19 server iniciado 0.11.45
31/05/2010 23:51:41 server cerrado.
31/05/2010 23:55:45 server iniciado 0.11.45
01/06/2010 0:04:28 server cerrado.
01/06/2010 0:06:58 server iniciado 0.11.45
01/06/2010 0:10:12 server cerrado.
01/06/2010 0:11:43 server iniciado 0.11.45
01/06/2010 0:16:58 server cerrado.
01/06/2010 0:22:59 server iniciado 0.11.45
01/06/2010 0:25:10 server cerrado.
01/06/2010 0:26:50 server iniciado 0.11.45
01/06/2010 0:28:55 server cerrado.
01/06/2010 0:30:46 server iniciado 0.11.45
01/06/2010 0:33:09 server cerrado.
01/06/2010 0:34:09 server iniciado 0.11.45
01/06/2010 0:34:44 server cerrado.
01/06/2010 0:35:46 server iniciado 0.11.45
01/06/2010 0:51:01 server cerrado.
01/06/2010 19:31:48 server iniciado 0.11.45
01/06/2010 19:41:28 server cerrado.
01/06/2010 19:50:51 server iniciado 0.11.45
01/06/2010 19:59:34 server cerrado.
01/06/2010 20:09:35 server iniciado 0.11.45
01/06/2010 20:48:21 server cerrado.
01/06/2010 22:42:08 server iniciado 0.11.45
01/06/2010 22:52:26 server cerrado.
01/06/2010 22:59:06 server iniciado 0.11.45
01/06/2010 23:08:08 server cerrado.
04/06/2010 1:48:58 server iniciado 0.11.45
04/06/2010 1:54:47 server cerrado.
04/06/2010 1:58:00 server iniciado 0.11.45
04/06/2010 1:59:36 server iniciado 0.11.45
05/06/2010 11:22:04 server iniciado 0.11.45
05/06/2010 11:23:37 server cerrado.
05/06/2010 11:23:53 server iniciado 0.11.45
05/06/2010 11:25:01 server iniciado 0.11.45
05/06/2010 11:34:51 server cerrado.
05/06/2010 12:10:22 server iniciado 0.11.45
05/06/2010 12:23:02 server cerrado.
05/06/2010 15:49:33 server iniciado 0.11.45
05/06/2010 15:52:42 server cerrado.
06/06/2010 20:36:46 server iniciado 0.11.45
06/06/2010 20:50:26 server cerrado.
06/06/2010 21:01:00 server iniciado 0.11.45
06/06/2010 21:02:25 server cerrado.
06/06/2010 21:03:39 server iniciado 0.11.45
06/06/2010 21:12:06 server cerrado.
06/06/2010 21:12:22 server iniciado 0.11.45
06/06/2010 21:13:01 server cerrado.
06/06/2010 21:14:57 server iniciado 0.11.45
06/06/2010 21:55:51 server iniciado 0.11.45
06/06/2010 21:59:13 server cerrado.
06/06/2010 21:59:30 server iniciado 0.11.45
06/06/2010 22:46:07 server iniciado 0.11.45
06/06/2010 22:47:14 server cerrado.
07/06/2010 20:19:04 server iniciado 0.11.45
07/06/2010 20:26:53 server cerrado.
07/06/2010 20:27:11 server iniciado 0.11.45
07/06/2010 20:29:01 server cerrado.
07/06/2010 20:53:25 server iniciado 0.11.45
07/06/2010 20:53:46 server cerrado.
07/06/2010 20:54:04 server iniciado 0.11.45
07/06/2010 21:01:43 server cerrado.
07/06/2010 21:31:26 server iniciado 0.11.45
07/06/2010 21:31:48 server cerrado.
07/06/2010 21:33:16 server iniciado 0.11.45
07/06/2010 21:36:39 server cerrado.
07/06/2010 21:38:47 server iniciado 0.11.45
07/06/2010 21:55:47 server cerrado.
07/06/2010 21:56:45 server iniciado 0.11.45
07/06/2010 21:57:23 server cerrado.
07/06/2010 22:05:12 server iniciado 0.11.45
07/06/2010 23:34:12 server iniciado 0.11.45
07/06/2010 23:35:48 server cerrado.
07/06/2010 23:36:25 server iniciado 0.11.45
07/06/2010 23:47:14 server iniciado 0.11.45
07/06/2010 23:48:43 server iniciado 0.11.45
07/06/2010 23:49:08 server cerrado.
07/06/2010 23:50:51 server iniciado 0.11.45
07/06/2010 23:51:23 server cerrado.
08/06/2010 0:13:30 server iniciado 0.11.45
08/06/2010 0:39:09 server cerrado.
08/06/2010 0:42:29 server iniciado 0.11.45
08/06/2010 0:54:02 server cerrado.
08/06/2010 19:02:21 server iniciado 0.11.45
08/06/2010 19:17:15 server cerrado.
08/06/2010 21:47:55 server iniciado 0.11.45
08/06/2010 21:54:47 server cerrado.
08/06/2010 22:11:18 server iniciado 0.11.45
08/06/2010 22:12:04 server cerrado.
09/06/2010 22:18:27 server iniciado 0.11.45
09/06/2010 22:27:49 server cerrado.
09/06/2010 22:32:34 server iniciado 0.11.45
09/06/2010 22:39:54 server cerrado.
09/06/2010 22:42:02 server iniciado 0.11.45
09/06/2010 23:58:25 server iniciado 0.11.45
10/06/2010 0:00:24 server cerrado.
11/06/2010 1:46:39 server iniciado 0.11.45
11/06/2010 1:53:59 server cerrado.
10/06/2010 21:56:05 server iniciado 0.11.45
10/06/2010 22:10:01 server cerrado.
10/06/2010 22:19:18 server iniciado 0.11.45
10/06/2010 22:21:35 server cerrado.
10/06/2010 22:22:40 server iniciado 0.11.45
10/06/2010 22:22:55 server cerrado.
10/06/2010 22:24:19 server iniciado 0.11.45
10/06/2010 22:25:06 server iniciado 0.11.45
10/06/2010 22:27:24 server iniciado 0.11.45
10/06/2010 22:29:51 server iniciado 0.11.45
10/06/2010 22:36:13 server iniciado 0.11.45
10/06/2010 22:37:06 server cerrado.
10/06/2010 22:37:52 server iniciado 0.11.45
10/06/2010 22:40:41 server iniciado 0.11.45
10/06/2010 23:05:59 server iniciado 0.11.45
10/06/2010 23:09:10 server cerrado.
10/06/2010 23:10:45 server iniciado 0.11.45
10/06/2010 23:14:45 server cerrado.
11/06/2010 10:20:18 server iniciado 0.11.45
11/06/2010 11:02:30 server cerrado.
11/06/2010 20:07:36 server iniciado 0.11.45
11/06/2010 20:53:40 server cerrado.
11/06/2010 22:30:12 server iniciado 0.11.45
11/06/2010 22:35:35 server cerrado.
11/06/2010 22:35:55 server iniciado 0.11.45
11/06/2010 22:38:19 server cerrado.
11/06/2010 22:46:10 server iniciado 0.11.45
11/06/2010 22:49:02 server cerrado.
12/06/2010 1:15:03 server iniciado 0.11.45
12/06/2010 1:36:36 server cerrado.
12/06/2010 1:40:07 server iniciado 0.11.45
12/06/2010 1:43:12 server cerrado.
12/06/2010 10:45:56 server iniciado 0.11.45
12/06/2010 10:56:22 server cerrado.
12/06/2010 15:31:57 server iniciado 0.11.45
12/06/2010 16:18:39 server cerrado.
12/06/2010 19:14:42 server iniciado 0.11.45
12/06/2010 19:48:08 server cerrado.
12/06/2010 19:53:47 server iniciado 0.11.45
12/06/2010 19:58:04 server cerrado.
12/06/2010 19:59:06 server iniciado 0.11.45
12/06/2010 20:01:35 server cerrado.
13/06/2010 13:21:36 server iniciado 0.11.45
13/06/2010 13:26:52 server cerrado.
13/06/2010 13:33:49 server iniciado 0.11.45
13/06/2010 13:34:37 server cerrado.
13/06/2010 13:35:49 server iniciado 0.11.45
13/06/2010 13:52:55 server cerrado.
13/06/2010 15:56:59 server iniciado 0.11.45
13/06/2010 16:03:46 server cerrado.
13/06/2010 16:04:06 server iniciado 0.11.45
13/06/2010 16:23:19 server cerrado.
13/06/2010 17:19:05 server iniciado 0.11.45
13/06/2010 17:24:08 server cerrado.
13/06/2010 19:46:58 server iniciado 0.11.45
13/06/2010 19:57:21 server cerrado.
13/06/2010 19:58:22 server iniciado 0.11.45
13/06/2010 19:59:33 server cerrado.
21/06/2010 14:14:48 server iniciado 0.11.45
21/06/2010 14:17:37 server cerrado.
25/06/2010 23:43:10 server iniciado 0.11.45
25/06/2010 23:51:47 server cerrado.
26/06/2010 16:03:37 server iniciado 0.11.45
26/06/2010 16:08:13 server cerrado.
26/06/2010 16:11:15 server iniciado 0.11.45
26/06/2010 16:18:36 server cerrado.
26/06/2010 17:27:22 server iniciado 0.11.45
26/06/2010 17:36:43 server cerrado.
26/06/2010 17:39:31 server iniciado 0.11.45
26/06/2010 17:45:44 server cerrado.
26/06/2010 17:49:33 server iniciado 0.11.45
26/06/2010 17:52:55 server cerrado.
26/06/2010 18:10:04 server iniciado 0.11.45
26/06/2010 18:14:06 server cerrado.
26/06/2010 18:53:51 server iniciado 0.11.45
26/06/2010 18:54:24 server cerrado.
26/06/2010 18:58:21 server iniciado 0.11.45
26/06/2010 18:58:37 server cerrado.
26/06/2010 21:37:09 server iniciado 0.11.45
26/06/2010 21:37:32 server cerrado.
26/06/2010 21:46:48 server iniciado 0.11.45
26/06/2010 21:47:11 server cerrado.
19/07/2010 20:05:17 server iniciado 0.11.45
19/07/2010 20:07:48 server cerrado.
12/07/2012 09:22:15 p.m. server iniciado 0.11.45
12/07/2012 09:26:36 p.m. server cerrado.
12/07/2012 09:30:34 p.m. server iniciado 0.11.45
12/07/2012 10:04:14 p.m. server cerrado.
12/07/2012 10:40:53 p.m. server iniciado 0.11.45
12/07/2012 10:50:00 p.m. server cerrado.
13/07/2012 12:19:39 p.m. server iniciado 0.11.45
13/07/2012 01:31:17 p.m. server iniciado 0.11.45
13/07/2012 01:38:17 p.m. server cerrado.
13/07/2012 01:39:19 p.m. server iniciado 0.11.45
13/07/2012 04:00:14 p.m. server cerrado.
13/07/2012 04:00:14 p.m. server cerrado.
13/07/2012 06:04:09 p.m. server iniciado 0.11.45
13/07/2012 06:06:02 p.m. server cerrado.
13/07/2012 06:17:10 p.m. server iniciado 0.11.45
13/07/2012 06:22:39 p.m. server iniciado 0.11.45
13/07/2012 06:28:33 p.m. server iniciado 0.11.45
13/07/2012 06:30:31 p.m. server iniciado 0.11.45
13/07/2012 06:31:07 p.m. server cerrado.
13/07/2012 06:32:03 p.m. server iniciado 0.11.45
13/07/2012 06:52:51 p.m. server cerrado.
13/07/2012 06:53:21 p.m. server iniciado 0.11.45
13/07/2012 06:58:23 p.m. server cerrado.
13/07/2012 07:00:00 p.m. server iniciado 0.11.45
13/07/2012 07:11:27 p.m. server iniciado 0.11.45
13/07/2012 07:16:15 p.m. server iniciado 0.11.45
13/07/2012 07:20:16 p.m. server cerrado.
13/07/2012 07:23:06 p.m. server iniciado 0.11.45
13/07/2012 07:29:19 p.m. server cerrado.
14/07/2012 01:38:10 p.m. server iniciado 0.11.45
14/07/2012 01:53:47 p.m. server cerrado.
14/07/2012 02:40:12 p.m. server iniciado 0.11.45
14/07/2012 02:44:10 p.m. server cerrado.
14/07/2012 02:51:15 p.m. server iniciado 0.11.45
14/07/2012 02:52:38 p.m. server cerrado.
14/07/2012 03:03:11 p.m. server iniciado 0.11.45
14/07/2012 03:04:03 p.m. server cerrado.
14/07/2012 03:09:22 p.m. server iniciado 0.11.45
14/07/2012 03:41:20 p.m. server cerrado.
14/07/2012 03:41:40 p.m. server iniciado 0.11.45
14/07/2012 03:45:38 p.m. server cerrado.
14/07/2012 03:48:04 p.m. server iniciado 0.11.45
14/07/2012 03:57:50 p.m. server cerrado.
14/07/2012 03:58:06 p.m. server iniciado 0.11.45
14/07/2012 04:03:52 p.m. server cerrado.
14/07/2012 04:11:14 p.m. server iniciado 0.11.45
14/07/2012 05:21:19 p.m. server cerrado.
14/07/2012 06:03:11 p.m. server iniciado 0.11.45
14/07/2012 06:03:38 p.m. server cerrado.
14/07/2012 06:08:48 p.m. server iniciado 0.11.45
14/07/2012 06:19:56 p.m. server cerrado.
14/07/2012 06:20:19 p.m. server iniciado 0.11.45
14/07/2012 06:20:37 p.m. server cerrado.
14/07/2012 06:28:51 p.m. server iniciado 0.11.45
14/07/2012 06:30:57 p.m. server cerrado.
14/07/2012 06:32:31 p.m. server iniciado 0.11.45
14/07/2012 06:35:04 p.m. server cerrado.
14/07/2012 06:49:18 p.m. server iniciado 0.11.45
14/07/2012 07:08:57 p.m. server cerrado.
14/07/2012 07:09:40 p.m. server iniciado 0.11.45
14/07/2012 07:14:53 p.m. server cerrado.
15/07/2012 04:22:22 p.m. server iniciado 0.11.45
15/07/2012 04:28:00 p.m. server cerrado.
15/07/2012 04:32:16 p.m. server iniciado 0.11.45
15/07/2012 04:50:53 p.m. server cerrado.
15/07/2012 04:51:25 p.m. server iniciado 0.11.45
15/07/2012 04:55:59 p.m. server cerrado.
15/07/2012 04:56:15 p.m. server iniciado 0.11.45
15/07/2012 04:58:28 p.m. server cerrado.
15/07/2012 05:00:53 p.m. server iniciado 0.11.45
15/07/2012 05:04:17 p.m. server cerrado.
15/07/2012 05:07:30 p.m. server iniciado 0.11.45
15/07/2012 05:08:15 p.m. server iniciado 0.11.45
15/07/2012 05:09:03 p.m. server iniciado 0.11.45
15/07/2012 05:09:17 p.m. server cerrado.
15/07/2012 05:09:36 p.m. server iniciado 0.11.45
15/07/2012 05:10:08 p.m. server cerrado.
15/07/2012 05:12:23 p.m. server iniciado 0.11.45
15/07/2012 05:13:16 p.m. server cerrado.
15/07/2012 05:14:16 p.m. server iniciado 0.11.45
15/07/2012 05:14:51 p.m. server cerrado.
15/07/2012 05:38:56 p.m. server iniciado 0.11.45
15/07/2012 05:42:05 p.m. server cerrado.
15/07/2012 05:50:12 p.m. server iniciado 0.11.45
15/07/2012 05:51:26 p.m. server cerrado.
15/07/2012 05:51:46 p.m. server iniciado 0.11.45
15/07/2012 06:49:58 p.m. server cerrado.
15/07/2012 06:57:03 p.m. server iniciado 0.11.45
15/07/2012 08:27:57 p.m. server iniciado 0.11.45
15/07/2012 08:28:15 p.m. server cerrado.
15/07/2012 08:59:57 p.m. server iniciado 0.11.45
15/07/2012 09:10:23 p.m. server cerrado.
16/07/2012 01:22:26 p.m. server iniciado 0.11.45
16/07/2012 02:23:20 p.m. server cerrado.
16/07/2012 02:25:46 p.m. server iniciado 0.11.45
16/07/2012 02:26:11 p.m. server cerrado.
16/07/2012 02:27:19 p.m. server iniciado 0.11.45
16/07/2012 02:32:34 p.m. server cerrado.
16/07/2012 02:32:55 p.m. server iniciado 0.11.45
16/07/2012 02:50:43 p.m. server iniciado 0.11.45
16/07/2012 02:50:51 p.m. server cerrado.
16/07/2012 02:51:14 p.m. server iniciado 0.11.45
16/07/2012 02:55:01 p.m. server iniciado 0.11.45
17/07/2012 11:42:12 a.m. server iniciado 0.11.45
17/07/2012 11:49:39 a.m. server cerrado.
17/07/2012 11:49:57 a.m. server iniciado 0.11.45
17/07/2012 10:14:35 p.m. server iniciado 0.11.45
17/07/2012 10:16:15 p.m. server iniciado 0.11.45
17/07/2012 10:19:19 p.m. server iniciado 0.11.45
17/07/2012 10:19:53 p.m. server cerrado.
17/07/2012 10:41:40 p.m. server iniciado 0.11.45
17/07/2012 11:47:33 p.m. server cerrado.
01/08/2012 02:28:47 p.m. server iniciado 0.11.45
01/08/2012 02:35:21 p.m. server cerrado.
