01/06/2010 22:45:50 Se conecto con ip:192.168.1.254
01/06/2010 22:46:00 /CI: 870
01/06/2010 22:46:01 Agarro:100 Objeto:Montura Veloz
01/06/2010 22:46:11 /CI: 869
01/06/2010 22:46:12 Agarro:100 Objeto:Montura Veloz
01/06/2010 22:46:25 /CI: 868
01/06/2010 22:46:26 Agarro:100 Objeto:Montura Veloz
01/06/2010 22:48:00 MONTUS EXP 9999999
01/06/2010 22:48:39 Se conecto con ip:192.168.1.254
01/06/2010 23:00:29 Se conecto con ip:192.168.1.254
01/06/2010 23:03:50 Transporto a MONTUS hacia Mapa114 X:50 Y:50
01/06/2010 23:03:56 Transporto a MONTUS hacia Mapa112 X:50 Y:50
01/06/2010 23:04:04 Transporto a MONTUS hacia Mapa112 X:49 Y:55
01/06/2010 23:04:04 Transporto a MONTUS hacia Mapa112 X:47 Y:61
01/06/2010 23:04:05 Transporto a MONTUS hacia Mapa112 X:43 Y:65
01/06/2010 23:04:06 Transporto a MONTUS hacia Mapa112 X:45 Y:63
01/06/2010 23:04:06 Transporto a MONTUS hacia Mapa112 X:47 Y:60
01/06/2010 23:04:07 Transporto a MONTUS hacia Mapa112 X:46 Y:64
01/06/2010 23:04:07 Transporto a MONTUS hacia Mapa112 X:46 Y:68
01/06/2010 23:04:07 Transporto a MONTUS hacia Mapa112 X:46 Y:73
01/06/2010 23:04:08 Transporto a MONTUS hacia Mapa112 X:52 Y:77
01/06/2010 23:04:09 Transporto a MONTUS hacia Mapa112 X:47 Y:78
01/06/2010 23:04:09 Transporto a MONTUS hacia Mapa112 X:49 Y:79
01/06/2010 23:04:10 Transporto a MONTUS hacia Mapa112 X:54 Y:80
01/06/2010 23:04:10 Transporto a MONTUS hacia Mapa112 X:60 Y:81
01/06/2010 23:04:11 Transporto a MONTUS hacia Mapa112 X:64 Y:82
01/06/2010 23:04:11 Transporto a MONTUS hacia Mapa112 X:64 Y:80
01/06/2010 23:04:12 Transporto a MONTUS hacia Mapa112 X:63 Y:79
01/06/2010 23:04:12 Transporto a MONTUS hacia Mapa112 X:60 Y:78
01/06/2010 23:04:13 Transporto a MONTUS hacia Mapa112 X:61 Y:74
01/06/2010 23:04:13 Transporto a MONTUS hacia Mapa112 X:63 Y:71
01/06/2010 23:04:15 Transporto a MONTUS hacia Mapa112 X:62 Y:68
01/06/2010 23:04:41 Transporto a MONTUS hacia Mapa112 X:56 Y:81
01/06/2010 23:04:41 Transporto a MONTUS hacia Mapa112 X:49 Y:81
01/06/2010 23:04:41 Transporto a MONTUS hacia Mapa112 X:42 Y:81
01/06/2010 23:04:42 Transporto a MONTUS hacia Mapa112 X:35 Y:81
01/06/2010 23:04:42 Transporto a MONTUS hacia Mapa112 X:30 Y:79
01/06/2010 23:04:42 Transporto a MONTUS hacia Mapa112 X:23 Y:77
01/06/2010 23:04:43 Transporto a MONTUS hacia Mapa112 X:15 Y:79
01/06/2010 23:04:44 Transporto a MONTUS hacia Mapa112 X:12 Y:76
01/06/2010 23:04:44 Transporto a MONTUS hacia Mapa112 X:14 Y:75
01/06/2010 23:04:45 Transporto a MONTUS hacia Mapa112 X:13 Y:73
01/06/2010 23:04:45 Transporto a MONTUS hacia Mapa112 X:14 Y:70
01/06/2010 23:04:46 Transporto a MONTUS hacia Mapa112 X:14 Y:67
01/06/2010 23:04:46 Transporto a MONTUS hacia Mapa112 X:15 Y:64
01/06/2010 23:04:46 Transporto a MONTUS hacia Mapa112 X:18 Y:61
01/06/2010 23:04:47 Transporto a MONTUS hacia Mapa112 X:22 Y:59
01/06/2010 23:04:47 Transporto a MONTUS hacia Mapa112 X:25 Y:57
01/06/2010 23:04:48 Transporto a MONTUS hacia Mapa112 X:27 Y:54
01/06/2010 23:04:48 Transporto a MONTUS hacia Mapa112 X:28 Y:51
01/06/2010 23:04:48 Transporto a MONTUS hacia Mapa112 X:29 Y:48
01/06/2010 23:04:49 Transporto a MONTUS hacia Mapa112 X:34 Y:47
01/06/2010 23:04:49 Transporto a MONTUS hacia Mapa112 X:39 Y:47
01/06/2010 23:04:49 Transporto a MONTUS hacia Mapa112 X:45 Y:48
01/06/2010 23:04:49 Transporto a MONTUS hacia Mapa112 X:51 Y:49
01/06/2010 23:04:49 Transporto a MONTUS hacia Mapa112 X:57 Y:50
01/06/2010 23:04:54 Transporto a MONTUS hacia Mapa112 X:53 Y:47
01/06/2010 23:05:19 /CI: 474
01/06/2010 23:05:20 Agarro:100 Objeto:Barca
01/06/2010 23:05:57 Transporto a MONTUS hacia Mapa117 X:22 Y:51
01/06/2010 23:05:57 Transporto a MONTUS hacia Mapa117 X:28 Y:51
01/06/2010 23:05:57 Transporto a MONTUS hacia Mapa117 X:34 Y:51
01/06/2010 23:05:57 Transporto a MONTUS hacia Mapa117 X:41 Y:51
01/06/2010 23:05:57 Transporto a MONTUS hacia Mapa117 X:48 Y:51
01/06/2010 23:05:58 Transporto a MONTUS hacia Mapa117 X:54 Y:51
01/06/2010 23:05:58 Transporto a MONTUS hacia Mapa117 X:60 Y:51
01/06/2010 23:05:58 Transporto a MONTUS hacia Mapa117 X:67 Y:51
01/06/2010 23:05:59 Transporto a MONTUS hacia Mapa117 X:74 Y:51
01/06/2010 23:06:04 Transporto a MONTUS hacia Mapa118 X:20 Y:51
01/06/2010 23:06:04 Transporto a MONTUS hacia Mapa118 X:28 Y:52
01/06/2010 23:06:04 Transporto a MONTUS hacia Mapa118 X:37 Y:59
01/06/2010 23:06:04 Transporto a MONTUS hacia Mapa118 X:44 Y:60
01/06/2010 23:06:05 Transporto a MONTUS hacia Mapa118 X:51 Y:61
01/06/2010 23:06:05 Transporto a MONTUS hacia Mapa118 X:57 Y:62
01/06/2010 23:06:05 Transporto a MONTUS hacia Mapa118 X:63 Y:62
01/06/2010 23:06:05 Transporto a MONTUS hacia Mapa118 X:68 Y:61
01/06/2010 23:06:05 Transporto a MONTUS hacia Mapa118 X:74 Y:60
01/06/2010 23:06:05 Transporto a MONTUS hacia Mapa118 X:79 Y:58
01/06/2010 23:06:06 Transporto a MONTUS hacia Mapa118 X:84 Y:56
01/06/2010 23:06:06 Transporto a MONTUS hacia Mapa118 X:90 Y:55
01/06/2010 23:06:08 Transporto a MONTUS hacia Mapa119 X:19 Y:56
01/06/2010 23:06:08 Transporto a MONTUS hacia Mapa119 X:25 Y:56
01/06/2010 23:06:08 Transporto a MONTUS hacia Mapa119 X:31 Y:56
01/06/2010 23:06:09 Transporto a MONTUS hacia Mapa119 X:37 Y:56
01/06/2010 23:07:14 Transporto a MONTUS hacia Mapa169 X:19 Y:62
01/06/2010 23:07:20 Transporto a MONTUS hacia Mapa169 X:18 Y:58
01/06/2010 23:07:20 Transporto a MONTUS hacia Mapa169 X:17 Y:54
01/06/2010 23:07:39 Transporto a MONTUS hacia Mapa169 X:45 Y:52
01/06/2010 23:07:39 Transporto a MONTUS hacia Mapa169 X:50 Y:55
01/06/2010 23:07:44 MONTUS PART 3
