24/02/2009 14:14:39 Se conecto con ip:127.0.0.1
24/02/2009 14:14:43 /lluvia
24/02/2009 14:15:07 Transporto a Slazher hacia Mapa34 X:34 Y:70
24/02/2009 14:15:10 Transporto a Slazher hacia Mapa34 X:39 Y:68
24/02/2009 14:15:10 Transporto a Slazher hacia Mapa34 X:45 Y:69
24/02/2009 14:15:11 Transporto a Slazher hacia Mapa34 X:51 Y:72
24/02/2009 14:15:11 Transporto a Slazher hacia Mapa34 X:57 Y:75
24/02/2009 14:15:11 Transporto a Slazher hacia Mapa34 X:63 Y:78
24/02/2009 14:15:12 Transporto a Slazher hacia Mapa34 X:60 Y:81
24/02/2009 14:15:12 Transporto a Slazher hacia Mapa34 X:57 Y:80
24/02/2009 14:15:16 Transporto a Slazher hacia Mapa34 X:50 Y:79
24/02/2009 14:15:16 Transporto a Slazher hacia Mapa34 X:45 Y:77
24/02/2009 14:15:17 Transporto a Slazher hacia Mapa34 X:47 Y:74
24/02/2009 14:15:17 Transporto a Slazher hacia Mapa34 X:47 Y:71
24/02/2009 14:15:18 Transporto a Slazher hacia Mapa34 X:44 Y:68
24/02/2009 14:15:18 Transporto a Slazher hacia Mapa34 X:42 Y:66
24/02/2009 14:15:18 Transporto a Slazher hacia Mapa34 X:41 Y:64
24/02/2009 14:15:19 Transporto a Slazher hacia Mapa34 X:40 Y:62
24/02/2009 14:15:19 Transporto a Slazher hacia Mapa34 X:40 Y:58
24/02/2009 14:15:20 Transporto a Slazher hacia Mapa34 X:40 Y:54
24/02/2009 14:15:20 Transporto a Slazher hacia Mapa34 X:40 Y:50
24/02/2009 14:15:20 Transporto a Slazher hacia Mapa34 X:38 Y:46
24/02/2009 14:15:21 Transporto a Slazher hacia Mapa34 X:35 Y:42
24/02/2009 14:15:21 Transporto a Slazher hacia Mapa34 X:36 Y:38
24/02/2009 14:15:22 Transporto a Slazher hacia Mapa34 X:35 Y:33
24/02/2009 14:15:22 Transporto a Slazher hacia Mapa34 X:33 Y:28
24/02/2009 14:15:23 Transporto a Slazher hacia Mapa34 X:36 Y:24
24/02/2009 14:15:33 Transporto a Slazher hacia Mapa34 X:35 Y:21
24/02/2009 14:15:33 Transporto a Slazher hacia Mapa34 X:36 Y:17
24/02/2009 14:15:34 Transporto a Slazher hacia Mapa34 X:35 Y:14
24/02/2009 14:15:34 Transporto a Slazher hacia Mapa34 X:34 Y:11
24/02/2009 14:15:35 Transporto a Slazher hacia Mapa34 X:34 Y:8
24/02/2009 14:22:31 Se conecto con ip:127.0.0.1
24/02/2009 14:23:37 Se conecto con ip:127.0.0.1
24/02/2009 19:53:43 Se conecto con ip:127.0.0.1
24/02/2009 20:00:51 Se conecto con ip:127.0.0.1
24/02/2009 20:27:27 Se conecto con ip:127.0.0.1
24/02/2009 20:29:37 Se conecto con ip:127.0.0.1
24/02/2009 20:30:23 Se conecto con ip:127.0.0.1
24/02/2009 20:31:35 Se conecto con ip:127.0.0.1
27/02/2009 15:11:57 Se conecto con ip:127.0.0.1
27/02/2009 15:12:15 Transporto a Slazher hacia Mapa34 X:40 Y:63
27/02/2009 15:12:16 Transporto a Slazher hacia Mapa34 X:35 Y:64
27/02/2009 15:12:16 Transporto a Slazher hacia Mapa34 X:33 Y:66
27/02/2009 15:12:18 Transporto a Slazher hacia Mapa34 X:28 Y:66
27/02/2009 15:12:20 Transporto a Slazher hacia Mapa34 X:21 Y:61
27/02/2009 15:12:21 Transporto a Slazher hacia Mapa34 X:17 Y:58
27/02/2009 15:12:29 Transporto a Slazher hacia Mapa34 X:23 Y:63
27/02/2009 15:12:30 Transporto a Slazher hacia Mapa34 X:26 Y:68
27/02/2009 15:12:30 Transporto a Slazher hacia Mapa34 X:25 Y:72
27/02/2009 15:12:31 Transporto a Slazher hacia Mapa34 X:29 Y:75
27/02/2009 15:12:31 Transporto a Slazher hacia Mapa34 X:36 Y:78
27/02/2009 15:12:31 Transporto a Slazher hacia Mapa34 X:41 Y:79
27/02/2009 15:12:32 Transporto a Slazher hacia Mapa34 X:41 Y:76
27/02/2009 15:12:35 Transporto a Slazher hacia Mapa34 X:48 Y:82
27/02/2009 15:12:37 Transporto a Slazher hacia Mapa34 X:48 Y:82
27/02/2009 15:12:37 Transporto a Slazher hacia Mapa34 X:55 Y:81
27/02/2009 15:12:39 Transporto a Slazher hacia Mapa34 X:60 Y:79
27/02/2009 15:12:45 SLAZHER ORO 100000
27/02/2009 15:12:46 Transporto a Slazher hacia Mapa34 X:60 Y:76
27/02/2009 15:12:46 Transporto a Slazher hacia Mapa34 X:60 Y:76
27/02/2009 15:12:47 Transporto a Slazher hacia Mapa34 X:56 Y:75
27/02/2009 15:12:47 Transporto a Slazher hacia Mapa34 X:57 Y:73
27/02/2009 15:12:50 Tiro cantidad:10000 Objeto:Monedas de Oro
27/02/2009 15:12:50 Tiro cantidad:10000 Objeto:Monedas de Oro
27/02/2009 15:12:50 Tiro cantidad:10000 Objeto:Monedas de Oro
27/02/2009 15:12:50 Tiro cantidad:10000 Objeto:Monedas de Oro
27/02/2009 15:12:50 Tiro cantidad:10000 Objeto:Monedas de Oro
27/02/2009 15:12:50 Tiro cantidad:10000 Objeto:Monedas de Oro
27/02/2009 15:12:50 Tiro cantidad:10000 Objeto:Monedas de Oro
27/02/2009 15:12:50 Tiro cantidad:10000 Objeto:Monedas de Oro
27/02/2009 15:12:50 Tiro cantidad:10000 Objeto:Monedas de Oro
27/02/2009 15:12:50 Tiro cantidad:10000 Objeto:Monedas de Oro
27/02/2009 15:12:51 Agarro:10000 Objeto:Monedas de Oro
27/02/2009 15:12:52 Agarro:10000 Objeto:Monedas de Oro
27/02/2009 15:12:52 Agarro:10000 Objeto:Monedas de Oro
27/02/2009 15:12:53 Agarro:10000 Objeto:Monedas de Oro
27/02/2009 15:12:54 Agarro:10000 Objeto:Monedas de Oro
27/02/2009 15:12:54 Agarro:10000 Objeto:Monedas de Oro
27/02/2009 15:12:54 Agarro:10000 Objeto:Monedas de Oro
27/02/2009 15:12:54 Agarro:10000 Objeto:Monedas de Oro
27/02/2009 15:12:55 Agarro:10000 Objeto:Monedas de Oro
27/02/2009 15:12:55 Agarro:10000 Objeto:Monedas de Oro
05/03/2009 13:38:34 Se conecto con ip:127.0.0.1
05/03/2009 13:38:43 /lluvia
05/03/2009 13:38:48 Transporto a Slazher hacia Mapa34 X:49 Y:75
05/03/2009 13:38:49 Transporto a Slazher hacia Mapa34 X:48 Y:79
05/03/2009 13:38:50 Transporto a Slazher hacia Mapa34 X:46 Y:83
05/03/2009 13:38:52 Transporto a Slazher hacia Mapa34 X:40 Y:83
05/03/2009 13:38:54 Transporto a Slazher hacia Mapa34 X:40 Y:87
05/03/2009 13:43:33 Se conecto con ip:127.0.0.1
05/03/2009 13:43:36 Transporto a Slazher hacia Mapa34 X:43 Y:86
05/03/2009 13:43:37 Transporto a Slazher hacia Mapa34 X:45 Y:83
05/03/2009 13:43:40 Transporto a Slazher hacia Mapa34 X:44 Y:81
05/03/2009 13:43:40 Transporto a Slazher hacia Mapa34 X:41 Y:82
05/03/2009 13:43:43 Transporto a Slazher hacia Mapa34 X:38 Y:83
05/03/2009 13:43:44 Transporto a Slazher hacia Mapa34 X:35 Y:83
05/03/2009 13:43:44 Transporto a Slazher hacia Mapa34 X:33 Y:79
05/03/2009 13:43:45 Transporto a Slazher hacia Mapa34 X:33 Y:74
05/03/2009 13:43:46 Transporto a Slazher hacia Mapa34 X:35 Y:71
05/03/2009 13:43:55 Transporto a Slazher hacia Mapa34 X:34 Y:73
05/03/2009 13:43:56 Transporto a Slazher hacia Mapa34 X:32 Y:74
05/03/2009 13:43:57 Transporto a Slazher hacia Mapa34 X:29 Y:73
05/03/2009 13:44:00 Transporto a Slazher hacia Mapa34 X:28 Y:72
05/03/2009 13:44:01 Transporto a Slazher hacia Mapa34 X:26 Y:72
05/03/2009 13:44:01 Transporto a Slazher hacia Mapa34 X:24 Y:72
05/03/2009 13:44:02 Transporto a Slazher hacia Mapa34 X:30 Y:72
05/03/2009 13:44:11 Transporto a Slazher hacia Mapa34 X:34 Y:70
05/03/2009 13:44:11 Transporto a Slazher hacia Mapa34 X:36 Y:67
05/03/2009 13:44:12 Transporto a Slazher hacia Mapa34 X:41 Y:65
05/03/2009 13:44:12 Transporto a Slazher hacia Mapa34 X:47 Y:67
05/03/2009 13:44:13 Transporto a Slazher hacia Mapa34 X:47 Y:67
05/03/2009 13:44:15 Transporto a Slazher hacia Mapa34 X:53 Y:70
05/03/2009 13:44:15 Transporto a Slazher hacia Mapa34 X:58 Y:74
05/03/2009 13:44:15 Transporto a Slazher hacia Mapa34 X:63 Y:78
05/03/2009 13:44:16 Transporto a Slazher hacia Mapa34 X:65 Y:82
05/03/2009 13:44:16 Transporto a Slazher hacia Mapa34 X:61 Y:81
05/03/2009 13:44:22 Transporto a Slazher hacia Mapa34 X:60 Y:80
05/03/2009 13:44:24 Tiro cantidad:1 Objeto:Monedas de Oro
05/03/2009 13:44:26 Transporto a Slazher hacia Mapa34 X:59 Y:79
05/03/2009 13:44:26 Agarro:1 Objeto:Monedas de Oro
05/03/2009 13:52:18 Se conecto con ip:127.0.0.1
05/03/2009 13:52:25 Transporto a Slazher hacia Mapa34 X:57 Y:81
05/03/2009 13:52:28 Transporto a Slazher hacia Mapa34 X:56 Y:83
05/03/2009 13:52:28 Transporto a Slazher hacia Mapa34 X:55 Y:83
05/03/2009 13:52:28 Transporto a Slazher hacia Mapa34 X:54 Y:83
05/03/2009 13:52:28 Transporto a Slazher hacia Mapa34 X:54 Y:83
05/03/2009 13:52:28 Transporto a Slazher hacia Mapa34 X:52 Y:85
05/03/2009 13:52:29 Transporto a Slazher hacia Mapa34 X:53 Y:88
05/03/2009 13:52:30 Transporto a Slazher hacia Mapa34 X:56 Y:90
05/03/2009 13:52:34 Transporto a Slazher hacia Mapa34 X:59 Y:89
05/03/2009 13:52:34 Transporto a Slazher hacia Mapa34 X:60 Y:90
05/03/2009 13:52:34 Transporto a Slazher hacia Mapa34 X:60 Y:90
05/03/2009 13:52:34 Transporto a Slazher hacia Mapa34 X:60 Y:90
05/03/2009 13:52:34 Transporto a Slazher hacia Mapa34 X:64 Y:90
05/03/2009 13:52:34 Transporto a Slazher hacia Mapa34 X:68 Y:90
05/03/2009 13:52:35 Transporto a Slazher hacia Mapa34 X:72 Y:90
05/03/2009 13:52:35 Transporto a Slazher hacia Mapa34 X:76 Y:90
05/03/2009 13:52:36 Transporto a Slazher hacia Mapa34 X:80 Y:89
05/03/2009 13:52:37 Transporto a Slazher hacia Mapa34 X:83 Y:84
05/03/2009 13:52:37 Transporto a Slazher hacia Mapa34 X:83 Y:79
05/03/2009 13:52:45 Transporto a Slazher hacia Mapa34 X:82 Y:74
05/03/2009 15:28:25 Se conecto con ip:127.0.0.1
05/03/2009 15:29:17 Se conecto con ip:127.0.0.1
05/03/2009 15:29:21 Transporto a Slazher hacia Mapa34 X:83 Y:56
05/03/2009 15:29:23 Transporto a Slazher hacia Mapa34 X:82 Y:49
05/03/2009 15:29:24 Transporto a Slazher hacia Mapa34 X:81 Y:39
05/03/2009 15:29:25 Transporto a Slazher hacia Mapa34 X:80 Y:33
05/03/2009 15:29:26 Transporto a Slazher hacia Mapa34 X:78 Y:26
05/03/2009 15:29:27 Transporto a Slazher hacia Mapa34 X:75 Y:24
05/03/2009 15:29:27 Transporto a Slazher hacia Mapa34 X:73 Y:22
05/03/2009 15:29:28 Transporto a Slazher hacia Mapa34 X:71 Y:20
05/03/2009 15:29:29 Transporto a Slazher hacia Mapa34 X:63 Y:19
05/03/2009 15:29:34 /lluvia
05/03/2009 15:29:43 Hora.
05/03/2009 15:29:45 /INFO 
05/03/2009 15:30:15 Transporto a Slazher hacia Mapa34 X:54 Y:19
05/03/2009 15:30:15 Transporto a Slazher hacia Mapa34 X:50 Y:19
05/03/2009 15:30:16 Transporto a Slazher hacia Mapa34 X:45 Y:19
05/03/2009 15:30:17 Transporto a Slazher hacia Mapa34 X:41 Y:19
05/03/2009 15:30:19 Transporto a Slazher hacia Mapa34 X:44 Y:19
05/03/2009 15:30:20 Transporto a Slazher hacia Mapa34 X:49 Y:19
05/03/2009 15:30:21 Transporto a Slazher hacia Mapa34 X:51 Y:19
05/03/2009 15:34:07 Se conecto con ip:127.0.0.1
05/03/2009 15:34:10 Transporto a Slazher hacia Mapa34 X:44 Y:20
05/03/2009 15:34:11 Transporto a Slazher hacia Mapa34 X:41 Y:20
05/03/2009 15:34:12 Transporto a Slazher hacia Mapa34 X:38 Y:31
05/03/2009 15:34:13 Transporto a Slazher hacia Mapa34 X:36 Y:36
05/03/2009 15:34:13 Transporto a Slazher hacia Mapa34 X:37 Y:42
05/03/2009 15:34:14 Transporto a Slazher hacia Mapa34 X:37 Y:48
05/03/2009 15:34:14 Transporto a Slazher hacia Mapa34 X:42 Y:45
05/03/2009 15:34:20 /lluvia
05/03/2009 15:34:21 Transporto a Slazher hacia Mapa34 X:42 Y:44
05/03/2009 15:34:24 /lluviA
05/03/2009 15:34:41 /lluvia
05/03/2009 15:34:43 Transporto a Slazher hacia Mapa34 X:42 Y:42
05/03/2009 15:35:07 Transporto a Slazher hacia Mapa34 X:38 Y:42
05/03/2009 15:35:08 Transporto a Slazher hacia Mapa34 X:42 Y:42
05/03/2009 15:35:09 Transporto a Slazher hacia Mapa34 X:47 Y:42
05/03/2009 15:35:10 Transporto a Slazher hacia Mapa34 X:52 Y:42
05/03/2009 15:36:31 Se conecto con ip:127.0.0.1
06/03/2009 13:59:51 Se conecto con ip:127.0.0.1
06/03/2009 13:59:54 Transporto a Slazher hacia Mapa34 X:56 Y:43
06/03/2009 14:00:56 Se conecto con ip:127.0.0.1
06/03/2009 14:03:31 Se conecto con ip:127.0.0.1
06/03/2009 14:05:57 Se conecto con ip:127.0.0.1
07/03/2009 12:40:34 Se conecto con ip:127.0.0.1
07/03/2009 12:40:58 Transporto a Slazher hacia Mapa34 X:84 Y:64
07/03/2009 12:41:01 Transporto a Slazher hacia Mapa34 X:83 Y:82
07/03/2009 12:41:02 Transporto a Slazher hacia Mapa34 X:83 Y:92
07/03/2009 12:44:26 Se conecto con ip:127.0.0.1
07/03/2009 12:45:17 Se conecto con ip:127.0.0.1
07/03/2009 12:45:50 Se conecto con ip:127.0.0.1
07/03/2009 12:46:26 Se conecto con ip:127.0.0.1
07/03/2009 12:47:58 Se conecto con ip:127.0.0.1
07/03/2009 12:49:05 Se conecto con ip:127.0.0.1
07/03/2009 12:50:05 Se conecto con ip:127.0.0.1
07/03/2009 15:04:20 Se conecto con ip:127.0.0.1
07/03/2009 15:04:34 Se conecto con ip:127.0.0.1
07/03/2009 15:04:42 Transporto a Slazher hacia Mapa34 X:84 Y:30
08/03/2009 12:12:12 Se conecto con ip:127.0.0.1
08/03/2009 12:12:44 Transporto a Slazher hacia Mapa1 X:50 Y:50
08/03/2009 12:12:51 Transporto a Slazher hacia Mapa1 X:53 Y:52
08/03/2009 12:13:16 Transporto a Slazher hacia Mapa1 X:54 Y:56
08/03/2009 12:13:17 Transporto a Slazher hacia Mapa1 X:55 Y:61
08/03/2009 12:13:18 Transporto a Slazher hacia Mapa1 X:54 Y:64
08/03/2009 12:13:19 Transporto a Slazher hacia Mapa1 X:53 Y:61
08/03/2009 12:13:19 Transporto a Slazher hacia Mapa1 X:55 Y:58
08/03/2009 12:13:19 Transporto a Slazher hacia Mapa1 X:57 Y:55
08/03/2009 12:13:20 Transporto a Slazher hacia Mapa1 X:57 Y:52
08/03/2009 12:13:20 Transporto a Slazher hacia Mapa1 X:60 Y:50
08/03/2009 12:13:21 Transporto a Slazher hacia Mapa1 X:59 Y:46
08/03/2009 12:13:22 Transporto a Slazher hacia Mapa1 X:59 Y:43
09/03/2009 20:13:04 Se conecto con ip:127.0.0.1
09/03/2009 20:13:15 Transporto a Slazher hacia Mapa1 X:52 Y:54
09/03/2009 20:14:30 Se conecto con ip:127.0.0.1
09/03/2009 20:15:27 Se conecto con ip:127.0.0.1
09/03/2009 20:16:40 Se conecto con ip:127.0.0.1
09/03/2009 20:17:03 Transporto a Slazher hacia Mapa1 X:33 Y:28
09/03/2009 20:17:05 Transporto a Slazher hacia Mapa1 X:31 Y:25
09/03/2009 20:17:17 /lluvia
09/03/2009 20:17:18 Transporto a Slazher hacia Mapa5 X:37 Y:75
09/03/2009 20:17:18 Transporto a Slazher hacia Mapa5 X:42 Y:73
09/03/2009 20:17:19 Transporto a Slazher hacia Mapa5 X:50 Y:70
09/03/2009 20:17:22 /lluvia
10/03/2009 12:33:25 Se conecto con ip:127.0.0.1
10/03/2009 12:33:30 Transporto a Slazher hacia Mapa5 X:55 Y:76
10/03/2009 12:33:35 Transporto a Slazher hacia Mapa5 X:67 Y:79
10/03/2009 12:33:36 Transporto a Slazher hacia Mapa5 X:68 Y:82
10/03/2009 12:33:37 Transporto a Slazher hacia Mapa5 X:69 Y:86
10/03/2009 12:33:37 Transporto a Slazher hacia Mapa5 X:70 Y:90
10/03/2009 12:33:38 Transporto a Slazher hacia Mapa5 X:73 Y:93
10/03/2009 12:33:58 Mensaje a Gms:Hola
10/03/2009 12:33:59 Transporto a Slazher hacia Mapa5 X:60 Y:92
10/03/2009 12:33:59 Transporto a Slazher hacia Mapa5 X:56 Y:91
10/03/2009 12:33:59 Transporto a Slazher hacia Mapa5 X:52 Y:91
10/03/2009 12:34:01 Transporto a Slazher hacia Mapa1 X:51 Y:14
10/03/2009 12:34:01 Transporto a Slazher hacia Mapa1 X:51 Y:18
10/03/2009 12:34:02 Transporto a Slazher hacia Mapa1 X:49 Y:22
10/03/2009 12:34:02 Transporto a Slazher hacia Mapa1 X:47 Y:26
10/03/2009 12:34:03 Transporto a Slazher hacia Mapa1 X:44 Y:30
10/03/2009 12:34:03 Transporto a Slazher hacia Mapa1 X:42 Y:34
10/03/2009 12:34:03 Transporto a Slazher hacia Mapa1 X:42 Y:38
10/03/2009 12:34:03 Transporto a Slazher hacia Mapa1 X:42 Y:43
10/03/2009 12:34:05 Transporto a Slazher hacia Mapa1 X:49 Y:47
10/03/2009 12:34:05 Transporto a Slazher hacia Mapa1 X:55 Y:49
10/03/2009 12:34:05 Transporto a Slazher hacia Mapa1 X:61 Y:51
10/03/2009 12:34:05 Transporto a Slazher hacia Mapa1 X:67 Y:53
12/03/2009 13:14:20 Se conecto con ip:127.0.0.1
12/03/2009 13:14:26 Transporto a Slazher hacia Mapa1 X:50 Y:53
12/03/2009 13:14:27 Transporto a Slazher hacia Mapa1 X:42 Y:55
12/03/2009 13:14:28 Transporto a Slazher hacia Mapa1 X:35 Y:56
12/03/2009 13:14:29 Transporto a Slazher hacia Mapa1 X:29 Y:57
12/03/2009 13:14:30 Transporto a Slazher hacia Mapa1 X:33 Y:59
12/03/2009 13:14:31 Transporto a Slazher hacia Mapa1 X:38 Y:61
12/03/2009 13:14:31 Transporto a Slazher hacia Mapa1 X:44 Y:63
12/03/2009 13:14:32 Transporto a Slazher hacia Mapa1 X:50 Y:65
12/03/2009 13:14:32 Transporto a Slazher hacia Mapa1 X:56 Y:66
12/03/2009 13:14:33 Transporto a Slazher hacia Mapa1 X:62 Y:66
12/03/2009 13:14:34 Transporto a Slazher hacia Mapa1 X:67 Y:63
12/03/2009 13:14:34 Transporto a Slazher hacia Mapa1 X:72 Y:60
12/03/2009 13:14:34 Transporto a Slazher hacia Mapa1 X:77 Y:57
12/03/2009 13:14:35 Transporto a Slazher hacia Mapa1 X:80 Y:53
12/03/2009 13:14:35 Transporto a Slazher hacia Mapa1 X:79 Y:49
12/03/2009 13:14:35 Transporto a Slazher hacia Mapa1 X:76 Y:45
12/03/2009 13:14:36 Transporto a Slazher hacia Mapa1 X:75 Y:41
12/03/2009 13:14:36 Transporto a Slazher hacia Mapa1 X:74 Y:37
12/03/2009 13:14:38 Transporto a Slazher hacia Mapa1 X:79 Y:35
12/03/2009 13:22:40 Se conecto con ip:127.0.0.1
12/03/2009 13:22:43 Transporto a Slazher hacia Mapa1 X:81 Y:41
12/03/2009 13:22:44 Transporto a Slazher hacia Mapa1 X:72 Y:43
12/03/2009 13:22:45 Transporto a Slazher hacia Mapa1 X:65 Y:46
12/03/2009 13:22:46 Transporto a Slazher hacia Mapa1 X:59 Y:46
12/03/2009 13:22:46 Transporto a Slazher hacia Mapa1 X:53 Y:46
12/03/2009 13:22:47 Transporto a Slazher hacia Mapa1 X:52 Y:51
12/03/2009 13:22:48 Transporto a Slazher hacia Mapa1 X:51 Y:55
12/03/2009 13:22:48 Transporto a Slazher hacia Mapa1 X:52 Y:59
12/03/2009 13:22:54 Transporto a Slazher hacia Mapa1 X:54 Y:72
12/03/2009 13:23:04 /MATA NPC SIN INICIAR
18/03/2009 12:44:53 Se conecto con ip:127.0.0.1
18/03/2009 12:45:18 Transporto a Slazher hacia Mapa1 X:73 Y:51
18/03/2009 12:45:18 Transporto a Slazher hacia Mapa1 X:66 Y:50
18/03/2009 12:45:19 Transporto a Slazher hacia Mapa1 X:60 Y:49
18/03/2009 12:45:19 Transporto a Slazher hacia Mapa1 X:54 Y:47
18/03/2009 12:45:19 Transporto a Slazher hacia Mapa1 X:49 Y:45
18/03/2009 12:45:20 Transporto a Slazher hacia Mapa1 X:46 Y:42
18/03/2009 12:45:21 Transporto a Slazher hacia Mapa1 X:42 Y:38
18/03/2009 12:45:22 Transporto a Slazher hacia Mapa1 X:37 Y:34
18/03/2009 12:45:22 Transporto a Slazher hacia Mapa1 X:32 Y:30
18/03/2009 12:45:23 Transporto a Slazher hacia Mapa1 X:29 Y:25
18/03/2009 12:45:24 Transporto a Slazher hacia Mapa1 X:29 Y:20
18/03/2009 12:45:53 Transporto a Slazher hacia Mapa1 X:32 Y:24
18/03/2009 12:45:54 Transporto a Slazher hacia Mapa1 X:33 Y:31
18/03/2009 12:45:55 Transporto a Slazher hacia Mapa1 X:34 Y:35
18/03/2009 12:46:07 Transporto a Slazher hacia Mapa1 X:58 Y:45
18/03/2009 12:46:07 Transporto a Slazher hacia Mapa1 X:63 Y:47
18/03/2009 12:46:14 Transporto a Slazher hacia Mapa1 X:63 Y:62
18/03/2009 12:46:26 Transporto a Slazher hacia Mapa58 X:50 Y:50
18/03/2009 12:46:27 Transporto a Slazher hacia Mapa58 X:54 Y:52
18/03/2009 12:46:27 Transporto a Slazher hacia Mapa58 X:55 Y:48
18/03/2009 12:46:28 Transporto a Slazher hacia Mapa58 X:56 Y:44
18/03/2009 12:46:28 Transporto a Slazher hacia Mapa58 X:55 Y:40
18/03/2009 12:46:28 Transporto a Slazher hacia Mapa58 X:53 Y:36
18/03/2009 12:46:29 Transporto a Slazher hacia Mapa58 X:51 Y:32
18/03/2009 12:46:29 Transporto a Slazher hacia Mapa58 X:49 Y:28
18/03/2009 12:46:30 Transporto a Slazher hacia Mapa58 X:47 Y:24
18/03/2009 12:46:30 Transporto a Slazher hacia Mapa58 X:45 Y:17
18/03/2009 12:46:34 Transporto a Slazher hacia Mapa59 X:48 Y:87
18/03/2009 12:46:34 Transporto a Slazher hacia Mapa59 X:55 Y:83
18/03/2009 12:46:35 Transporto a Slazher hacia Mapa59 X:62 Y:79
18/03/2009 12:46:36 Transporto a Slazher hacia Mapa59 X:69 Y:79
18/03/2009 12:46:37 Transporto a Slazher hacia Mapa59 X:81 Y:78
18/03/2009 12:46:39 Transporto a Slazher hacia Mapa59 X:89 Y:84
18/03/2009 12:46:40 Transporto a Slazher hacia Mapa59 X:85 Y:76
18/03/2009 12:46:41 Transporto a Slazher hacia Mapa59 X:80 Y:71
18/03/2009 12:46:43 Transporto a Slazher hacia Mapa59 X:88 Y:64
18/03/2009 12:47:04 SLAZHER ORO 100000
18/03/2009 12:47:32 SLAZHER SKILLS 100
18/03/2009 12:47:34 Transporto a Slazher hacia Mapa59 X:81 Y:60
18/03/2009 12:47:35 Transporto a Slazher hacia Mapa59 X:76 Y:59
18/03/2009 12:47:51 Transporto a Slazher hacia Mapa59 X:53 Y:44
18/03/2009 12:47:52 Transporto a Slazher hacia Mapa59 X:52 Y:44
18/03/2009 12:47:56 Transporto a Slazher hacia Mapa59 X:56 Y:40
18/03/2009 12:47:56 Transporto a Slazher hacia Mapa59 X:60 Y:36
18/03/2009 12:48:00 Transporto a Slazher hacia Mapa59 X:64 Y:32
18/03/2009 12:48:00 Transporto a Slazher hacia Mapa59 X:68 Y:28
18/03/2009 12:48:03 Transporto a Slazher hacia Mapa59 X:74 Y:27
18/03/2009 12:48:04 Transporto a Slazher hacia Mapa59 X:79 Y:27
18/03/2009 12:48:04 Transporto a Slazher hacia Mapa59 X:84 Y:27
21/03/2009 18:05:38 Se conecto con ip:127.0.0.1
21/03/2009 18:05:50 Transporto a Slazher hacia Mapa1 X:25 Y:25
21/03/2009 18:05:54 Transporto a Slazher hacia Mapa1 X:28 Y:27
21/03/2009 18:06:00 Transporto a Slazher hacia Mapa1 X:32 Y:29
21/03/2009 18:06:01 Transporto a Slazher hacia Mapa1 X:36 Y:31
21/03/2009 18:06:01 Transporto a Slazher hacia Mapa1 X:38 Y:35
21/03/2009 18:06:02 Transporto a Slazher hacia Mapa1 X:40 Y:39
21/03/2009 18:06:02 Transporto a Slazher hacia Mapa1 X:42 Y:43
21/03/2009 18:06:03 Transporto a Slazher hacia Mapa1 X:45 Y:47
21/03/2009 18:06:04 Transporto a Slazher hacia Mapa1 X:50 Y:50
21/03/2009 18:06:07 Transporto a Slazher hacia Mapa1 X:45 Y:47
21/03/2009 18:06:11 Transporto a Slazher hacia Mapa1 X:50 Y:51
21/03/2009 18:06:13 Transporto a Slazher hacia Mapa1 X:48 Y:50
21/03/2009 18:06:14 Transporto a Slazher hacia Mapa1 X:45 Y:46
21/03/2009 18:06:16 Transporto a Slazher hacia Mapa1 X:45 Y:46
21/03/2009 18:06:17 Transporto a Slazher hacia Mapa1 X:45 Y:47
21/03/2009 18:06:37 Transporto a Slazher hacia Mapa1 X:44 Y:47
21/03/2009 18:06:39 Transporto a Slazher hacia Mapa1 X:45 Y:46
21/03/2009 18:06:40 Transporto a Slazher hacia Mapa1 X:45 Y:46
21/03/2009 18:06:41 Transporto a Slazher hacia Mapa1 X:45 Y:47
21/03/2009 18:06:45 Transporto a Slazher hacia Mapa1 X:45 Y:46
21/03/2009 18:06:46 Transporto a Slazher hacia Mapa1 X:45 Y:45
21/03/2009 18:06:47 Transporto a Slazher hacia Mapa1 X:45 Y:47
21/03/2009 18:06:48 Transporto a Slazher hacia Mapa1 X:45 Y:45
21/03/2009 18:06:49 Transporto a Slazher hacia Mapa1 X:45 Y:44
21/03/2009 18:06:52 Transporto a Slazher hacia Mapa1 X:45 Y:46
21/03/2009 18:06:53 Transporto a Slazher hacia Mapa1 X:45 Y:46
21/03/2009 18:06:54 Transporto a Slazher hacia Mapa1 X:45 Y:45
21/03/2009 18:06:55 Transporto a Slazher hacia Mapa1 X:44 Y:46
21/03/2009 18:06:56 Transporto a Slazher hacia Mapa1 X:44 Y:46
21/03/2009 18:06:57 Transporto a Slazher hacia Mapa1 X:44 Y:45
21/03/2009 18:07:11 Transporto a Slazher hacia Mapa1 X:45 Y:46
21/03/2009 18:07:12 Transporto a Slazher hacia Mapa1 X:45 Y:46
21/03/2009 18:07:13 Transporto a Slazher hacia Mapa1 X:45 Y:46
21/03/2009 18:07:14 Transporto a Slazher hacia Mapa1 X:45 Y:46
21/03/2009 18:07:14 Transporto a Slazher hacia Mapa1 X:45 Y:47
21/03/2009 18:07:25 Transporto a Slazher hacia Mapa1 X:50 Y:52
21/03/2009 18:07:25 Transporto a Slazher hacia Mapa1 X:54 Y:56
21/03/2009 18:07:26 Transporto a Slazher hacia Mapa1 X:58 Y:59
21/03/2009 18:07:27 Transporto a Slazher hacia Mapa1 X:57 Y:64
21/03/2009 18:07:27 Transporto a Slazher hacia Mapa1 X:55 Y:69
21/03/2009 18:07:28 Transporto a Slazher hacia Mapa1 X:51 Y:72
21/03/2009 18:07:40 Transporto a Slazher hacia Mapa1 X:52 Y:70
21/03/2009 18:07:41 Transporto a Slazher hacia Mapa1 X:54 Y:68
21/03/2009 18:07:41 Transporto a Slazher hacia Mapa1 X:53 Y:65
21/03/2009 18:07:42 Transporto a Slazher hacia Mapa1 X:51 Y:62
21/03/2009 18:07:42 Transporto a Slazher hacia Mapa1 X:46 Y:62
21/03/2009 18:07:45 Transporto a Slazher hacia Mapa1 X:53 Y:69
21/03/2009 18:07:45 Transporto a Slazher hacia Mapa1 X:56 Y:76
21/03/2009 18:07:46 Transporto a Slazher hacia Mapa1 X:57 Y:82
21/03/2009 18:07:46 Transporto a Slazher hacia Mapa1 X:64 Y:83
21/03/2009 18:07:47 Transporto a Slazher hacia Mapa1 X:68 Y:82
21/03/2009 18:07:47 Transporto a Slazher hacia Mapa1 X:66 Y:80
21/03/2009 18:07:48 Transporto a Slazher hacia Mapa1 X:63 Y:80
21/03/2009 18:07:48 Transporto a Slazher hacia Mapa1 X:58 Y:78
21/03/2009 18:07:49 Transporto a Slazher hacia Mapa1 X:54 Y:73
21/03/2009 18:07:52 Transporto a Slazher hacia Mapa1 X:47 Y:63
21/03/2009 18:08:02 Transporto a Slazher hacia Mapa1 X:51 Y:61
21/03/2009 18:08:02 Transporto a Slazher hacia Mapa1 X:55 Y:59
21/03/2009 18:08:03 Transporto a Slazher hacia Mapa1 X:54 Y:58
21/03/2009 18:08:03 Transporto a Slazher hacia Mapa1 X:50 Y:61
21/03/2009 18:08:05 Transporto a Slazher hacia Mapa1 X:52 Y:60
21/03/2009 18:08:05 Transporto a Slazher hacia Mapa1 X:54 Y:60
21/03/2009 18:08:06 Transporto a Slazher hacia Mapa1 X:58 Y:60
21/03/2009 18:08:16 Transporto a Slazher hacia Mapa1 X:51 Y:41
21/03/2009 18:08:17 Transporto a Slazher hacia Mapa1 X:52 Y:36
21/03/2009 18:08:17 Transporto a Slazher hacia Mapa1 X:55 Y:33
21/03/2009 18:08:18 Transporto a Slazher hacia Mapa1 X:60 Y:33
21/03/2009 18:08:29 Transporto a Slazher hacia Mapa25 X:25 Y:25
21/03/2009 18:08:31 Transporto a Slazher hacia Mapa25 X:29 Y:22
21/03/2009 18:08:32 Transporto a Slazher hacia Mapa25 X:34 Y:25
21/03/2009 18:08:32 Transporto a Slazher hacia Mapa25 X:39 Y:28
21/03/2009 18:08:33 Transporto a Slazher hacia Mapa25 X:41 Y:33
21/03/2009 18:08:33 Transporto a Slazher hacia Mapa25 X:35 Y:37
21/03/2009 18:08:34 Transporto a Slazher hacia Mapa25 X:28 Y:41
21/03/2009 18:08:34 Transporto a Slazher hacia Mapa25 X:23 Y:46
21/03/2009 18:08:34 Transporto a Slazher hacia Mapa25 X:15 Y:48
21/03/2009 18:08:35 Transporto a Slazher hacia Mapa25 X:9 Y:54
21/03/2009 18:08:35 Transporto a Slazher hacia Mapa3 X:89 Y:59
21/03/2009 18:08:41 Transporto a Slazher hacia Mapa25 X:16 Y:46
21/03/2009 18:08:42 Transporto a Slazher hacia Mapa25 X:22 Y:47
21/03/2009 18:08:42 Transporto a Slazher hacia Mapa25 X:26 Y:45
21/03/2009 18:08:43 Transporto a Slazher hacia Mapa25 X:31 Y:44
21/03/2009 18:08:43 Transporto a Slazher hacia Mapa25 X:36 Y:42
21/03/2009 18:08:44 Transporto a Slazher hacia Mapa25 X:42 Y:43
21/03/2009 18:08:44 Transporto a Slazher hacia Mapa25 X:48 Y:47
21/03/2009 18:08:45 Transporto a Slazher hacia Mapa25 X:49 Y:46
21/03/2009 18:08:45 Transporto a Slazher hacia Mapa25 X:52 Y:43
21/03/2009 18:08:46 Transporto a Slazher hacia Mapa25 X:58 Y:40
21/03/2009 18:08:47 Transporto a Slazher hacia Mapa25 X:61 Y:35
21/03/2009 18:08:47 Transporto a Slazher hacia Mapa25 X:62 Y:32
21/03/2009 18:08:48 Transporto a Slazher hacia Mapa25 X:59 Y:29
21/03/2009 18:08:48 Transporto a Slazher hacia Mapa25 X:53 Y:26
21/03/2009 18:08:49 Transporto a Slazher hacia Mapa25 X:46 Y:23
21/03/2009 18:08:49 Transporto a Slazher hacia Mapa25 X:41 Y:20
21/03/2009 18:08:49 Transporto a Slazher hacia Mapa25 X:35 Y:19
21/03/2009 18:08:50 Transporto a Slazher hacia Mapa25 X:30 Y:21
21/03/2009 18:08:50 Transporto a Slazher hacia Mapa25 X:28 Y:26
21/03/2009 18:18:37 Se conecto con ip:127.0.0.1
21/03/2009 18:18:44 Transporto a Slazher hacia Mapa1 X:50 Y:50
21/03/2009 18:18:58 Se conecto con ip:127.0.0.1
21/03/2009 18:19:01 Transporto a Slazher hacia Mapa1 X:55 Y:47
21/03/2009 18:19:41 Se conecto con ip:127.0.0.1
